<?xml version="1.0" encoding="utf-8"?><testsuites name="pytest tests"><testsuite name="pytest" errors="0" failures="0" skipped="0" tests="15" time="16.797" timestamp="2026-04-05T01:14:37.220282+02:00" hostname="Hollywood"><testcase classname="tests.test_improvement_routes" name="test_variant_creation_with_parent_lineage" time="0.418" /><testcase classname="tests.test_improvement_routes" name="test_variant_creation_and_lineage" time="0.271" /><testcase classname="tests.test_improvement_routes" name="test_sandbox_execution_evaluation_and_recommendation_package" time="1.192" /><testcase classname="tests.test_improvement_routes" name="test_improvement_retrieval_paths_materially_affect_review_bundle_and_stored_evidence" time="4.406" /><testcase classname="tests.test_improvement_routes" name="test_improvement_experiment_reflects_empty_retrieval_in_trace_and_review_summary" time="2.269" /><testcase classname="tests.test_improvement_routes" name="test_improvement_recommendation_suffix_drops_when_transcript_helper_bypassed" time="2.288" /><testcase classname="tests.test_improvement_routes" name="test_apply_improvement_recommendation_decision_flow" time="0.178" /><testcase classname="tests.test_improvement_routes" name="test_improvement_recommendation_decision_http_route" time="0.265" /><testcase classname="tests.test_improvement_routes" name="test_governance_accessibility_lists_recommendation_packages" time="0.824" /><testcase classname="tests.test_improvement_routes" name="test_improvement_experiment_reuses_cached_rag_stack" time="1.466" /><testcase classname="tests.test_improvement_routes" name="test_improvement_route_surfaces_capability_failures_honestly" time="2.369" /><testcase classname="tests.test_improvement_routes" name="test_sandbox_turn_uses_semantic_interpretation" time="0.071" /><testcase classname="tests.test_improvement_routes" name="test_sandbox_turn_action_input_is_classified_correctly" time="0.066" /><testcase classname="tests.test_improvement_routes" name="test_evaluate_experiment_builds_comparison_package_and_rationale" time="0.073" /><testcase classname="tests.test_improvement_routes" name="test_sandbox_experiment_evaluation_uses_interpretation_signals" time="0.196" /></testsuite></testsuites>