<?xml version="1.0" encoding="utf-8"?><testsuites name="pytest tests"><testsuite name="pytest" errors="0" failures="0" skipped="0" tests="15" time="18.825" timestamp="2026-04-05T00:58:20.696221+02:00" hostname="Hollywood"><testcase classname="tests.test_writers_room_routes" name="test_writers_room_review_requires_jwt" time="0.189" /><testcase classname="tests.test_writers_room_routes" name="test_writers_room_unified_review_calls_context_retriever_once" time="2.609" /><testcase classname="tests.test_writers_room_routes" name="test_writers_room_review_runs_unified_stack_flow" time="1.518" /><testcase classname="tests.test_writers_room_routes" name="test_writers_room_patch_candidates_have_preview_summary_and_confidence" time="0.552" /><testcase classname="tests.test_writers_room_routes" name="test_proposal_package_langchain_preview_paths_materialized" time="1.413" /><testcase classname="tests.test_writers_room_routes" name="test_revision_submit_preserves_prior_snapshot_and_refreshes_artifacts" time="2.601" /><testcase classname="tests.test_writers_room_routes" name="test_revision_submit_rejected_when_not_pending_revision" time="0.663" /><testcase classname="tests.test_writers_room_routes" name="test_writers_room_review_state_transition_and_fetch" time="0.553" /><testcase classname="tests.test_writers_room_routes" name="test_writers_room_retrieval_sources_materially_change_proposal_artifacts" time="2.541" /><testcase classname="tests.test_writers_room_routes" name="test_writers_room_review_bundle_tool_output_in_review_summary" time="2.621" /><testcase classname="tests.test_writers_room_routes" name="test_writers_room_revise_then_accept_hitl_loop" time="0.760" /><testcase classname="tests.test_writers_room_routes" name="test_writers_room_invalid_decision_rejected[]" time="0.520" /><testcase classname="tests.test_writers_room_routes" name="test_writers_room_invalid_decision_rejected[maybe]" time="0.548" /><testcase classname="tests.test_writers_room_routes" name="test_writers_room_invalid_decision_rejected[approve]" time="0.531" /><testcase classname="tests.test_writers_room_routes" name="test_writers_room_cannot_finalize_twice" time="0.714" /></testsuite></testsuites>