<?xml version="1.0" encoding="utf-8"?><testsuites name="pytest tests"><testsuite name="pytest" errors="21" failures="142" skipped="13" tests="1854" time="517.745" timestamp="2026-03-24T11:22:57.040338+01:00" hostname="Hollywood"><testcase classname="tests.test_account_lockout.TestAccountLockoutMechanism" name="test_initial_failed_login_attempts_zero" time="0.353" /><testcase classname="tests.test_account_lockout.TestAccountLockoutMechanism" name="test_failed_login_increments_counter" time="0.282" /><testcase classname="tests.test_account_lockout.TestAccountLockoutMechanism" name="test_failed_login_increments_to_5" time="0.583" /><testcase classname="tests.test_account_lockout.TestAccountLockoutMechanism" name="test_account_locked_after_5_failures" time="0.589" /><testcase classname="tests.test_account_lockout.TestAccountLockoutMechanism" name="test_6th_login_attempt_returns_429_locked" time="0.591" /><testcase classname="tests.test_account_lockout.TestAccountLockoutMechanism" name="test_successful_login_resets_counter" time="0.430" /><testcase classname="tests.test_account_lockout.TestAccountLockoutMechanism" name="test_successful_login_after_unlock_timeout" time="0.677" /><testcase classname="tests.test_account_lockout.TestAccountLockoutMechanism" name="test_locked_account_blocked_before_password_check" time="0.184" /><testcase classname="tests.test_account_lockout.TestAccountLockoutMechanism" name="test_unknown_username_no_counter_increment" time="0.107" /><testcase classname="tests.test_account_lockout.TestAccountLockoutMechanism" name="test_multiple_consecutive_locks" time="1.078" /><testcase classname="tests.test_account_lockout.TestAccountLockoutMechanism" name="test_lockout_activity_logging" time="0.589" /><testcase classname="tests.test_activity_log_sql_injection.TestActivityLogSQLInjectionProtection" name="test_sql_injection_user_filter_quote_escape" time="0.266" /><testcase classname="tests.test_activity_log_sql_injection.TestActivityLogSQLInjectionProtection" name="test_sql_injection_action_filter_double_quote" time="0.096" /><testcase classname="tests.test_activity_log_sql_injection.TestActivityLogSQLInjectionProtection" name="test_sql_injection_category_filter_union" time="0.101" /><testcase classname="tests.test_activity_log_sql_injection.TestActivityLogSQLInjectionProtection" name="test_sql_injection_date_range_integer_injection" time="0.097" /><testcase classname="tests.test_activity_log_sql_injection.TestActivityLogSQLInjectionProtection" name="test_sql_injection_date_to_boundary_check" time="0.099" /><testcase classname="tests.test_activity_log_sql_injection.TestActivityLogSQLInjectionProtection" name="test_sql_injection_chained_filters_no_concatenation" time="0.096" /><testcase classname="tests.test_activity_log_sql_injection.TestActivityLogSQLInjectionProtection" name="test_sql_injection_like_operator_with_wildcards" time="0.099" /><testcase classname="tests.test_activity_log_sql_injection.TestActivityLogSQLInjectionProtection" name="test_sql_injection_percent_sign_in_search" time="0.099" /><testcase classname="tests.test_activity_log_sql_injection.TestActivityLogSQLInjectionProtection" name="test_sql_injection_null_byte_injection" time="0.216" /><testcase classname="tests.test_activity_log_sql_injection.TestActivityLogSQLInjectionProtection" name="test_sql_injection_stacked_queries" time="0.097" /><testcase classname="tests.test_activity_log_sql_injection.TestActivityLogSQLInjectionProtection" name="test_sql_injection_time_based_blind" time="0.093" /><testcase classname="tests.test_activity_log_sql_injection.TestActivityLogSQLInjectionProtection" name="test_sql_injection_comment_based_evasion" time="0.096" /><testcase classname="tests.test_activity_log_sql_injection.TestActivityLogSQLInjectionProtection" name="test_owasp_top10_sql_injection_example" time="0.095" /><testcase classname="tests.test_activity_log_sql_injection.TestActivityLogSQLInjectionProtection" name="test_parameterized_query_verification" time="0.107" /><testcase classname="tests.test_admin_logs" name="test_registered_user_has_role_user" time="0.201" /><testcase classname="tests.test_admin_logs" name="test_user_role_helpers" time="0.330" /><testcase classname="tests.test_admin_logs" name="test_admin_logs_api_without_token_returns_401" time="0.095" /><testcase classname="tests.test_admin_logs" name="test_admin_logs_api_non_admin_returns_403" time="0.266" /><testcase classname="tests.test_admin_logs" name="test_admin_logs_api_admin_returns_200_and_structure" time="0.272" /><testcase classname="tests.test_admin_logs" name="test_admin_logs_api_filters" time="0.271" /><testcase classname="tests.test_admin_logs" name="test_activity_log_created_on_login" time="0.258" /><testcase classname="tests.test_admin_logs" name="test_dashboard_api_logs_non_admin_redirected" time="0.264" /><testcase classname="tests.test_admin_logs" name="test_dashboard_api_logs_admin_returns_json" time="0.261" /><testcase classname="tests.test_admin_logs" name="test_csv_export_admin_returns_csv" time="0.269" /><testcase classname="tests.test_admin_logs" name="test_csv_export_non_admin_returns_403" time="0.264" /><testcase classname="tests.test_admin_security.TestIPWhitelistCheck" name="test_ip_whitelist_disabled_allows_all" time="0.089" /><testcase classname="tests.test_admin_security.TestIPWhitelistCheck" name="test_ip_whitelist_enabled_blocks_unauthorized" time="0.244" /><testcase classname="tests.test_admin_security.TestIPWhitelistIntegration" name="test_ip_whitelist_config" time="0.089" /><testcase classname="tests.test_admin_security.TestRoleLevelVerification" name="test_super_admin_role_level_constant" time="0.000" /><testcase classname="tests.test_admin_security.TestRoleLevelVerification" name="test_require_super_admin_config" time="0.000" /><testcase classname="tests.test_admin_security.TestTwoFactorVerification" name="test_2fa_not_required_when_attribute_missing" time="0.174" /><testcase classname="tests.test_admin_security.TestTwoFactorVerification" name="test_2fa_verification_logic" time="0.168" /><testcase classname="tests.test_admin_security.TestPerAdminRateLimiting" name="test_rate_limit_config_created" time="0.000" /><testcase classname="tests.test_admin_security.TestPerAdminRateLimiting" name="test_default_rate_limit" time="0.000" /><testcase classname="tests.test_admin_security.TestPerAdminRateLimiting" name="test_rate_limit_disabled" time="0.000" /><testcase classname="tests.test_admin_security.TestAuditLogging" name="test_audit_logging_configuration" time="0.000" /><testcase classname="tests.test_admin_security.TestAuditLogging" name="test_audit_logging_functions_exist" time="0.000" /><testcase classname="tests.test_admin_security.TestAttackScenarios" name="test_ip_whitelist_functionality" time="0.090" /><testcase classname="tests.test_admin_security.TestAttackScenarios" name="test_security_config_immutability" time="0.000" /><testcase classname="tests.test_admin_security.TestAttackScenarios" name="test_client_ip_extraction" time="0.089" /><testcase classname="tests.test_admin_security.TestSensitiveOperations" name="test_sensitive_operation_config" time="0.000" /><testcase classname="tests.test_admin_security.TestSensitiveOperations" name="test_user_deletion_requires_2fa" time="0.093" /><testcase classname="tests.test_analytics_api.TestAnalyticsSummary" name="test_admin_can_access_analytics_summary" time="0.267" /><testcase classname="tests.test_analytics_api.TestAnalyticsSummary" name="test_analytics_summary_includes_user_counts" time="0.349" /><testcase classname="tests.test_analytics_api.TestAnalyticsSummary" name="test_analytics_summary_includes_report_queue" time="0.264" /><testcase classname="tests.test_analytics_api.TestAnalyticsSummary" name="test_non_admin_cannot_access_analytics_summary" time="0.264" /><testcase classname="tests.test_analytics_api.TestAnalyticsSummary" name="test_unauthenticated_cannot_access_analytics_summary" time="0.093" /><testcase classname="tests.test_analytics_api.TestAnalyticsSummary" name="test_analytics_summary_with_date_range" time="0.270" /><testcase classname="tests.test_analytics_api.TestAnalyticsTimeline" name="test_admin_can_access_analytics_timeline" time="0.267" /><testcase classname="tests.test_analytics_api.TestAnalyticsTimeline" name="test_moderator_can_access_analytics_timeline" time="0.267" /><testcase classname="tests.test_analytics_api.TestAnalyticsTimeline" name="test_timeline_includes_multiple_metrics" time="0.270" /><testcase classname="tests.test_analytics_api.TestAnalyticsTimeline" name="test_timeline_filters_by_metric" time="0.268" /><testcase classname="tests.test_analytics_api.TestAnalyticsTimeline" name="test_non_admin_non_moderator_cannot_access_timeline" time="0.260" /><testcase classname="tests.test_analytics_api.TestAnalyticsUsers" name="test_admin_can_access_analytics_users" time="0.264" /><testcase classname="tests.test_analytics_api.TestAnalyticsUsers" name="test_analytics_users_includes_role_distribution" time="0.479" /><testcase classname="tests.test_analytics_api.TestAnalyticsUsers" name="test_analytics_users_respects_limit" time="0.266" /><testcase classname="tests.test_analytics_api.TestAnalyticsUsers" name="test_non_admin_cannot_access_analytics_users" time="0.267" /><testcase classname="tests.test_analytics_api.TestAnalyticsContent" name="test_admin_can_access_analytics_content" time="0.270" /><testcase classname="tests.test_analytics_api.TestAnalyticsContent" name="test_moderator_can_access_analytics_content" time="0.268" /><testcase classname="tests.test_analytics_api.TestAnalyticsContent" name="test_analytics_content_includes_freshness" time="0.270" /><testcase classname="tests.test_analytics_api.TestAnalyticsContent" name="test_non_admin_non_moderator_cannot_access_content" time="0.265" /><testcase classname="tests.test_analytics_api.TestAnalyticsModeration" name="test_admin_can_access_analytics_moderation" time="0.271" /><testcase classname="tests.test_analytics_api.TestAnalyticsModeration" name="test_moderator_can_access_analytics_moderation" time="0.272" /><testcase classname="tests.test_analytics_api.TestAnalyticsModeration" name="test_analytics_moderation_includes_queue_status" time="0.265" /><testcase classname="tests.test_analytics_api.TestAnalyticsModeration" name="test_non_admin_non_moderator_cannot_access_moderation" time="0.268" /><testcase classname="tests.test_analytics_api.TestAnalyticsModeration" name="test_analytics_moderation_with_date_range" time="0.274" /><testcase classname="tests.test_analytics_api.TestAnalyticsPerformance" name="test_analytics_endpoints_return_json" time="0.281" /><testcase classname="tests.test_analytics_api.TestAnalyticsPerformance" name="test_analytics_endpoints_include_query_date" time="0.290" /><testcase classname="tests.test_analytics_api.TestAnalyticsPerformance" name="test_invalid_limit_defaults_gracefully" time="0.274" /><testcase classname="tests.test_analytics_api.TestAnalyticsPerformance" name="test_limit_capped_at_100" time="0.268" /><testcase classname="tests.test_analytics_service_coverage.TestAnalyticsSummary" name="test_summary_default_30_days" time="0.196" /><testcase classname="tests.test_analytics_service_coverage.TestAnalyticsSummary" name="test_summary_user_counts" time="0.372" /><testcase classname="tests.test_analytics_service_coverage.TestAnalyticsSummary" name="test_summary_content_counts" time="0.193" /><testcase classname="tests.test_analytics_service_coverage.TestAnalyticsSummary" name="test_summary_report_queue_status" time="0.198" /><testcase classname="tests.test_analytics_service_coverage.TestAnalyticsSummary" name="test_summary_with_date_from" time="0.192" /><testcase classname="tests.test_analytics_service_coverage.TestAnalyticsSummary" name="test_summary_with_date_to" time="0.194" /><testcase classname="tests.test_analytics_service_coverage.TestAnalyticsSummary" name="test_summary_with_both_dates" time="0.194" /><testcase classname="tests.test_analytics_service_coverage.TestAnalyticsSummary" name="test_summary_invalid_date_from" time="0.194" /><testcase classname="tests.test_analytics_service_coverage.TestAnalyticsSummary" name="test_summary_inverted_date_range" time="0.195" /><testcase classname="tests.test_analytics_service_coverage.TestAnalyticsTimeline" name="test_timeline_default" time="0.190" /><testcase classname="tests.test_analytics_service_coverage.TestAnalyticsTimeline" name="test_timeline_threads_metric" time="0.191" /><testcase classname="tests.test_analytics_service_coverage.TestAnalyticsTimeline" name="test_timeline_posts_metric" time="0.190" /><testcase classname="tests.test_analytics_service_coverage.TestAnalyticsTimeline" name="test_timeline_reports_metric" time="0.189" /><testcase classname="tests.test_analytics_service_coverage.TestAnalyticsTimeline" name="test_timeline_actions_metric" time="0.193" /><testcase classname="tests.test_analytics_service_coverage.TestAnalyticsTimeline" name="test_timeline_with_date_range" time="0.192" /><testcase classname="tests.test_analytics_service_coverage.TestAnalyticsTimeline" name="test_timeline_dates_list" time="0.193" /><testcase classname="tests.test_analytics_service_coverage.TestAnalyticsUsers" name="test_users_default" time="0.188" /><testcase classname="tests.test_analytics_service_coverage.TestAnalyticsUsers" name="test_users_top_contributors" time="0.193" /><testcase classname="tests.test_analytics_service_coverage.TestAnalyticsUsers" name="test_users_role_distribution" time="0.191" /><testcase classname="tests.test_analytics_service_coverage.TestAnalyticsUsers" name="test_users_with_limit" time="0.189" /><testcase classname="tests.test_analytics_service_coverage.TestAnalyticsUsers" name="test_users_limit_bounds" time="0.375" /><testcase classname="tests.test_analytics_service_coverage.TestAnalyticsContent" name="test_content_default" time="0.193" /><testcase classname="tests.test_analytics_service_coverage.TestAnalyticsContent" name="test_content_popular_tags" time="0.195" /><testcase classname="tests.test_analytics_service_coverage.TestAnalyticsContent" name="test_content_trending_threads" time="0.193" /><testcase classname="tests.test_analytics_service_coverage.TestAnalyticsContent" name="test_content_freshness_distribution" time="0.190" /><testcase classname="tests.test_analytics_service_coverage.TestAnalyticsContent" name="test_content_with_limit" time="0.197" /><testcase classname="tests.test_analytics_service_coverage.TestAnalyticsContent" name="test_content_with_date_range" time="0.187" /><testcase classname="tests.test_analytics_service_coverage.TestAnalyticsModeration" name="test_moderation_default" time="0.196" /><testcase classname="tests.test_analytics_service_coverage.TestAnalyticsModeration" name="test_moderation_queue_status" time="0.192" /><testcase classname="tests.test_analytics_service_coverage.TestAnalyticsModeration" name="test_moderation_actions_dict" time="0.190" /><testcase classname="tests.test_analytics_service_coverage.TestAnalyticsModeration" name="test_moderation_resolution_time" time="0.192" /><testcase classname="tests.test_analytics_service_coverage.TestAnalyticsModeration" name="test_moderation_with_date_range" time="0.189" /><testcase classname="tests.test_analytics_service_coverage.TestHelperFunctions" name="test_parse_date_valid" time="0.000" /><testcase classname="tests.test_analytics_service_coverage.TestHelperFunctions" name="test_parse_date_invalid" time="0.000" /><testcase classname="tests.test_analytics_service_coverage.TestHelperFunctions" name="test_parse_date_empty" time="0.001" /><testcase classname="tests.test_analytics_service_coverage.TestHelperFunctions" name="test_parse_date_none" time="0.000" /><testcase classname="tests.test_analytics_service_coverage.TestHelperFunctions" name="test_date_to_end_of_day" time="0.000" /><testcase classname="tests.test_analytics_service_coverage.TestHelperFunctions" name="test_utc_now_returns_datetime" time="0.000" /><testcase classname="tests.test_api" name="test_api_health_returns_ok" time="0.094" /><testcase classname="tests.test_api" name="test_register_success" time="0.183" /><testcase classname="tests.test_api" name="test_register_missing_json_returns_400" time="0.093" /><testcase classname="tests.test_api" name="test_register_validation_returns_400" time="0.092" /><testcase classname="tests.test_api" name="test_register_without_email_returns_201_when_email_optional" time="0.179" /><testcase classname="tests.test_api" name="test_register_missing_email_returns_400_when_email_required" time="0.091" /><testcase classname="tests.test_api" name="test_register_duplicate_username_returns_409" time="0.177" /><testcase classname="tests.test_api" name="test_login_success_returns_token" time="0.263" /><testcase classname="tests.test_api" name="test_login_invalid_returns_401" time="0.285" /><testcase classname="tests.test_api" name="test_login_unverified_email_returns_403_when_verification_enabled" time="0.254" /><testcase classname="tests.test_api" name="test_login_unverified_email_allowed_when_verification_disabled" time="0.254" /><testcase classname="tests.test_api" name="test_login_banned_user_returns_403" time="0.260" /><testcase classname="tests.test_api" name="test_login_missing_body_returns_400" time="0.093" /><testcase classname="tests.test_api" name="test_resend_verification_success" time="0.371" /><testcase classname="tests.test_api" name="test_resend_verification_returns_success_for_nonexistent_email" time="0.293" /><testcase classname="tests.test_api" name="test_resend_verification_missing_email_returns_400" time="0.094" /><testcase classname="tests.test_api" name="test_me_without_token_returns_401" time="0.092" /><testcase classname="tests.test_api" name="test_me_with_token_returns_user" time="0.270" /><testcase classname="tests.test_api" name="test_me_banned_user_returns_403" time="0.175" /><testcase classname="tests.test_api" name="test_protected_without_token_returns_401" time="0.093" /><testcase classname="tests.test_api" name="test_protected_with_token_returns_ok" time="0.263" /><testcase classname="tests.test_api" name="test_api_404_returns_json" time="0.094" /><testcase classname="tests.test_api" name="test_cors_no_allow_origin_when_origins_not_configured" time="0.092" /><testcase classname="tests.test_api" name="test_cors_allow_origin_when_configured" time="0.095" /><testcase classname="tests.test_areas_api" name="test_areas_list_without_token_returns_401" time="0.092" /><testcase classname="tests.test_areas_api" name="test_areas_list_as_non_admin_returns_403" time="0.425" /><testcase classname="tests.test_areas_api" name="test_areas_list_as_admin_returns_200_and_structure" time="0.277" /><testcase classname="tests.test_areas_api" name="test_areas_get_as_admin" time="0.279" /><testcase classname="tests.test_areas_api" name="test_areas_get_404" time="0.455" /><testcase classname="tests.test_areas_api" name="test_areas_create_as_admin" time="0.268" /><testcase classname="tests.test_areas_api" name="test_areas_create_duplicate_slug_returns_409" time="0.275" /><testcase classname="tests.test_areas_api" name="test_user_areas_get_and_put" time="0.358" /><testcase classname="tests.test_areas_api" name="test_feature_areas_list_as_admin" time="0.269" /><testcase classname="tests.test_areas_api" name="test_feature_areas_put_as_admin" time="0.274" /><testcase classname="tests.test_areas_api" name="test_feature_areas_put_unknown_feature_returns_400" time="0.267" /><testcase classname="tests.test_areas_api" name="test_auth_me_includes_allowed_features" time="0.269" /><testcase classname="tests.test_auth_permissions.TestGetCurrentUser" name="test_get_current_user_with_valid_user_id" time="0.179" /><testcase classname="tests.test_auth_permissions.TestGetCurrentUser" name="test_get_current_user_with_none_identity" time="0.093" /><testcase classname="tests.test_auth_permissions.TestGetCurrentUser" name="test_get_current_user_with_invalid_type_identity" time="0.096" /><testcase classname="tests.test_auth_permissions.TestGetCurrentUser" name="test_get_current_user_with_nonexistent_user_id" time="0.099" /><testcase classname="tests.test_auth_permissions.TestCurrentUserHasRole" name="test_user_has_matching_role" time="0.181" /><testcase classname="tests.test_auth_permissions.TestCurrentUserHasRole" name="test_user_lacks_required_role" time="0.176" /><testcase classname="tests.test_auth_permissions.TestCurrentUserHasRole" name="test_banned_user_has_no_roles" time="0.179" /><testcase classname="tests.test_auth_permissions.TestCurrentUserHasRole" name="test_none_user_has_no_roles" time="0.099" /><testcase classname="tests.test_auth_permissions.TestCurrentUserHasAnyRole" name="test_user_has_any_of_roles[role_list0-True]" time="0.179" /><testcase classname="tests.test_auth_permissions.TestCurrentUserHasAnyRole" name="test_user_has_any_of_roles[role_list1-True]" time="0.175" /><testcase classname="tests.test_auth_permissions.TestCurrentUserHasAnyRole" name="test_user_has_any_of_roles[role_list2-False]" time="0.179" /><testcase classname="tests.test_auth_permissions.TestCurrentUserHasAnyRole" name="test_user_has_any_of_roles[role_list3-False]" time="0.176" /><testcase classname="tests.test_auth_permissions.TestCurrentUserHasAnyRole" name="test_banned_user_has_any_role_returns_false" time="0.386" /><testcase classname="tests.test_auth_permissions.TestCurrentUserHasAnyRole" name="test_none_user_has_any_role_returns_false" time="0.096" /><testcase classname="tests.test_auth_permissions.TestCurrentUserIsAdmin" name="test_admin_user_returns_true" time="0.182" /><testcase classname="tests.test_auth_permissions.TestCurrentUserIsAdmin" name="test_non_admin_user_returns_false" time="0.176" /><testcase classname="tests.test_auth_permissions.TestCurrentUserIsAdmin" name="test_banned_admin_returns_false" time="0.180" /><testcase classname="tests.test_auth_permissions.TestCurrentUserRoleLevel" name="test_role_level_returns_correct_value[0-0]" time="0.179" /><testcase classname="tests.test_auth_permissions.TestCurrentUserRoleLevel" name="test_role_level_returns_correct_value[10-10]" time="0.177" /><testcase classname="tests.test_auth_permissions.TestCurrentUserRoleLevel" name="test_role_level_returns_correct_value[50-50]" time="0.179" /><testcase classname="tests.test_auth_permissions.TestCurrentUserRoleLevel" name="test_role_level_returns_correct_value[100-100]" time="0.178" /><testcase classname="tests.test_auth_permissions.TestCurrentUserRoleLevel" name="test_banned_user_role_level_returns_zero" time="0.178" /><testcase classname="tests.test_auth_permissions.TestCurrentUserRoleLevel" name="test_none_user_role_level_returns_zero" time="0.097" /><testcase classname="tests.test_auth_permissions.TestCurrentUserRoleLevel" name="test_user_with_none_role_level_defaults_to_zero" time="0.181" /><testcase classname="tests.test_auth_permissions.TestCurrentUserIsSuperAdmin" name="test_super_admin_returns_true" time="0.176" /><testcase classname="tests.test_auth_permissions.TestCurrentUserIsSuperAdmin" name="test_admin_below_threshold_returns_false" time="0.179" /><testcase classname="tests.test_auth_permissions.TestCurrentUserIsSuperAdmin" name="test_moderator_returns_false" time="0.176" /><testcase classname="tests.test_auth_permissions.TestCurrentUserIsSuperAdmin" name="test_banned_super_admin_returns_false" time="0.181" /><testcase classname="tests.test_auth_permissions.TestCurrentUserIsModerator" name="test_moderator_returns_true" time="0.178" /><testcase classname="tests.test_auth_permissions.TestCurrentUserIsModerator" name="test_non_moderator_returns_false" time="0.177" /><testcase classname="tests.test_auth_permissions.TestCurrentUserIsModerator" name="test_banned_moderator_returns_false" time="0.177" /><testcase classname="tests.test_auth_permissions.TestCurrentUserIsModeratorOrAdmin" name="test_moderator_or_admin_role_check[moderator-True]" time="0.181" /><testcase classname="tests.test_auth_permissions.TestCurrentUserIsModeratorOrAdmin" name="test_moderator_or_admin_role_check[admin-True]" time="0.181" /><testcase classname="tests.test_auth_permissions.TestCurrentUserIsModeratorOrAdmin" name="test_moderator_or_admin_role_check[user-False]" time="0.416" /><testcase classname="tests.test_auth_permissions.TestCurrentUserIsModeratorOrAdmin" name="test_banned_moderator_or_admin_returns_false" time="0.178" /><testcase classname="tests.test_auth_permissions.TestCurrentUserCanWriteNews" name="test_write_news_permission[moderator-True]" time="0.173" /><testcase classname="tests.test_auth_permissions.TestCurrentUserCanWriteNews" name="test_write_news_permission[admin-True]" time="0.180" /><testcase classname="tests.test_auth_permissions.TestCurrentUserCanWriteNews" name="test_write_news_permission[user-False]" time="0.173" /><testcase classname="tests.test_auth_permissions.TestCurrentUserCanWriteNews" name="test_banned_user_cannot_write_news" time="0.180" /><testcase classname="tests.test_auth_permissions.TestCurrentUserCanWriteNews" name="test_none_user_cannot_write_news" time="0.095" /><testcase classname="tests.test_auth_permissions.TestCurrentUserIsBanned" name="test_banned_user_returns_true" time="0.178" /><testcase classname="tests.test_auth_permissions.TestCurrentUserIsBanned" name="test_non_banned_user_returns_false" time="0.173" /><testcase classname="tests.test_auth_permissions.TestCurrentUserIsBanned" name="test_none_user_is_not_banned" time="0.099" /><testcase classname="tests.test_auth_permissions.TestAdminMayEditTarget" name="test_admin_hierarchy_checks[50-10-True]" time="0.001" /><testcase classname="tests.test_auth_permissions.TestAdminMayEditTarget" name="test_admin_hierarchy_checks[100-50-True]" time="0.001" /><testcase classname="tests.test_auth_permissions.TestAdminMayEditTarget" name="test_admin_hierarchy_checks[50-50-False]" time="0.001" /><testcase classname="tests.test_auth_permissions.TestAdminMayEditTarget" name="test_admin_hierarchy_checks[10-50-False]" time="0.001" /><testcase classname="tests.test_auth_permissions.TestAdminMayEditTarget" name="test_admin_hierarchy_checks[0-100-False]" time="0.001" /><testcase classname="tests.test_auth_permissions.TestAdminMayAssignRoleLevel" name="test_admin_may_edit_other_user_with_lower_level" time="0.000" /><testcase classname="tests.test_auth_permissions.TestAdminMayAssignRoleLevel" name="test_admin_cannot_edit_equal_user_level" time="0.000" /><testcase classname="tests.test_auth_permissions.TestAdminMayAssignRoleLevel" name="test_admin_cannot_edit_higher_user" time="0.000" /><testcase classname="tests.test_auth_permissions.TestAdminMayAssignRoleLevel" name="test_super_admin_may_elevate_self" time="0.000" /><testcase classname="tests.test_auth_permissions.TestAdminMayAssignRoleLevel" name="test_admin_cannot_elevate_self_below_threshold" time="0.000" /><testcase classname="tests.test_auth_permissions.TestAdminMayAssignRoleLevel" name="test_super_admin_can_lower_self" time="0.000" /><testcase classname="tests.test_auth_permissions.TestRequireJwtAdminDecorator" name="test_admin_access_granted" time="0.264" /><testcase classname="tests.test_auth_permissions.TestRequireJwtAdminDecorator" name="test_non_admin_access_denied" time="0.259" /><testcase classname="tests.test_auth_permissions.TestRequireJwtAdminDecorator" name="test_banned_admin_access_denied" time="0.179" /><testcase classname="tests.test_auth_permissions.TestRequireJwtAdminDecorator" name="test_no_token_returns_401" time="0.093" /><testcase classname="tests.test_auth_permissions.TestRequireJwtAdminDecorator" name="test_invalid_token_returns_401" time="0.094" /><testcase classname="tests.test_auth_permissions.TestRequireJwtAdminDecorator" name="test_expired_token_returns_401" time="0.093" /><testcase classname="tests.test_auth_permissions.TestRequireJwtModeratorOrAdminDecorator" name="test_moderator_or_admin_access[moderator-True]" time="0.264" /><testcase classname="tests.test_auth_permissions.TestRequireJwtModeratorOrAdminDecorator" name="test_moderator_or_admin_access[admin-True]" time="0.261" /><testcase classname="tests.test_auth_permissions.TestRequireJwtModeratorOrAdminDecorator" name="test_moderator_or_admin_access[user-False]" time="0.266" /><testcase classname="tests.test_auth_permissions.TestRequireJwtModeratorOrAdminDecorator" name="test_banned_moderator_access_denied" time="0.175" /><testcase classname="tests.test_auth_permissions.TestRequireJwtModeratorOrAdminDecorator" name="test_no_token_returns_401" time="0.292" /><testcase classname="tests.test_auth_permissions.TestRequireJwtModeratorOrAdminDecorator" name="test_invalid_token_returns_401" time="0.093" /><testcase classname="tests.test_auth_permissions.TestRequireEditorOrN8nServiceDecorator" name="test_valid_n8n_service_request_succeeds" time="0.097" /><testcase classname="tests.test_auth_permissions.TestRequireEditorOrN8nServiceDecorator" name="test_invalid_n8n_service_key_requires_jwt" time="0.091" /><testcase classname="tests.test_auth_permissions.TestRequireEditorOrN8nServiceDecorator" name="test_moderator_jwt_access_granted" time="0.265" /><testcase classname="tests.test_auth_permissions.TestRequireEditorOrN8nServiceDecorator" name="test_admin_jwt_access_granted" time="0.265" /><testcase classname="tests.test_auth_permissions.TestRequireEditorOrN8nServiceDecorator" name="test_user_jwt_access_denied" time="0.263" /><testcase classname="tests.test_auth_permissions.TestRequireEditorOrN8nServiceDecorator" name="test_no_token_no_service_key_returns_401" time="0.093" /><testcase classname="tests.test_auth_permissions.TestRequireEditorOrN8nServiceDecorator" name="test_g_is_n8n_service_flag_set" time="0.093" /><testcase classname="tests.test_auth_permissions.TestRequireEditorOrN8nServiceDecorator" name="test_g_is_n8n_service_flag_false_for_jwt" time="0.269" /><testcase classname="tests.test_auth_permissions.TestIsN8nServiceRequest" name="test_valid_service_key_returns_true" time="0.094" /><testcase classname="tests.test_auth_permissions.TestIsN8nServiceRequest" name="test_invalid_service_key_returns_false" time="0.098" /><testcase classname="tests.test_auth_permissions.TestIsN8nServiceRequest" name="test_missing_service_token_config_returns_false" time="0.092" /><testcase classname="tests.test_auth_permissions.TestIsN8nServiceRequest" name="test_missing_header_returns_false" time="0.095" /><testcase classname="tests.test_auth_permissions.TestIsN8nServiceRequest" name="test_empty_service_key_returns_false" time="0.094" /><testcase classname="tests.test_auth_permissions.TestIsN8nServiceRequest" name="test_whitespace_service_key_stripped" time="0.095" /><testcase classname="tests.test_auth_permissions.TestEdgeCasesIntegration" name="test_deleted_user_cannot_access_resources" time="0.095" /><testcase classname="tests.test_auth_permissions.TestEdgeCasesIntegration" name="test_role_change_reflected_in_checks" time="0.351" /><testcase classname="tests.test_auth_permissions.TestEdgeCasesIntegration" name="test_ban_immediately_revokes_access" time="0.265" /><testcase classname="tests.test_auth_permissions.TestEdgeCasesIntegration" name="test_role_level_hierarchy_enforced" time="0.427" /><testcase classname="tests.test_config" name="test_create_app_raises_when_secret_key_missing" time="0.002" /><testcase classname="tests.test_config" name="test_create_app_accepts_testing_config" time="0.069" /><testcase classname="tests.test_config" name="test_create_app_raises_when_secret_key_empty_and_not_testing" time="0.001" /><testcase classname="tests.test_config" name="test_create_app_raises_when_jwt_secret_key_empty" time="0.001" /><testcase classname="tests.test_config" name="test_create_app_raises_when_jwt_secret_key_too_short" time="0.001" /><testcase classname="tests.test_config" name="test_create_app_accepts_valid_jwt_secret_key" time="0.281" /><testcase classname="tests.test_config" name="test_create_app_raises_when_play_service_public_url_without_shared_secret" time="0.001" /><testcase classname="tests.test_config" name="test_create_app_raises_when_play_service_public_url_empty_shared_secret" time="0.001" /><testcase classname="tests.test_config" name="test_create_app_raises_when_play_service_public_url_whitespace_only_shared_secret" time="0.001" /><testcase classname="tests.test_config" name="test_create_app_succeeds_when_play_service_both_configured" time="0.068" /><testcase classname="tests.test_config" name="test_create_app_succeeds_when_play_service_public_url_not_set" time="0.072" /><testcase classname="tests.test_config" name="test_create_app_succeeds_when_play_service_not_configured" time="0.068" /><testcase classname="tests.test_config" name="test_create_app_raises_when_prod_env_email_verification_disabled" time="0.001" /><testcase classname="tests.test_config" name="test_create_app_raises_when_mail_enabled_email_verification_disabled" time="0.001" /><testcase classname="tests.test_config" name="test_create_app_succeeds_prod_with_email_verification_enabled" time="0.071" /><testcase classname="tests.test_config" name="test_create_app_succeeds_mail_enabled_with_email_verification" time="0.070" /><testcase classname="tests.test_config" name="test_create_app_testing_config_allows_email_verification_disabled" time="0.071" /><testcase classname="tests.test_config" name="test_create_app_dev_mail_disabled_allows_verification_disabled" time="0.069" /><testcase classname="tests.test_coverage_boost.TestNewsWriteAPI" name="test_create_news_article" time="0.273" /><testcase classname="tests.test_coverage_boost.TestNewsWriteAPI" name="test_create_news_missing_fields" time="0.261" /><testcase classname="tests.test_coverage_boost.TestNewsWriteAPI" name="test_update_news_article" time="0.280" /><testcase classname="tests.test_coverage_boost.TestNewsWriteAPI" name="test_update_news_not_found" time="0.269" /><testcase classname="tests.test_coverage_boost.TestNewsWriteAPI" name="test_delete_news_article" time="0.282" /><testcase classname="tests.test_coverage_boost.TestNewsWriteAPI" name="test_delete_news_not_found" time="0.268" /><testcase classname="tests.test_coverage_boost.TestNewsWriteAPI" name="test_publish_unpublish" time="0.284" /><testcase classname="tests.test_coverage_boost.TestNewsWriteAPI" name="test_publish_not_found" time="0.270" /><testcase classname="tests.test_coverage_boost.TestNewsWriteAPI" name="test_unpublish_not_found" time="0.269" /><testcase classname="tests.test_coverage_boost.TestNewsWriteAPI" name="test_news_detail_by_id" time="0.292" /><testcase classname="tests.test_coverage_boost.TestNewsWriteAPI" name="test_news_translations_list" time="0.278" /><testcase classname="tests.test_coverage_boost.TestNewsWriteAPI" name="test_news_translation_put" time="0.486" /><testcase classname="tests.test_coverage_boost.TestNewsWriteAPI" name="test_news_translation_get" time="0.282" /><testcase classname="tests.test_coverage_boost.TestWikiAdminAPI" name="test_wiki_page_list" time="0.266" /><testcase classname="tests.test_coverage_boost.TestWikiAdminAPI" name="test_wiki_page_create" time="0.269" /><testcase classname="tests.test_coverage_boost.TestWikiAdminAPI" name="test_wiki_page_create_missing_key" time="0.273" /><testcase classname="tests.test_coverage_boost.TestWikiAdminAPI" name="test_wiki_page_update" time="0.277" /><testcase classname="tests.test_coverage_boost.TestWikiAdminAPI" name="test_wiki_admin_requires_mod" time="0.273" /><testcase classname="tests.test_coverage_boost.TestWikiAdminAPI" name="test_wiki_page_translations" time="0.288" /><testcase classname="tests.test_coverage_boost.TestWikiAdminAPI" name="test_wiki_page_put_translation" time="0.284" /><testcase classname="tests.test_coverage_boost.TestWikiPublicAPI" name="test_wiki_get_requires_mod" time="0.270" /><testcase classname="tests.test_coverage_boost.TestWikiPublicAPI" name="test_wiki_get_forbidden_for_user" time="0.270" /><testcase classname="tests.test_coverage_boost.TestWikiPublicAPI" name="test_wiki_public_page_not_found" time="0.093" /><testcase classname="tests.test_coverage_boost.TestWebRoutes" name="test_home_page" time="0.114" /><testcase classname="tests.test_coverage_boost.TestWebRoutes" name="test_login_page" time="0.110" /><testcase classname="tests.test_coverage_boost.TestWebRoutes" name="test_register_page" time="0.110" /><testcase classname="tests.test_coverage_boost.TestWebRoutes" name="test_news_page" time="0.101" /><testcase classname="tests.test_coverage_boost.TestWebRoutes" name="test_wiki_page" time="0.156" /><testcase classname="tests.test_coverage_boost.TestWebRoutes" name="test_community_page" time="0.100" /><testcase classname="tests.test_coverage_boost.TestWebRoutes" name="test_forgot_password_page" time="0.338" /><testcase classname="tests.test_coverage_boost.TestWebRoutes" name="test_404_page" time="0.100" /><testcase classname="tests.test_coverage_boost.TestWebRoutes" name="test_dashboard_requires_login" time="0.098" /><testcase classname="tests.test_coverage_boost.TestWebRoutes" name="test_game_menu_page" time="0.092" /><testcase classname="tests.test_coverage_boost.TestWebRoutes" name="test_logout" time="0.095" /><testcase classname="tests.test_coverage_boost.TestUserAPI" name="test_user_list_admin" time="0.275" /><testcase classname="tests.test_coverage_boost.TestUserAPI" name="test_user_by_id_admin" time="0.354" /><testcase classname="tests.test_coverage_boost.TestUserAPI" name="test_user_update_by_admin" time="0.356" /><testcase classname="tests.test_coverage_boost.TestUserAPI" name="test_user_preferences" time="0.343" /><testcase classname="tests.test_coverage_boost.TestUserAPI" name="test_user_change_password_admin" time="0.349" /><testcase classname="tests.test_coverage_boost.TestUserAPI" name="test_user_role_change_admin" time="0.351" /><testcase classname="tests.test_coverage_boost.TestUserAPI" name="test_user_ban_unban" time="0.356" /><testcase classname="tests.test_coverage_boost.TestUserAPI" name="test_user_not_found" time="0.271" /><testcase classname="tests.test_coverage_boost.TestAreaAPI" name="test_area_list" time="0.267" /><testcase classname="tests.test_coverage_boost.TestAreaAPI" name="test_area_create" time="0.266" /><testcase classname="tests.test_coverage_boost.TestAreaAPI" name="test_area_get" time="0.266" /><testcase classname="tests.test_coverage_boost.TestSloganAPI" name="test_slogan_resolve" time="0.099" /><testcase classname="tests.test_coverage_boost.TestSloganAPI" name="test_slogan_resolve_missing_placement" time="0.095" /><testcase classname="tests.test_coverage_boost.TestSloganAPI" name="test_slogans_list_public" time="0.094" /><testcase classname="tests.test_coverage_boost.TestSloganAPI" name="test_slogan_list_admin" time="0.514" /><testcase classname="tests.test_coverage_boost.TestSloganAPI" name="test_slogan_create" time="0.273" /><testcase classname="tests.test_coverage_boost.TestSloganAPI" name="test_slogan_update" time="0.287" /><testcase classname="tests.test_coverage_boost.TestSloganAPI" name="test_slogan_delete" time="0.277" /><testcase classname="tests.test_coverage_boost.TestSloganAPI" name="test_slogan_activate_deactivate" time="0.274" /><testcase classname="tests.test_coverage_boost.TestRoleAPI" name="test_role_list" time="0.273" /><testcase classname="tests.test_coverage_boost.TestRoleAPI" name="test_role_list_forbidden" time="0.278" /><testcase classname="tests.test_coverage_boost.TestAdminLogs" name="test_admin_logs_list" time="0.269" /><testcase classname="tests.test_coverage_boost.TestAdminLogs" name="test_admin_logs_forbidden" time="0.271" /><testcase classname="tests.test_coverage_boost.TestSystemAPI" name="test_system_health" time="0.091" /><testcase classname="tests.test_coverage_boost.TestSystemAPI" name="test_system_version" time="0.098" /><testcase classname="tests.test_coverage_boost.TestSiteSettingsAPI" name="test_site_settings_get" time="0.261" /><testcase classname="tests.test_coverage_boost.TestSiteSettingsAPI" name="test_dashboard_settings_get" time="0.267" /><testcase classname="tests.test_coverage_boost.TestSiteSettingsAPI" name="test_dashboard_settings_put" time="0.269" /><testcase classname="tests.test_coverage_boost.TestDataAPI" name="test_data_export" time="0.269" /><testcase classname="tests.test_coverage_boost.TestDataAPI" name="test_data_export_forbidden" time="0.268" /><testcase classname="tests.test_coverage_boost.TestAuthAPI" name="test_login_success" time="0.259" /><testcase classname="tests.test_coverage_boost.TestAuthAPI" name="test_login_wrong_password" time="0.258" /><testcase classname="tests.test_coverage_boost.TestAuthAPI" name="test_login_missing_fields" time="0.094" /><testcase classname="tests.test_coverage_boost.TestAuthAPI" name="test_register_new_user" time="0.418" /><testcase classname="tests.test_coverage_boost.TestAuthAPI" name="test_web_login_post" time="0.258" /><testcase classname="tests.test_coverage_boost.TestAuthAPI" name="test_web_register_page" time="0.103" /><testcase classname="tests.test_coverage_boost.TestPermissionsModule" name="test_permissions_functions" time="0.610" /><testcase classname="tests.test_coverage_boost_2.TestWebRoutesExtended" name="test_web_login_post_success" time="0.259" /><testcase classname="tests.test_coverage_boost_2.TestWebRoutesExtended" name="test_web_login_post_wrong_password" time="0.264" /><testcase classname="tests.test_coverage_boost_2.TestWebRoutesExtended" name="test_web_login_post_missing_fields" time="0.105" /><testcase classname="tests.test_coverage_boost_2.TestWebRoutesExtended" name="test_web_login_already_logged_in" time="0.264" /><testcase classname="tests.test_coverage_boost_2.TestWebRoutesExtended" name="test_web_login_banned_user" time="0.259" /><testcase classname="tests.test_coverage_boost_2.TestWebRoutesExtended" name="test_web_blocked_page" time="0.102" /><testcase classname="tests.test_coverage_boost_2.TestWebRoutesExtended" name="test_web_register_post_success" time="0.183" /><testcase classname="tests.test_coverage_boost_2.TestWebRoutesExtended" name="test_web_register_post_password_mismatch" time="0.105" /><testcase classname="tests.test_coverage_boost_2.TestWebRoutesExtended" name="test_web_register_post_duplicate" time="0.191" /><testcase classname="tests.test_coverage_boost_2.TestWebRoutesExtended" name="test_web_register_post_with_email" time="0.103" /><testcase classname="tests.test_coverage_boost_2.TestWebRoutesExtended" name="test_web_register_pending" time="0.105" /><testcase classname="tests.test_coverage_boost_2.TestWebRoutesExtended" name="test_web_register_already_logged_in" time="0.259" /><testcase classname="tests.test_coverage_boost_2.TestWebRoutesExtended" name="test_web_forgot_password_post" time="0.100" /><testcase classname="tests.test_coverage_boost_2.TestWebRoutesExtended" name="test_web_forgot_password_post_empty" time="0.107" /><testcase classname="tests.test_coverage_boost_2.TestWebRoutesExtended" name="test_web_resend_verification_get" time="0.109" /><testcase classname="tests.test_coverage_boost_2.TestWebRoutesExtended" name="test_web_resend_verification_post" time="0.098" /><testcase classname="tests.test_coverage_boost_2.TestWebRoutesExtended" name="test_web_resend_verification_post_empty" time="0.353" /><testcase classname="tests.test_coverage_boost_2.TestWebRoutesExtended" name="test_web_reset_password_invalid_token" time="0.095" /><testcase classname="tests.test_coverage_boost_2.TestWebRoutesExtended" name="test_web_activate_invalid_token" time="0.101" /><testcase classname="tests.test_coverage_boost_2.TestWebRoutesExtended" name="test_web_wiki_with_slug" time="0.105" /><testcase classname="tests.test_coverage_boost_2.TestWebRoutesExtended" name="test_web_wiki_with_real_slug" time="0.292" /><testcase classname="tests.test_coverage_boost_2.TestWebRoutesExtended" name="test_web_logout_with_session" time="0.266" /><testcase classname="tests.test_coverage_boost_2.TestWebRoutesExtended" name="test_web_health" time="0.096" /><testcase classname="tests.test_coverage_boost_2.TestWebRoutesExtended" name="test_web_dashboard_logged_in" time="0.276" /><testcase classname="tests.test_coverage_boost_2.TestWebRoutesExtended" name="test_web_game_menu_logged_in" time="0.274" /><testcase classname="tests.test_coverage_boost_2.TestDashboardAPI" name="test_dashboard_metrics_requires_admin" time="0.270" /><testcase classname="tests.test_coverage_boost_2.TestDashboardAPI" name="test_dashboard_metrics_admin" time="0.285" /><testcase classname="tests.test_coverage_boost_2.TestDashboardAPI" name="test_dashboard_metrics_ranges" time="0.303" /><testcase classname="tests.test_coverage_boost_2.TestDashboardAPI" name="test_dashboard_logs" time="0.264" /><testcase classname="tests.test_coverage_boost_2.TestDashboardAPI" name="test_dashboard_logs_with_filters" time="0.270" /><testcase classname="tests.test_coverage_boost_2.TestDashboardAPI" name="test_dashboard_logs_export" time="0.268" /><testcase classname="tests.test_coverage_boost_2.TestDashboardAPI" name="test_dashboard_logs_export_with_filters" time="0.268" /><testcase classname="tests.test_coverage_boost_2.TestDashboardAPI" name="test_dashboard_site_settings_get" time="0.264" /><testcase classname="tests.test_coverage_boost_2.TestDashboardAPI" name="test_dashboard_site_settings_put" time="0.264" /><testcase classname="tests.test_coverage_boost_2.TestDashboardAPI" name="test_dashboard_site_settings_put_invalid" time="0.261" /><testcase classname="tests.test_coverage_boost_2.TestWikiAdminTranslationWorkflow" name="test_translation_get" time="0.556" /><testcase classname="tests.test_coverage_boost_2.TestWikiAdminTranslationWorkflow" name="test_translation_get_not_found" time="0.270" /><testcase classname="tests.test_coverage_boost_2.TestWikiAdminTranslationWorkflow" name="test_translation_get_unsupported_lang" time="0.275" /><testcase classname="tests.test_coverage_boost_2.TestWikiAdminTranslationWorkflow" name="test_submit_review" time="0.278" /><testcase classname="tests.test_coverage_boost_2.TestWikiAdminTranslationWorkflow" name="test_submit_review_not_found" time="0.267" /><testcase classname="tests.test_coverage_boost_2.TestWikiAdminTranslationWorkflow" name="test_approve" time="0.276" /><testcase classname="tests.test_coverage_boost_2.TestWikiAdminTranslationWorkflow" name="test_approve_not_found" time="0.263" /><testcase classname="tests.test_coverage_boost_2.TestWikiAdminTranslationWorkflow" name="test_publish" time="0.277" /><testcase classname="tests.test_coverage_boost_2.TestWikiAdminTranslationWorkflow" name="test_publish_not_found" time="0.272" /><testcase classname="tests.test_coverage_boost_2.TestWikiAdminTranslationWorkflow" name="test_auto_translate" time="0.276" /><testcase classname="tests.test_coverage_boost_2.TestWikiAdminTranslationWorkflow" name="test_auto_translate_page_not_found" time="0.265" /><testcase classname="tests.test_coverage_boost_2.TestWikiAdminTranslationWorkflow" name="test_page_update_not_found" time="0.265" /><testcase classname="tests.test_coverage_boost_2.TestWikiAdminTranslationWorkflow" name="test_page_translations_list_not_found" time="0.267" /><testcase classname="tests.test_coverage_boost_2.TestWikiAdminTranslationWorkflow" name="test_translation_put_missing_body" time="0.274" /><testcase classname="tests.test_coverage_boost_2.TestWikiAdminTranslationWorkflow" name="test_page_create_missing_body" time="0.266" /><testcase classname="tests.test_coverage_boost_2.TestWikiAdminTranslationWorkflow" name="test_page_update_missing_body" time="0.269" /><testcase classname="tests.test_coverage_boost_2.TestWikiDiscussionThreadLinks" name="test_link_discussion_thread" time="0.277" /><testcase classname="tests.test_coverage_boost_2.TestWikiDiscussionThreadLinks" name="test_link_discussion_thread_page_not_found" time="0.522" /><testcase classname="tests.test_coverage_boost_2.TestWikiDiscussionThreadLinks" name="test_link_discussion_thread_invalid_id" time="0.275" /><testcase classname="tests.test_coverage_boost_2.TestWikiDiscussionThreadLinks" name="test_link_discussion_thread_not_found" time="0.275" /><testcase classname="tests.test_coverage_boost_2.TestWikiDiscussionThreadLinks" name="test_unlink_discussion_thread" time="0.279" /><testcase classname="tests.test_coverage_boost_2.TestWikiDiscussionThreadLinks" name="test_unlink_discussion_thread_page_not_found" time="0.262" /><testcase classname="tests.test_coverage_boost_2.TestWikiDiscussionThreadLinks" name="test_related_threads_get" time="0.279" /><testcase classname="tests.test_coverage_boost_2.TestWikiDiscussionThreadLinks" name="test_related_threads_add" time="0.279" /><testcase classname="tests.test_coverage_boost_2.TestWikiDiscussionThreadLinks" name="test_related_threads_add_missing_body" time="0.273" /><testcase classname="tests.test_coverage_boost_2.TestWikiDiscussionThreadLinks" name="test_related_threads_add_invalid_id" time="0.276" /><testcase classname="tests.test_coverage_boost_2.TestWikiDiscussionThreadLinks" name="test_related_threads_delete" time="0.296" /><testcase classname="tests.test_coverage_boost_2.TestWikiDiscussionThreadLinks" name="test_related_threads_delete_not_found" time="0.278" /><testcase classname="tests.test_coverage_boost_2.TestNewsTranslationWorkflow" name="test_translation_submit_review" time="0.277" /><testcase classname="tests.test_coverage_boost_2.TestNewsTranslationWorkflow" name="test_translation_submit_review_not_found" time="0.275" /><testcase classname="tests.test_coverage_boost_2.TestNewsTranslationWorkflow" name="test_translation_approve" time="0.282" /><testcase classname="tests.test_coverage_boost_2.TestNewsTranslationWorkflow" name="test_translation_approve_not_found" time="0.266" /><testcase classname="tests.test_coverage_boost_2.TestNewsTranslationWorkflow" name="test_translation_publish" time="0.283" /><testcase classname="tests.test_coverage_boost_2.TestNewsTranslationWorkflow" name="test_translation_publish_not_found" time="0.541" /><testcase classname="tests.test_coverage_boost_2.TestNewsTranslationWorkflow" name="test_auto_translate" time="0.276" /><testcase classname="tests.test_coverage_boost_2.TestNewsTranslationWorkflow" name="test_auto_translate_not_found" time="0.272" /><testcase classname="tests.test_coverage_boost_2.TestNewsTranslationWorkflow" name="test_translation_get_unsupported_lang" time="0.279" /><testcase classname="tests.test_coverage_boost_2.TestNewsTranslationWorkflow" name="test_translation_put_missing_body" time="0.275" /><testcase classname="tests.test_coverage_boost_2.TestNewsTranslationWorkflow" name="test_translation_put_not_found" time="0.272" /><testcase classname="tests.test_coverage_boost_2.TestNewsTranslationWorkflow" name="test_translations_list_not_found" time="0.275" /><testcase classname="tests.test_coverage_boost_2.TestNewsTranslationWorkflow" name="test_news_detail_by_slug" time="0.281" /><testcase classname="tests.test_coverage_boost_2.TestNewsTranslationWorkflow" name="test_news_detail_not_found_slug" time="0.098" /><testcase classname="tests.test_coverage_boost_2.TestNewsTranslationWorkflow" name="test_news_list_with_search" time="0.279" /><testcase classname="tests.test_coverage_boost_2.TestNewsTranslationWorkflow" name="test_news_list_with_sort" time="0.281" /><testcase classname="tests.test_coverage_boost_2.TestNewsTranslationWorkflow" name="test_news_create_missing_body" time="0.270" /><testcase classname="tests.test_coverage_boost_2.TestNewsTranslationWorkflow" name="test_news_update_missing_body" time="0.274" /><testcase classname="tests.test_coverage_boost_2.TestNewsDiscussionThreadLinks" name="test_link_discussion_thread" time="0.283" /><testcase classname="tests.test_coverage_boost_2.TestNewsDiscussionThreadLinks" name="test_link_discussion_thread_not_found" time="0.270" /><testcase classname="tests.test_coverage_boost_2.TestNewsDiscussionThreadLinks" name="test_link_discussion_thread_missing_body" time="0.282" /><testcase classname="tests.test_coverage_boost_2.TestNewsDiscussionThreadLinks" name="test_link_discussion_thread_invalid_id" time="0.281" /><testcase classname="tests.test_coverage_boost_2.TestNewsDiscussionThreadLinks" name="test_unlink_discussion_thread" time="0.594" /><testcase classname="tests.test_coverage_boost_2.TestNewsDiscussionThreadLinks" name="test_unlink_discussion_thread_not_found" time="0.269" /><testcase classname="tests.test_coverage_boost_2.TestNewsDiscussionThreadLinks" name="test_related_threads_get" time="0.286" /><testcase classname="tests.test_coverage_boost_2.TestNewsDiscussionThreadLinks" name="test_related_threads_add" time="0.288" /><testcase classname="tests.test_coverage_boost_2.TestNewsDiscussionThreadLinks" name="test_related_threads_add_missing_body" time="0.282" /><testcase classname="tests.test_coverage_boost_2.TestNewsDiscussionThreadLinks" name="test_related_threads_add_invalid_id" time="0.282" /><testcase classname="tests.test_coverage_boost_2.TestNewsDiscussionThreadLinks" name="test_related_threads_delete" time="0.296" /><testcase classname="tests.test_coverage_boost_2.TestNewsDiscussionThreadLinks" name="test_related_threads_delete_not_found" time="0.279" /><testcase classname="tests.test_coverage_boost_2.TestAreaAPIExtended" name="test_area_update" time="0.275" /><testcase classname="tests.test_coverage_boost_2.TestAreaAPIExtended" name="test_area_update_not_found" time="0.265" /><testcase classname="tests.test_coverage_boost_2.TestAreaAPIExtended" name="test_area_delete" time="0.276" /><testcase classname="tests.test_coverage_boost_2.TestAreaAPIExtended" name="test_area_delete_not_found" time="0.271" /><testcase classname="tests.test_coverage_boost_2.TestAreaAPIExtended" name="test_area_create_invalid_slug" time="0.280" /><testcase classname="tests.test_coverage_boost_2.TestAreaAPIExtended" name="test_area_create_missing_name" time="0.270" /><testcase classname="tests.test_coverage_boost_2.TestAreaAPIExtended" name="test_area_list_with_search" time="0.272" /><testcase classname="tests.test_coverage_boost_2.TestAreaAPIExtended" name="test_user_areas_list" time="0.649" /><testcase classname="tests.test_coverage_boost_2.TestAreaAPIExtended" name="test_user_areas_set" time="0.358" /><testcase classname="tests.test_coverage_boost_2.TestAreaAPIExtended" name="test_feature_areas_list" time="0.276" /><testcase classname="tests.test_coverage_boost_2.TestAreaAPIExtended" name="test_feature_areas_get" time="0.269" /><testcase classname="tests.test_coverage_boost_2.TestAreaAPIExtended" name="test_feature_areas_get_unknown" time="0.270" /><testcase classname="tests.test_coverage_boost_2.TestAreaAPIExtended" name="test_feature_areas_set" time="0.273" /><testcase classname="tests.test_coverage_boost_2.TestUserAPIExtended" name="test_user_self_get" time="0.263" /><testcase classname="tests.test_coverage_boost_2.TestUserAPIExtended" name="test_user_self_update" time="0.275" /><testcase classname="tests.test_coverage_boost_2.TestUserAPIExtended" name="test_user_self_change_password" time="0.431" /><testcase classname="tests.test_coverage_boost_2.TestUserAPIExtended" name="test_user_self_change_password_wrong_current" time="0.345" /><testcase classname="tests.test_coverage_boost_2.TestUserAPIExtended" name="test_user_self_change_password_missing_fields" time="0.269" /><testcase classname="tests.test_coverage_boost_2.TestUserAPIExtended" name="test_user_delete_by_admin" time="0.361" /><testcase classname="tests.test_coverage_boost_2.TestUserAPIExtended" name="test_user_delete_not_found" time="0.264" /><testcase classname="tests.test_coverage_boost_2.TestUserAPIExtended" name="test_user_delete_forbidden_for_user" time="0.266" /><testcase classname="tests.test_coverage_boost_2.TestUserAPIExtended" name="test_user_update_forbidden_for_other" time="0.349" /><testcase classname="tests.test_coverage_boost_2.TestUserAPIExtended" name="test_user_update_password_via_update_rejected" time="0.266" /><testcase classname="tests.test_coverage_boost_2.TestUserAPIExtended" name="test_user_assign_role" time="0.350" /><testcase classname="tests.test_coverage_boost_2.TestUserAPIExtended" name="test_user_assign_role_invalid" time="0.348" /><testcase classname="tests.test_coverage_boost_2.TestUserAPIExtended" name="test_user_preferences_self" time="0.579" /><testcase classname="tests.test_coverage_boost_2.TestUserAPIExtended" name="test_user_preferences_no_fields" time="0.276" /><testcase classname="tests.test_coverage_boost_2.TestUserAPIExtended" name="test_user_list_search" time="0.275" /><testcase classname="tests.test_coverage_boost_2.TestDataExportImport" name="test_export_full" time="0.277" /><testcase classname="tests.test_coverage_boost_2.TestDataExportImport" name="test_export_table" time="0.272" /><testcase classname="tests.test_coverage_boost_2.TestDataExportImport" name="test_export_list_tables" time="0.263" /><testcase classname="tests.test_coverage_boost_2.TestDataExportImport" name="test_import_preflight" time="0.271" /><testcase classname="tests.test_coverage_boost_2.TestSloganAPIExtended" name="test_slogan_get_by_id" time="0.276" /><testcase classname="tests.test_coverage_boost_2.TestSloganAPIExtended" name="test_slogan_get_not_found" time="0.268" /><testcase classname="tests.test_coverage_boost_2.TestSloganAPIExtended" name="test_slogan_update_not_found" time="0.271" /><testcase classname="tests.test_coverage_boost_2.TestSloganAPIExtended" name="test_slogan_delete_not_found" time="0.272" /><testcase classname="tests.test_coverage_boost_2.TestSloganAPIExtended" name="test_slogan_list_with_filters" time="0.267" /><testcase classname="tests.test_coverage_boost_2.TestSloganAPIExtended" name="test_slogan_create_invalid_category" time="0.274" /><testcase classname="tests.test_coverage_boost_2.TestSloganAPIExtended" name="test_slogans_for_placement_list" time="0.094" /><testcase classname="tests.test_coverage_boost_2.TestSloganAPIExtended" name="test_slogan_resolve_with_lang" time="0.099" /><testcase classname="tests.test_coverage_boost_2.TestRoleAPIExtended" name="test_role_list_admin" time="0.269" /><testcase classname="tests.test_coverage_boost_2.TestRoleAPIExtended" name="test_role_create_if_supported" time="0.271" /><testcase classname="tests.test_coverage_boost_2.TestAdminLogsExtended" name="test_admin_logs_with_filters" time="0.589" /><testcase classname="tests.test_coverage_boost_2.TestAdminLogsExtended" name="test_admin_logs_pagination" time="0.268" /><testcase classname="tests.test_coverage_boost_2.TestServiceLevel" name="test_area_service_validation" time="0.092" /><testcase classname="tests.test_coverage_boost_2.TestServiceLevel" name="test_area_service_get_by_slug" time="0.090" /><testcase classname="tests.test_coverage_boost_2.TestServiceLevel" name="test_slogan_service_parse_dt" time="0.095" /><testcase classname="tests.test_coverage_boost_2.TestServiceLevel" name="test_data_export_service" time="0.105" /><testcase classname="tests.test_coverage_boost_2.TestServiceLevel" name="test_data_export_service_unknown_table" time="0.097" /><testcase classname="tests.test_coverage_boost_2.TestServiceLevel" name="test_data_import_preflight" time="0.092" /><testcase classname="tests.test_coverage_boost_2.TestServiceLevel" name="test_wiki_service_functions" time="0.096" /><testcase classname="tests.test_coverage_boost_2.TestServiceLevel" name="test_news_service_functions" time="0.095" /><testcase classname="tests.test_coverage_boost_2.TestServiceLevel" name="test_slogan_service_crud" time="0.105" /><testcase classname="tests.test_coverage_boost_2.TestServiceLevel" name="test_area_service_create_delete" time="0.106" /><testcase classname="tests.test_coverage_boost_2.TestServiceLevel" name="test_feature_registry" time="0.095" /><testcase classname="tests.test_coverage_boost_2.TestServiceLevel" name="test_permissions_helpers" time="0.092" /><testcase classname="tests.test_coverage_boost_2.TestServiceLevel" name="test_web_auth_helpers" time="0.096" /><testcase classname="tests.test_coverage_boost_2.TestServiceLevel" name="test_csv_safe" time="0.094" /><testcase classname="tests.test_coverage_boost_2.TestServiceLevel" name="test_html_sanitizer" time="0.098" /><testcase classname="tests.test_coverage_expansion.TestAuthorizationBoundaries" name="test_non_admin_cannot_access_admin_analytics" time="0.263" /><testcase classname="tests.test_coverage_expansion.TestAuthorizationBoundaries" name="test_moderator_cannot_delete_user" time="0.351" /><testcase classname="tests.test_coverage_expansion.TestAuthorizationBoundaries" name="test_user_cannot_modify_other_user_profile" time="0.356" /><testcase classname="tests.test_coverage_expansion.TestAuthorizationBoundaries" name="test_unverified_user_cannot_post" time="0.094" /><testcase classname="tests.test_coverage_expansion.TestAuthorizationBoundaries" name="test_banned_user_cannot_authenticate" time="0.395" /><testcase classname="tests.test_coverage_expansion.TestConstraintValidation" name="test_duplicate_username_rejected" time="0.174" /><testcase classname="tests.test_coverage_expansion.TestConstraintValidation" name="test_duplicate_email_rejected" time="0.176" /><testcase classname="tests.test_coverage_expansion.TestConstraintValidation" name="test_invalid_email_format_rejected" time="0.096" /><testcase classname="tests.test_coverage_expansion.TestConstraintValidation" name="test_weak_password_rejected" time="0.097" /><testcase classname="tests.test_coverage_expansion.TestConstraintValidation" name="test_forum_thread_requires_category" time="0.262" /><testcase classname="tests.test_coverage_expansion.TestConstraintValidation" name="test_news_duplicate_slug_rejected" time="0.277" /><testcase classname="tests.test_coverage_expansion.TestStateTransitions" name="test_cannot_unpublish_already_unpublished_article" time="0.260" /><testcase classname="tests.test_coverage_expansion.TestStateTransitions" name="test_cannot_lock_already_locked_thread" time="0.272"><skipped type="pytest.skip" message="Could not create or find locked thread">C:\Users\YvesT\PycharmProjects\WorldOfShadows\backend\tests\test_coverage_expansion.py:222: Could not create or find locked thread</skipped></testcase><testcase classname="tests.test_coverage_expansion.TestStateTransitions" name="test_publish_then_unpublish_article" time="0.279" /><testcase classname="tests.test_coverage_expansion.TestActivityLogging" name="test_thread_lock_creates_activity_log" time="0.263"><skipped type="pytest.skip" message="Could not find category or test user for activity log test">C:\Users\YvesT\PycharmProjects\WorldOfShadows\backend\tests\test_coverage_expansion.py:294: Could not find category or test user for activity log test</skipped></testcase><testcase classname="tests.test_coverage_expansion.TestActivityLogging" name="test_post_hide_creates_activity_log" time="0.267" /><testcase classname="tests.test_coverage_expansion.TestActivityLogging" name="test_activity_log_includes_before_after" time="0.262" /><testcase classname="tests.test_coverage_expansion.TestErrorResponses" name="test_404_for_nonexistent_resource" time="0.270" /><testcase classname="tests.test_coverage_expansion.TestErrorResponses" name="test_400_for_missing_required_fields" time="0.270" /><testcase classname="tests.test_coverage_expansion.TestErrorResponses" name="test_401_without_jwt_token" time="0.091" /><testcase classname="tests.test_coverage_expansion.TestErrorResponses" name="test_429_rate_limit_enforced" time="0.437"><skipped type="pytest.skip" message="Rate limit not enforced in test environment">C:\Users\YvesT\PycharmProjects\WorldOfShadows\backend\tests\test_coverage_expansion.py:399: Rate limit not enforced in test environment</skipped></testcase><testcase classname="tests.test_coverage_expansion.TestBulkOperations" name="test_bulk_thread_lock" time="0.264" /><testcase classname="tests.test_coverage_expansion.TestBulkOperations" name="test_bulk_post_hide" time="0.261" /><testcase classname="tests.test_coverage_expansion.TestServiceLayerEdgeCases" name="test_cannot_create_forum_thread_in_archived_category" time="0.527"><skipped type="pytest.skip" message="No category available for test">C:\Users\YvesT\PycharmProjects\WorldOfShadows\backend\tests\test_coverage_expansion.py:447: No category available for test</skipped></testcase><testcase classname="tests.test_coverage_expansion.TestServiceLayerEdgeCases" name="test_news_search_respects_published_status" time="0.095" /><testcase classname="tests.test_coverage_expansion.TestServiceLayerEdgeCases" name="test_pagination_respects_limits" time="0.270" /><testcase classname="tests.test_csrf_protection.TestCSRFConfiguration" name="test_csrf_enabled_in_app" time="0.454" /><testcase classname="tests.test_csrf_protection.TestCSRFConfiguration" name="test_csrf_disabled_in_testing" time="2.071"><failure message="AssertionError: assert True == False&#10; +  where True = &lt;built-in method get of Config object at 0x000001EE5E75CCD0&gt;('WTF_CSRF_ENABLED')&#10; +    where &lt;built-in method get of Config object at 0x000001EE5E75CCD0&gt; = &lt;Config {'DEBUG': False, 'TESTING': True, 'PROPAGATE_EXCEPTIONS': None, 'SECRET_KEY': 'IXm12T1JMvruxlVhk-FA5616wb-5qFUKd4IgDvdLhTc', 'SECRET_KEY_FALLBACKS': None, 'PERMANENT_SESSION_LIFETIME': datetime.timedelta(days=31), 'USE_X_SENDFILE': False, 'TRUSTED_HOSTS': None, 'SERVER_NAME': None, 'APPLICATION_ROOT': '/', 'SESSION_COOKIE_NAME': 'session', 'SESSION_COOKIE_DOMAIN': None, 'SESSION_COOKIE_PATH': None, 'SESSION_COOKIE_HTTPONLY': True, 'SESSION_COOKIE_SECURE': False, 'SESSION_COOKIE_PARTITIONED': False, 'SESSION_COOKIE_SAMESITE': 'Lax', 'SESSION_REFRESH_EACH_REQUEST': True, 'MAX_CONTENT_LENGTH': 16777216, 'MAX_FORM_MEMORY_SIZE': 500000, 'MAX_FORM_PARTS': 1000, 'SEND_FILE_MAX_AGE_DEFAULT': None, 'TRAP_BAD_REQUEST_ERRORS': None, 'TRAP_HTTP_EXCEPTIONS': False, 'EXPLAIN_TEMPLATE_LOADING': False, 'PREFERRED_URL_SCHEME': 'http', 'TEMPLATES_AUTO_RELOAD': None, 'MAX_COOKIE_SIZE': 4093, 'PROVIDE_AUTOMATIC_OPTIONS': True, 'APP_PUBLIC_BASE_URL': None, 'CORS_ORIGINS': ['http://127.0.0.1:5001', 'http://localhost:5001'], 'DEFAULT_LANGUAGE': 'de', 'EMAIL_VERIFICATION_ENABLED': False, 'EMAIL_VERIFICATION_TTL_HOURS': 24, 'ENFORCE_HTTPS': False, 'FRONTEND_URL': None, 'GAME_TICKET_TTL_SECONDS': 300, 'JWT_ACCESS_TOKEN_EXPIRES': 86400, 'JWT_ALGORITHM': 'HS256', 'JWT_HEADER_NAME': 'Authorization', 'JWT_HEADER_TYPE': 'Bearer', 'JWT_REFRESH_TOKEN_EXPIRES': 604800, 'JWT_SECRET_KEY': 'lPnUyoYSoQsatlPW7SAUqUskhRcFdbkVHn_q0PHwmRg', 'MAIL_DEFAULT_SENDER': 'noreply@worldofshadows.local', 'MAIL_ENABLED': False, 'MAIL_PASSWORD': 'your-password', 'MAIL_PORT': 587, 'MAIL_SERVER': 'smtp.example.com', 'MAIL_USERNAME': 'your@email.com', 'MAIL_USE_SSL': False, 'MAIL_USE_TLS': False, 'N8N_SERVICE_TOKEN': None, 'N8N_WEBHOOK_SECRET': None, 'N8N_WEBHOOK_URL': None, 'PLAY_SERVICE_INTERNAL_API_KEY': None, 'PLAY_SERVICE_INTERNAL_URL': None, 'PLAY_SERVICE_PUBLIC_URL': None, 'PLAY_SERVICE_REQUEST_TIMEOUT': 30, 'PLAY_SERVICE_SHARED_SECRET': None, 'PREFER_HTTPS': False, 'RATELIMIT_DEFAULT': '100 per minute', 'RATELIMIT_STORAGE_URI': 'memory://', 'REGISTRATION_REQUIRE_EMAIL': True, 'REQUIRE_EMAIL_VERIFICATION_FOR_LOGIN': True, 'SQLALCHEMY_DATABASE_URI': 'sqlite:///C:/Users/YvesT/PycharmProjects/WorldOfShadows/backend/instance/wos.db', 'SQLALCHEMY_TRACK_MODIFICATIONS': False, 'SUPPORTED_LANGUAGES': ['en', 'fr', 'de', 'es', 'it', 'pt', 'ru', 'zh', 'ja', 'ko'], 'SQLALCHEMY_ENGINE_OPTIONS': {}, 'SQLALCHEMY_ECHO': False, 'SQLALCHEMY_BINDS': {}, 'SQLALCHEMY_RECORD_QUERIES': False, 'JWT_ACCESS_COOKIE_NAME': 'access_token_cookie', 'JWT_ACCESS_COOKIE_PATH': '/', 'JWT_ACCESS_CSRF_COOKIE_NAME': 'csrf_access_token', 'JWT_ACCESS_CSRF_COOKIE_PATH': '/', 'JWT_ACCESS_CSRF_FIELD_NAME': 'csrf_token', 'JWT_ACCESS_CSRF_HEADER_NAME': 'X-CSRF-TOKEN', 'JWT_COOKIE_CSRF_PROTECT': True, 'JWT_COOKIE_DOMAIN': None, 'JWT_COOKIE_SAMESITE': None, 'JWT_COOKIE_SECURE': False, 'JWT_CSRF_CHECK_FORM': False, 'JWT_CSRF_IN_COOKIES': True, 'JWT_CSRF_METHODS': ['POST', 'PUT', 'PATCH', 'DELETE'], 'JWT_DECODE_ALGORITHMS': None, 'JWT_DECODE_AUDIENCE': None, 'JWT_DECODE_ISSUER': None, 'JWT_DECODE_LEEWAY': 0, 'JWT_ENCODE_AUDIENCE': None, 'JWT_ENCODE_ISSUER': None, 'JWT_ERROR_MESSAGE_KEY': 'msg', 'JWT_IDENTITY_CLAIM': 'sub', 'JWT_JSON_KEY': 'access_token', 'JWT_PRIVATE_KEY': None, 'JWT_PUBLIC_KEY': None, 'JWT_QUERY_STRING_NAME': 'jwt', 'JWT_QUERY_STRING_VALUE_PREFIX': '', 'JWT_REFRESH_COOKIE_NAME': 'refresh_token_cookie', 'JWT_REFRESH_COOKIE_PATH': '/', 'JWT_REFRESH_CSRF_COOKIE_NAME': 'csrf_refresh_token', 'JWT_REFRESH_CSRF_COOKIE_PATH': '/', 'JWT_REFRESH_CSRF_FIELD_NAME': 'csrf_token', 'JWT_REFRESH_CSRF_HEADER_NAME': 'X-CSRF-TOKEN', 'JWT_REFRESH_JSON_KEY': 'refresh_token', 'JWT_SESSION_COOKIE': True, 'JWT_TOKEN_LOCATION': ('headers',), 'JWT_VERIFY_SUB': True, 'JWT_ENCODE_NBF': True, 'RATELIMIT_ENABLED': False, 'WTF_CSRF_ENABLED': True, 'WTF_CSRF_CHECK_DEFAULT': True, 'WTF_CSRF_METHODS': {'PUT', 'PATCH', 'POST', 'DELETE'}, 'WTF_CSRF_FIELD_NAME': 'csrf_token', 'WTF_CSRF_HEADERS': ['X-CSRFToken', 'X-CSRF-Token'], 'WTF_CSRF_TIME_LIMIT': 3600, 'WTF_CSRF_SSL_STRICT': True}&gt;.get&#10; +      where &lt;Config {'DEBUG': False, 'TESTING': True, 'PROPAGATE_EXCEPTIONS': None, 'SECRET_KEY': 'IXm12T1JMvruxlVhk-FA5616wb-5qFUKd4IgDvdLhTc', 'SECRET_KEY_FALLBACKS': None, 'PERMANENT_SESSION_LIFETIME': datetime.timedelta(days=31), 'USE_X_SENDFILE': False, 'TRUSTED_HOSTS': None, 'SERVER_NAME': None, 'APPLICATION_ROOT': '/', 'SESSION_COOKIE_NAME': 'session', 'SESSION_COOKIE_DOMAIN': None, 'SESSION_COOKIE_PATH': None, 'SESSION_COOKIE_HTTPONLY': True, 'SESSION_COOKIE_SECURE': False, 'SESSION_COOKIE_PARTITIONED': False, 'SESSION_COOKIE_SAMESITE': 'Lax', 'SESSION_REFRESH_EACH_REQUEST': True, 'MAX_CONTENT_LENGTH': 16777216, 'MAX_FORM_MEMORY_SIZE': 500000, 'MAX_FORM_PARTS': 1000, 'SEND_FILE_MAX_AGE_DEFAULT': None, 'TRAP_BAD_REQUEST_ERRORS': None, 'TRAP_HTTP_EXCEPTIONS': False, 'EXPLAIN_TEMPLATE_LOADING': False, 'PREFERRED_URL_SCHEME': 'http', 'TEMPLATES_AUTO_RELOAD': None, 'MAX_COOKIE_SIZE': 4093, 'PROVIDE_AUTOMATIC_OPTIONS': True, 'APP_PUBLIC_BASE_URL': None, 'CORS_ORIGINS': ['http://127.0.0.1:5001', 'http://localhost:5001'], 'DEFAULT_LANGUAGE': 'de', 'EMAIL_VERIFICATION_ENABLED': False, 'EMAIL_VERIFICATION_TTL_HOURS': 24, 'ENFORCE_HTTPS': False, 'FRONTEND_URL': None, 'GAME_TICKET_TTL_SECONDS': 300, 'JWT_ACCESS_TOKEN_EXPIRES': 86400, 'JWT_ALGORITHM': 'HS256', 'JWT_HEADER_NAME': 'Authorization', 'JWT_HEADER_TYPE': 'Bearer', 'JWT_REFRESH_TOKEN_EXPIRES': 604800, 'JWT_SECRET_KEY': 'lPnUyoYSoQsatlPW7SAUqUskhRcFdbkVHn_q0PHwmRg', 'MAIL_DEFAULT_SENDER': 'noreply@worldofshadows.local', 'MAIL_ENABLED': False, 'MAIL_PASSWORD': 'your-password', 'MAIL_PORT': 587, 'MAIL_SERVER': 'smtp.example.com', 'MAIL_USERNAME': 'your@email.com', 'MAIL_USE_SSL': False, 'MAIL_USE_TLS': False, 'N8N_SERVICE_TOKEN': None, 'N8N_WEBHOOK_SECRET': None, 'N8N_WEBHOOK_URL': None, 'PLAY_SERVICE_INTERNAL_API_KEY': None, 'PLAY_SERVICE_INTERNAL_URL': None, 'PLAY_SERVICE_PUBLIC_URL': None, 'PLAY_SERVICE_REQUEST_TIMEOUT': 30, 'PLAY_SERVICE_SHARED_SECRET': None, 'PREFER_HTTPS': False, 'RATELIMIT_DEFAULT': '100 per minute', 'RATELIMIT_STORAGE_URI': 'memory://', 'REGISTRATION_REQUIRE_EMAIL': True, 'REQUIRE_EMAIL_VERIFICATION_FOR_LOGIN': True, 'SQLALCHEMY_DATABASE_URI': 'sqlite:///C:/Users/YvesT/PycharmProjects/WorldOfShadows/backend/instance/wos.db', 'SQLALCHEMY_TRACK_MODIFICATIONS': False, 'SUPPORTED_LANGUAGES': ['en', 'fr', 'de', 'es', 'it', 'pt', 'ru', 'zh', 'ja', 'ko'], 'SQLALCHEMY_ENGINE_OPTIONS': {}, 'SQLALCHEMY_ECHO': False, 'SQLALCHEMY_BINDS': {}, 'SQLALCHEMY_RECORD_QUERIES': False, 'JWT_ACCESS_COOKIE_NAME': 'access_token_cookie', 'JWT_ACCESS_COOKIE_PATH': '/', 'JWT_ACCESS_CSRF_COOKIE_NAME': 'csrf_access_token', 'JWT_ACCESS_CSRF_COOKIE_PATH': '/', 'JWT_ACCESS_CSRF_FIELD_NAME': 'csrf_token', 'JWT_ACCESS_CSRF_HEADER_NAME': 'X-CSRF-TOKEN', 'JWT_COOKIE_CSRF_PROTECT': True, 'JWT_COOKIE_DOMAIN': None, 'JWT_COOKIE_SAMESITE': None, 'JWT_COOKIE_SECURE': False, 'JWT_CSRF_CHECK_FORM': False, 'JWT_CSRF_IN_COOKIES': True, 'JWT_CSRF_METHODS': ['POST', 'PUT', 'PATCH', 'DELETE'], 'JWT_DECODE_ALGORITHMS': None, 'JWT_DECODE_AUDIENCE': None, 'JWT_DECODE_ISSUER': None, 'JWT_DECODE_LEEWAY': 0, 'JWT_ENCODE_AUDIENCE': None, 'JWT_ENCODE_ISSUER': None, 'JWT_ERROR_MESSAGE_KEY': 'msg', 'JWT_IDENTITY_CLAIM': 'sub', 'JWT_JSON_KEY': 'access_token', 'JWT_PRIVATE_KEY': None, 'JWT_PUBLIC_KEY': None, 'JWT_QUERY_STRING_NAME': 'jwt', 'JWT_QUERY_STRING_VALUE_PREFIX': '', 'JWT_REFRESH_COOKIE_NAME': 'refresh_token_cookie', 'JWT_REFRESH_COOKIE_PATH': '/', 'JWT_REFRESH_CSRF_COOKIE_NAME': 'csrf_refresh_token', 'JWT_REFRESH_CSRF_COOKIE_PATH': '/', 'JWT_REFRESH_CSRF_FIELD_NAME': 'csrf_token', 'JWT_REFRESH_CSRF_HEADER_NAME': 'X-CSRF-TOKEN', 'JWT_REFRESH_JSON_KEY': 'refresh_token', 'JWT_SESSION_COOKIE': True, 'JWT_TOKEN_LOCATION': ('headers',), 'JWT_VERIFY_SUB': True, 'JWT_ENCODE_NBF': True, 'RATELIMIT_ENABLED': False, 'WTF_CSRF_ENABLED': True, 'WTF_CSRF_CHECK_DEFAULT': True, 'WTF_CSRF_METHODS': {'PUT', 'PATCH', 'POST', 'DELETE'}, 'WTF_CSRF_FIELD_NAME': 'csrf_token', 'WTF_CSRF_HEADERS': ['X-CSRFToken', 'X-CSRF-Token'], 'WTF_CSRF_TIME_LIMIT': 3600, 'WTF_CSRF_SSL_STRICT': True}&gt; = &lt;Flask 'app'&gt;.config">tests\test_csrf_protection.py:30: in test_csrf_disabled_in_testing
    assert app.config.get("WTF_CSRF_ENABLED") == False
E   AssertionError: assert True == False
E    +  where True = &lt;built-in method get of Config object at 0x000001EE5E75CCD0&gt;('WTF_CSRF_ENABLED')
E    +    where &lt;built-in method get of Config object at 0x000001EE5E75CCD0&gt; = &lt;Config {'DEBUG': False, 'TESTING': True, 'PROPAGATE_EXCEPTIONS': None, 'SECRET_KEY': 'IXm12T1JMvruxlVhk-FA5616wb-5qFUKd4IgDvdLhTc', 'SECRET_KEY_FALLBACKS': None, 'PERMANENT_SESSION_LIFETIME': datetime.timedelta(days=31), 'USE_X_SENDFILE': False, 'TRUSTED_HOSTS': None, 'SERVER_NAME': None, 'APPLICATION_ROOT': '/', 'SESSION_COOKIE_NAME': 'session', 'SESSION_COOKIE_DOMAIN': None, 'SESSION_COOKIE_PATH': None, 'SESSION_COOKIE_HTTPONLY': True, 'SESSION_COOKIE_SECURE': False, 'SESSION_COOKIE_PARTITIONED': False, 'SESSION_COOKIE_SAMESITE': 'Lax', 'SESSION_REFRESH_EACH_REQUEST': True, 'MAX_CONTENT_LENGTH': 16777216, 'MAX_FORM_MEMORY_SIZE': 500000, 'MAX_FORM_PARTS': 1000, 'SEND_FILE_MAX_AGE_DEFAULT': None, 'TRAP_BAD_REQUEST_ERRORS': None, 'TRAP_HTTP_EXCEPTIONS': False, 'EXPLAIN_TEMPLATE_LOADING': False, 'PREFERRED_URL_SCHEME': 'http', 'TEMPLATES_AUTO_RELOAD': None, 'MAX_COOKIE_SIZE': 4093, 'PROVIDE_AUTOMATIC_OPTIONS': True, 'APP_PUBLIC_BASE_URL': None, 'CORS_ORIGINS': ['http://127.0.0.1:5001', 'http://localhost:5001'], 'DEFAULT_LANGUAGE': 'de', 'EMAIL_VERIFICATION_ENABLED': False, 'EMAIL_VERIFICATION_TTL_HOURS': 24, 'ENFORCE_HTTPS': False, 'FRONTEND_URL': None, 'GAME_TICKET_TTL_SECONDS': 300, 'JWT_ACCESS_TOKEN_EXPIRES': 86400, 'JWT_ALGORITHM': 'HS256', 'JWT_HEADER_NAME': 'Authorization', 'JWT_HEADER_TYPE': 'Bearer', 'JWT_REFRESH_TOKEN_EXPIRES': 604800, 'JWT_SECRET_KEY': 'lPnUyoYSoQsatlPW7SAUqUskhRcFdbkVHn_q0PHwmRg', 'MAIL_DEFAULT_SENDER': 'noreply@worldofshadows.local', 'MAIL_ENABLED': False, 'MAIL_PASSWORD': 'your-password', 'MAIL_PORT': 587, 'MAIL_SERVER': 'smtp.example.com', 'MAIL_USERNAME': 'your@email.com', 'MAIL_USE_SSL': False, 'MAIL_USE_TLS': False, 'N8N_SERVICE_TOKEN': None, 'N8N_WEBHOOK_SECRET': None, 'N8N_WEBHOOK_URL': None, 'PLAY_SERVICE_INTERNAL_API_KEY': None, 'PLAY_SERVICE_INTERNAL_URL': None, 'PLAY_SERVICE_PUBLIC_URL': None, 'PLAY_SERVICE_REQUEST_TIMEOUT': 30, 'PLAY_SERVICE_SHARED_SECRET': None, 'PREFER_HTTPS': False, 'RATELIMIT_DEFAULT': '100 per minute', 'RATELIMIT_STORAGE_URI': 'memory://', 'REGISTRATION_REQUIRE_EMAIL': True, 'REQUIRE_EMAIL_VERIFICATION_FOR_LOGIN': True, 'SQLALCHEMY_DATABASE_URI': 'sqlite:///C:/Users/YvesT/PycharmProjects/WorldOfShadows/backend/instance/wos.db', 'SQLALCHEMY_TRACK_MODIFICATIONS': False, 'SUPPORTED_LANGUAGES': ['en', 'fr', 'de', 'es', 'it', 'pt', 'ru', 'zh', 'ja', 'ko'], 'SQLALCHEMY_ENGINE_OPTIONS': {}, 'SQLALCHEMY_ECHO': False, 'SQLALCHEMY_BINDS': {}, 'SQLALCHEMY_RECORD_QUERIES': False, 'JWT_ACCESS_COOKIE_NAME': 'access_token_cookie', 'JWT_ACCESS_COOKIE_PATH': '/', 'JWT_ACCESS_CSRF_COOKIE_NAME': 'csrf_access_token', 'JWT_ACCESS_CSRF_COOKIE_PATH': '/', 'JWT_ACCESS_CSRF_FIELD_NAME': 'csrf_token', 'JWT_ACCESS_CSRF_HEADER_NAME': 'X-CSRF-TOKEN', 'JWT_COOKIE_CSRF_PROTECT': True, 'JWT_COOKIE_DOMAIN': None, 'JWT_COOKIE_SAMESITE': None, 'JWT_COOKIE_SECURE': False, 'JWT_CSRF_CHECK_FORM': False, 'JWT_CSRF_IN_COOKIES': True, 'JWT_CSRF_METHODS': ['POST', 'PUT', 'PATCH', 'DELETE'], 'JWT_DECODE_ALGORITHMS': None, 'JWT_DECODE_AUDIENCE': None, 'JWT_DECODE_ISSUER': None, 'JWT_DECODE_LEEWAY': 0, 'JWT_ENCODE_AUDIENCE': None, 'JWT_ENCODE_ISSUER': None, 'JWT_ERROR_MESSAGE_KEY': 'msg', 'JWT_IDENTITY_CLAIM': 'sub', 'JWT_JSON_KEY': 'access_token', 'JWT_PRIVATE_KEY': None, 'JWT_PUBLIC_KEY': None, 'JWT_QUERY_STRING_NAME': 'jwt', 'JWT_QUERY_STRING_VALUE_PREFIX': '', 'JWT_REFRESH_COOKIE_NAME': 'refresh_token_cookie', 'JWT_REFRESH_COOKIE_PATH': '/', 'JWT_REFRESH_CSRF_COOKIE_NAME': 'csrf_refresh_token', 'JWT_REFRESH_CSRF_COOKIE_PATH': '/', 'JWT_REFRESH_CSRF_FIELD_NAME': 'csrf_token', 'JWT_REFRESH_CSRF_HEADER_NAME': 'X-CSRF-TOKEN', 'JWT_REFRESH_JSON_KEY': 'refresh_token', 'JWT_SESSION_COOKIE': True, 'JWT_TOKEN_LOCATION': ('headers',), 'JWT_VERIFY_SUB': True, 'JWT_ENCODE_NBF': True, 'RATELIMIT_ENABLED': False, 'WTF_CSRF_ENABLED': True, 'WTF_CSRF_CHECK_DEFAULT': True, 'WTF_CSRF_METHODS': {'PUT', 'PATCH', 'POST', 'DELETE'}, 'WTF_CSRF_FIELD_NAME': 'csrf_token', 'WTF_CSRF_HEADERS': ['X-CSRFToken', 'X-CSRF-Token'], 'WTF_CSRF_TIME_LIMIT': 3600, 'WTF_CSRF_SSL_STRICT': True}&gt;.get
E    +      where &lt;Config {'DEBUG': False, 'TESTING': True, 'PROPAGATE_EXCEPTIONS': None, 'SECRET_KEY': 'IXm12T1JMvruxlVhk-FA5616wb-5qFUKd4IgDvdLhTc', 'SECRET_KEY_FALLBACKS': None, 'PERMANENT_SESSION_LIFETIME': datetime.timedelta(days=31), 'USE_X_SENDFILE': False, 'TRUSTED_HOSTS': None, 'SERVER_NAME': None, 'APPLICATION_ROOT': '/', 'SESSION_COOKIE_NAME': 'session', 'SESSION_COOKIE_DOMAIN': None, 'SESSION_COOKIE_PATH': None, 'SESSION_COOKIE_HTTPONLY': True, 'SESSION_COOKIE_SECURE': False, 'SESSION_COOKIE_PARTITIONED': False, 'SESSION_COOKIE_SAMESITE': 'Lax', 'SESSION_REFRESH_EACH_REQUEST': True, 'MAX_CONTENT_LENGTH': 16777216, 'MAX_FORM_MEMORY_SIZE': 500000, 'MAX_FORM_PARTS': 1000, 'SEND_FILE_MAX_AGE_DEFAULT': None, 'TRAP_BAD_REQUEST_ERRORS': None, 'TRAP_HTTP_EXCEPTIONS': False, 'EXPLAIN_TEMPLATE_LOADING': False, 'PREFERRED_URL_SCHEME': 'http', 'TEMPLATES_AUTO_RELOAD': None, 'MAX_COOKIE_SIZE': 4093, 'PROVIDE_AUTOMATIC_OPTIONS': True, 'APP_PUBLIC_BASE_URL': None, 'CORS_ORIGINS': ['http://127.0.0.1:5001', 'http://localhost:5001'], 'DEFAULT_LANGUAGE': 'de', 'EMAIL_VERIFICATION_ENABLED': False, 'EMAIL_VERIFICATION_TTL_HOURS': 24, 'ENFORCE_HTTPS': False, 'FRONTEND_URL': None, 'GAME_TICKET_TTL_SECONDS': 300, 'JWT_ACCESS_TOKEN_EXPIRES': 86400, 'JWT_ALGORITHM': 'HS256', 'JWT_HEADER_NAME': 'Authorization', 'JWT_HEADER_TYPE': 'Bearer', 'JWT_REFRESH_TOKEN_EXPIRES': 604800, 'JWT_SECRET_KEY': 'lPnUyoYSoQsatlPW7SAUqUskhRcFdbkVHn_q0PHwmRg', 'MAIL_DEFAULT_SENDER': 'noreply@worldofshadows.local', 'MAIL_ENABLED': False, 'MAIL_PASSWORD': 'your-password', 'MAIL_PORT': 587, 'MAIL_SERVER': 'smtp.example.com', 'MAIL_USERNAME': 'your@email.com', 'MAIL_USE_SSL': False, 'MAIL_USE_TLS': False, 'N8N_SERVICE_TOKEN': None, 'N8N_WEBHOOK_SECRET': None, 'N8N_WEBHOOK_URL': None, 'PLAY_SERVICE_INTERNAL_API_KEY': None, 'PLAY_SERVICE_INTERNAL_URL': None, 'PLAY_SERVICE_PUBLIC_URL': None, 'PLAY_SERVICE_REQUEST_TIMEOUT': 30, 'PLAY_SERVICE_SHARED_SECRET': None, 'PREFER_HTTPS': False, 'RATELIMIT_DEFAULT': '100 per minute', 'RATELIMIT_STORAGE_URI': 'memory://', 'REGISTRATION_REQUIRE_EMAIL': True, 'REQUIRE_EMAIL_VERIFICATION_FOR_LOGIN': True, 'SQLALCHEMY_DATABASE_URI': 'sqlite:///C:/Users/YvesT/PycharmProjects/WorldOfShadows/backend/instance/wos.db', 'SQLALCHEMY_TRACK_MODIFICATIONS': False, 'SUPPORTED_LANGUAGES': ['en', 'fr', 'de', 'es', 'it', 'pt', 'ru', 'zh', 'ja', 'ko
[...]
user_routes.TestUsersBookmarks" name="test_bookmarks_requires_authentication" time="0.198" /><testcase classname="tests.test_user_routes.TestUsersBookmarks" name="test_bookmarks_self_user_access" time="0.308" /><testcase classname="tests.test_user_routes.TestUsersBookmarks" name="test_bookmarks_other_user_forbidden" time="0.292" /><testcase classname="tests.test_user_routes.TestUsersBookmarks" name="test_bookmarks_admin_can_access_any" time="0.379" /><testcase classname="tests.test_user_routes.TestUsersBookmarks" name="test_bookmarks_pagination" time="0.348" /><testcase classname="tests.test_user_service_generated" name="test_validate_password_valid" time="0.107" /><testcase classname="tests.test_user_service_generated" name="test_validate_password_invalid_length" time="0.101" /><testcase classname="tests.test_user_service_generated" name="test_validate_password_missing_uppercase" time="0.106" /><testcase classname="tests.test_user_service_generated" name="test_validate_password_missing_lowercase" time="0.104" /><testcase classname="tests.test_user_service_generated" name="test_validate_password_missing_digit" time="0.102" /><testcase classname="tests.test_user_service_generated" name="test_get_user_by_username_found" time="0.187" /><testcase classname="tests.test_user_service_generated" name="test_get_user_by_username_case_insensitive" time="0.204" /><testcase classname="tests.test_user_service_generated" name="test_get_user_by_username_not_found" time="0.106" /><testcase classname="tests.test_user_service_generated" name="test_verify_user_incorrect_password" time="0.301" /><testcase classname="tests.test_user_service_generated" name="test_get_user_by_email_found" time="0.194" /><testcase classname="tests.test_user_service_generated" name="test_get_user_by_email_case_insensitive" time="0.194" /><testcase classname="tests.test_user_service_generated" name="test_get_user_by_email_not_found" time="0.107" /><testcase classname="tests.test_users_api" name="test_users_list_without_token_returns_401" time="0.118" /><testcase classname="tests.test_users_api" name="test_users_list_as_admin_returns_200_and_structure" time="0.307" /><testcase classname="tests.test_users_api" name="test_users_list_as_non_admin_returns_403" time="0.295" /><testcase classname="tests.test_users_api" name="test_users_get_self_returns_200" time="0.287" /><testcase classname="tests.test_users_api" name="test_users_get_as_admin_other_user_returns_200" time="0.386" /><testcase classname="tests.test_users_api" name="test_users_get_as_non_admin_other_user_returns_403" time="0.379" /><testcase classname="tests.test_users_api" name="test_users_get_404" time="0.289" /><testcase classname="tests.test_users_api" name="test_users_get_without_token_returns_401" time="0.981" /><testcase classname="tests.test_users_api" name="test_users_update_self_returns_200" time="0.298" /><testcase classname="tests.test_users_api" name="test_users_update_as_admin_other_user_returns_200" time="0.391" /><testcase classname="tests.test_users_api" name="test_users_update_as_non_admin_other_user_returns_403" time="0.382" /><testcase classname="tests.test_users_api" name="test_users_update_404" time="0.282" /><testcase classname="tests.test_users_api" name="test_users_delete_as_admin_returns_200" time="0.380"><failure message="assert 429 == 200&#10; +  where 429 = &lt;WrapperTestResponse streamed [429 TOO MANY REQUESTS]&gt;.status_code">tests\test_users_api.py:130: in test_users_delete_as_admin_returns_200
    assert r.status_code == 200
E   assert 429 == 200
E    +  where 429 = &lt;WrapperTestResponse streamed [429 TOO MANY REQUESTS]&gt;.status_code</failure></testcase><testcase classname="tests.test_users_api" name="test_users_delete_as_non_admin_returns_403" time="0.392" /><testcase classname="tests.test_users_api" name="test_users_delete_404" time="0.288"><failure message="assert 429 == 404&#10; +  where 429 = &lt;WrapperTestResponse streamed [429 TOO MANY REQUESTS]&gt;.status_code">tests\test_users_api.py:149: in test_users_delete_404
    assert r.status_code == 404
E   assert 429 == 404
E    +  where 429 = &lt;WrapperTestResponse streamed [429 TOO MANY REQUESTS]&gt;.status_code</failure></testcase><testcase classname="tests.test_users_api" name="test_users_delete_without_token_returns_401" time="0.199" /><testcase classname="tests.test_users_api" name="test_users_get_self_banned_returns_403" time="0.196" /><testcase classname="tests.test_users_api" name="test_users_assign_role_as_admin_returns_200" time="0.391"><failure message="assert 429 == 200&#10; +  where 429 = &lt;WrapperTestResponse streamed [429 TOO MANY REQUESTS]&gt;.status_code">tests\test_users_api.py:179: in test_users_assign_role_as_admin_returns_200
    assert r.status_code == 200
E   assert 429 == 200
E    +  where 429 = &lt;WrapperTestResponse streamed [429 TOO MANY REQUESTS]&gt;.status_code</failure></testcase><testcase classname="tests.test_users_api" name="test_users_assign_role_as_non_admin_returns_403" time="0.297" /><testcase classname="tests.test_users_api" name="test_users_assign_role_invalid_returns_400" time="0.375"><failure message="assert 429 == 400&#10; +  where 429 = &lt;WrapperTestResponse streamed [429 TOO MANY REQUESTS]&gt;.status_code">tests\test_users_api.py:207: in test_users_assign_role_invalid_returns_400
    assert r.status_code == 400
E   assert 429 == 400
E    +  where 429 = &lt;WrapperTestResponse streamed [429 TOO MANY REQUESTS]&gt;.status_code</failure></testcase><testcase classname="tests.test_users_api" name="test_users_ban_as_admin_returns_200" time="0.405" /><testcase classname="tests.test_users_api" name="test_users_ban_as_non_admin_returns_403" time="0.296" /><testcase classname="tests.test_users_api" name="test_users_unban_as_admin_returns_200" time="0.385"><failure message="assert 429 == 200&#10; +  where 429 = &lt;WrapperTestResponse streamed [429 TOO MANY REQUESTS]&gt;.status_code">tests\test_users_api.py:243: in test_users_unban_as_admin_returns_200
    assert r.status_code == 200
E   assert 429 == 200
E    +  where 429 = &lt;WrapperTestResponse streamed [429 TOO MANY REQUESTS]&gt;.status_code</failure></testcase><testcase classname="tests.test_users_api" name="test_users_unban_as_non_admin_returns_403" time="0.388" /><testcase classname="tests.test_users_api" name="test_users_list_as_admin_includes_ban_fields" time="0.394" /><testcase classname="tests.test_users_api" name="test_users_get_as_admin_includes_ban_fields" time="0.441" /><testcase classname="tests.test_users_api" name="test_users_list_includes_role_level" time="0.451" /><testcase classname="tests.test_users_api" name="test_admin_cannot_edit_user_with_equal_role_level" time="0.474" /><testcase classname="tests.test_users_api" name="test_admin_cannot_edit_user_with_higher_role_level" time="0.489" /><testcase classname="tests.test_users_api" name="test_admin_cannot_delete_user_with_equal_or_higher_role_level" time="0.531" /><testcase classname="tests.test_users_api" name="test_admin_cannot_ban_user_with_higher_role_level" time="0.383"><failure message="assert 429 == 403&#10; +  where 429 = &lt;WrapperTestResponse streamed [429 TOO MANY REQUESTS]&gt;.status_code">tests\test_users_api.py:331: in test_admin_cannot_ban_user_with_higher_role_level
    assert r.status_code == 403
E   assert 429 == 403
E    +  where 429 = &lt;WrapperTestResponse streamed [429 TOO MANY REQUESTS]&gt;.status_code</failure></testcase><testcase classname="tests.test_users_api" name="test_non_super_admin_cannot_increase_own_role_level" time="0.317" /><testcase classname="tests.test_users_api" name="test_super_admin_may_increase_own_role_level" time="0.318" /><testcase classname="tests.test_web" name="test_home_returns_200" time="0.116" /><testcase classname="tests.test_web" name="test_web_health_returns_ok" time="0.910" /><testcase classname="tests.test_web" name="test_wiki_returns_200" time="0.124" /><testcase classname="tests.test_web" name="test_login_get_returns_200" time="0.114" /><testcase classname="tests.test_web" name="test_login_post_invalid_credentials" time="0.116" /><testcase classname="tests.test_web" name="test_login_post_success_redirects_to_dashboard" time="0.313" /><testcase classname="tests.test_web" name="test_login_get_when_logged_in_redirects_to_dashboard" time="0.299" /><testcase classname="tests.test_web" name="test_login_banned_user_redirects_to_blocked" time="0.288" /><testcase classname="tests.test_web" name="test_blocked_page_returns_200" time="0.114" /><testcase classname="tests.test_web" name="test_get_logout_rejected" time="0.110" /><testcase classname="tests.test_web" name="test_logout_post_redirects_and_clears_session" time="0.326" /><testcase classname="tests.test_web" name="test_dashboard_anonymous_redirects_to_login" time="0.108" /><testcase classname="tests.test_web" name="test_dashboard_logged_in_returns_200" time="0.296" /><testcase classname="tests.test_web" name="test_login_post_without_csrf_rejected" time="0.187" /><testcase classname="tests.test_web" name="test_404_returns_custom_page" time="0.119" /><testcase classname="tests.test_web" name="test_register_get_returns_200" time="0.115" /><testcase classname="tests.test_web" name="test_register_post_without_email_redirects_to_login_when_email_optional" time="0.218" /><testcase classname="tests.test_web" name="test_register_post_missing_email_shows_error_when_email_required" time="0.113" /><testcase classname="tests.test_web" name="test_register_post_success_redirects_to_pending" time="0.204" /><testcase classname="tests.test_web" name="test_register_post_password_mismatch_shows_error" time="0.110" /><testcase classname="tests.test_web" name="test_register_post_duplicate_username_shows_error" time="0.209" /><testcase classname="tests.test_web" name="test_register_post_weak_password_shows_error" time="0.111" /><testcase classname="tests.test_web" name="test_register_preserves_username_on_error" time="0.127" /><testcase classname="tests.test_web" name="test_forgot_password_get_returns_200" time="0.123" /><testcase classname="tests.test_web" name="test_forgot_password_post_unknown_email_shows_generic_message" time="0.120" /><testcase classname="tests.test_web" name="test_forgot_password_post_known_email_shows_success_message" time="0.209" /><testcase classname="tests.test_web" name="test_reset_password_with_invalid_token_redirects" time="0.109" /><testcase classname="tests.test_web" name="test_reset_password_flow" time="0.408" /><testcase classname="tests.test_web" name="test_reset_password_token_unusable_after_use" time="0.316" /><testcase classname="tests.test_web" name="test_reset_password_mismatch_shows_error" time="0.208" /><testcase classname="tests.test_web" name="test_register_pending_get_returns_200" time="0.119" /><testcase classname="tests.test_web" name="test_activate_valid_token_redirects_to_login" time="0.243" /><testcase classname="tests.test_web" name="test_login_blocked_for_unverified_user_when_verification_enabled" time="0.325" /><testcase classname="tests.test_web" name="test_resend_verification_get_returns_200" time="0.110" /><testcase classname="tests.test_web_open_redirect" name="test_login_success_with_evil_next_redirects_to_dashboard" time="0.282" /><testcase classname="tests.test_wiki_api" name="test_wiki_get_without_auth_returns_401" time="0.101" /><testcase classname="tests.test_wiki_api" name="test_wiki_get_with_user_role_returns_403" time="0.305" /><testcase classname="tests.test_wiki_api" name="test_wiki_get_with_moderator_returns_200" time="0.319" /><testcase classname="tests.test_wiki_api" name="test_wiki_get_missing_file_returns_empty_content" time="0.300" /><testcase classname="tests.test_wiki_api" name="test_wiki_put_without_auth_returns_401" time="0.110" /><testcase classname="tests.test_wiki_api" name="test_wiki_put_with_moderator_writes_file" time="0.316" /><testcase classname="tests.test_wiki_api" name="test_wiki_put_without_body_returns_400" time="0.302" /><testcase classname="tests.test_wiki_api" name="test_wiki_put_without_content_key_returns_400" time="1.117" /><testcase classname="tests.test_wiki_public" name="test_wiki_page_get_returns_discussion_link_when_linked" time="0.127" /><testcase classname="tests.test_wiki_public" name="test_wiki_page_get_no_discussion_link_when_not_linked" time="0.114" /><testcase classname="tests.test_wiki_service_coverage.TestGetWikiPageByKey" name="test_get_existing_page" time="0.200" /><testcase classname="tests.test_wiki_service_coverage.TestGetWikiPageByKey" name="test_get_nonexistent_page" time="0.129" /><testcase classname="tests.test_wiki_service_coverage.TestGetWikiPageByKey" name="test_get_page_with_none_key" time="0.101" /><testcase classname="tests.test_wiki_service_coverage.TestGetWikiPageByKey" name="test_get_page_with_empty_string" time="0.117" /><testcase classname="tests.test_wiki_service_coverage.TestGetWikiPageByKey" name="test_get_page_with_whitespace" time="0.201" /><testcase classname="tests.test_wiki_service_coverage.TestGetWikiTranslation" name="test_get_existing_translation" time="0.201" /><testcase classname="tests.test_wiki_service_coverage.TestGetWikiTranslation" name="test_get_nonexistent_translation" time="0.201" /><testcase classname="tests.test_wiki_service_coverage.TestGetWikiTranslation" name="test_get_translation_with_none_page_id" time="0.117" /><testcase classname="tests.test_wiki_service_coverage.TestGetWikiTranslation" name="test_get_translation_with_none_language" time="0.211" /><testcase classname="tests.test_wiki_service_coverage.TestGetEffectiveWikiTranslation" name="test_get_translation_with_exact_language" time="0.207" /><testcase classname="tests.test_wiki_service_coverage.TestGetEffectiveWikiTranslation" name="test_get_translation_fallback_to_first" time="0.204" /><testcase classname="tests.test_wiki_service_coverage.TestGetEffectiveWikiTranslation" name="test_get_translation_invalid_language" time="0.202" /><testcase classname="tests.test_wiki_service_coverage.TestGetWikiMarkdownForDisplay" name="test_get_markdown_for_index_page" time="0.218" /><testcase classname="tests.test_wiki_service_coverage.TestGetWikiMarkdownForDisplay" name="test_get_markdown_nonexistent_index" time="0.111" /><testcase classname="tests.test_wiki_service_coverage.TestGetWikiPageBySlug" name="test_get_page_by_slug_published" time="0.207" /><testcase classname="tests.test_wiki_service_coverage.TestGetWikiPageBySlug" name="test_get_page_by_slug_unpublished" time="0.194" /><testcase classname="tests.test_wiki_service_coverage.TestGetWikiPageBySlug" name="test_get_page_by_slug_case_insensitive" time="0.199" /><testcase classname="tests.test_wiki_service_coverage.TestGetWikiPageBySlug" name="test_get_page_by_slug_nonexistent" time="0.126" /><testcase classname="tests.test_wiki_service_coverage.TestListRelatedThreads" name="test_list_related_threads_for_page" time="0.222" /><testcase classname="tests.test_wiki_service_coverage.TestListRelatedThreads" name="test_list_related_threads_no_threads" time="0.206" /><testcase classname="tests.test_wiki_service_coverage.TestListRelatedThreads" name="test_list_related_threads_with_none_id" time="0.104" /><testcase classname="tests.test_wiki_service_coverage.TestListRelatedThreads" name="test_list_related_threads_respects_limit" time="0.200" /><testcase classname="tests.test_wiki_service_coverage.TestListWikiPages" name="test_list_wiki_pages" time="0.196" /><testcase classname="tests.test_wiki_service_coverage.TestListWikiPages" name="test_list_wiki_pages_ordered_by_sort_order" time="0.215" /><testcase classname="tests.test_wiki_service_coverage.TestGetWikiPageById" name="test_get_page_by_id" time="0.201" /><testcase classname="tests.test_wiki_service_coverage.TestGetWikiPageById" name="test_get_page_by_id_not_found" time="0.112" /><testcase classname="tests.test_wiki_service_coverage.TestGetWikiPageById" name="test_get_page_by_id_none" time="0.099" /><testcase classname="tests.test_wiki_service_coverage.TestCreateWikiPage" name="test_create_page_success" time="0.104" /><testcase classname="tests.test_wiki_service_coverage.TestCreateWikiPage" name="test_create_page_empty_key" time="0.102" /><testcase classname="tests.test_wiki_service_coverage.TestCreateWikiPage" name="test_create_page_duplicate_key" time="0.197" /><testcase classname="tests.test_wiki_service_coverage.TestCreateWikiPage" name="test_create_page_with_parent" time="0.109" /><testcase classname="tests.test_wiki_service_coverage.TestUpdateWikiPage" name="test_update_page_key" time="0.231" /><testcase classname="tests.test_wiki_service_coverage.TestUpdateWikiPage" name="test_update_page_sort_order" time="0.199" /><testcase classname="tests.test_wiki_service_coverage.TestUpdateWikiPage" name="test_update_page_is_published" time="0.207" /><testcase classname="tests.test_wiki_service_coverage.TestUpdateWikiPage" name="test_update_page_not_found" time="0.103" /><testcase classname="tests.test_wiki_service_coverage.TestUpdateWikiPage" name="test_update_page_empty_key" time="0.234" /><testcase classname="tests.test_wiki_service_coverage.TestListWikiPageTranslations" name="test_list_translations" time="0.228" /><testcase classname="tests.test_wiki_service_coverage.TestListWikiPageTranslations" name="test_list_translations_not_found" time="0.941" /><testcase classname="tests.test_wiki_service_coverage.TestListWikiPageTranslations" name="test_list_translations_includes_missing" time="0.197" /><testcase classname="tests.test_wiki_service_coverage.TestGetWikiPageTranslation" name="test_get_translation_by_language" time="0.208" /><testcase classname="tests.test_wiki_service_coverage.TestGetWikiPageTranslation" name="test_get_translation_invalid_language" time="0.200" /><testcase classname="tests.test_wiki_service_coverage.TestGetWikiPageTranslation" name="test_get_translation_case_insensitive" time="0.213" /><testcase classname="tests.test_wiki_service_coverage.TestUpsertWikiPageTranslation" name="test_upsert_new_translation" time="0.243" /><testcase classname="tests.test_wiki_service_coverage.TestUpsertWikiPageTranslation" name="test_upsert_update_translation" time="0.202" /><testcase classname="tests.test_wiki_service_coverage.TestUpsertWikiPageTranslation" name="test_upsert_new_requires_title_and_slug" time="0.206" /><testcase classname="tests.test_wiki_service_coverage.TestUpsertWikiPageTranslation" name="test_upsert_invalid_language" time="0.201" /><testcase classname="tests.test_wiki_service_coverage.TestUpsertWikiPageTranslation" name="test_upsert_page_not_found" time="0.101" /><testcase classname="tests.test_wiki_service_coverage.TestSubmitReviewWikiTranslation" name="test_submit_review_success" time="0.221" /><testcase classname="tests.test_wiki_service_coverage.TestApproveWikiTranslation" name="test_approve_translation_success" time="0.285" /><testcase classname="tests.test_wiki_service_coverage.TestPublishWikiTranslation" name="test_publish_translation_success" time="0.204" /><testcase classname="tests.test_wiki_service_coverage.TestMarkWikiTranslationsOutdated" name="test_mark_outdated_all_except_one" time="0.205" /><testcase classname="tests.test_wiki_service_coverage.TestWikiSlugValidation" name="test_wiki_slug_exists_for_lang" time="0.198" /><testcase classname="tests.test_wiki_service_coverage.TestWikiSlugValidation" name="test_wiki_slug_exists_returns_false_for_new" time="0.145" /><testcase classname="tests.test_wiki_service_coverage.TestWikiSlugValidation" name="test_wiki_slug_exists_case_insensitive" time="0.244" /><testcase classname="tests.test_wiki_service_coverage.TestWikiSlugValidation" name="test_wiki_slug_exists_with_exclusion" time="0.208" /><testcase classname="tests.test_wiki_service_coverage.TestSuggestedThreadsForWikiPage" name="test_get_suggested_threads" time="0.207" /><testcase classname="tests.test_wiki_service_coverage.TestSuggestedThreadsForWikiPage" name="test_get_suggested_threads_nonexistent_page" time="0.107" /></testsuite></testsuites>