<?xml version="1.0" encoding="utf-8"?><testsuites name="pytest tests"><testsuite name="pytest" errors="0" failures="0" skipped="0" tests="58" time="47.044" timestamp="2026-04-06T00:21:07.817118+02:00" hostname="Hollywood"><testcase classname="tests.writers_room.test_writers_room_model_routing.TestCostClass" name="test_cost_class_low_for_none_and_low_raw" time="0.220" /><testcase classname="tests.writers_room.test_writers_room_model_routing.TestCostClass" name="test_cost_class_high_for_high_raw" time="0.130" /><testcase classname="tests.writers_room.test_writers_room_model_routing.TestCostClass" name="test_cost_class_medium_for_unknown_raw" time="0.132" /><testcase classname="tests.writers_room.test_writers_room_model_routing.TestLatencyClass" name="test_latency_class_low_for_very_low" time="0.132" /><testcase classname="tests.writers_room.test_writers_room_model_routing.TestLatencyClass" name="test_latency_class_high_for_high" time="0.133" /><testcase classname="tests.writers_room.test_writers_room_model_routing.TestLatencyClass" name="test_latency_class_medium_for_unknown" time="0.127" /><testcase classname="tests.writers_room.test_writers_room_model_routing.TestTaskKindsForUseCases" name="test_task_kinds_for_empty_use_cases_returns_fallback" time="0.126" /><testcase classname="tests.writers_room.test_writers_room_model_routing.TestTaskKindsForUseCases" name="test_task_kinds_for_narrative_formulation_adds_revision_synthesis" time="0.127" /><testcase classname="tests.writers_room.test_writers_room_model_routing.TestTaskKindsForUseCases" name="test_task_kinds_for_scene_direction_adds_revision_synthesis" time="0.128" /><testcase classname="tests.writers_room.test_writers_room_model_routing.TestTaskKindsForUseCases" name="test_task_kinds_for_synthesis_use_case" time="0.125" /><testcase classname="tests.writers_room.test_writers_room_model_routing.TestTaskKindsForUseCases" name="test_task_kinds_for_multiple_mapped_use_cases" time="0.231" /><testcase classname="tests.writers_room.test_writers_room_model_routing.TestTaskKindsForUseCases" name="test_task_kinds_for_mock_provider_returns_all_task_kinds" time="0.123" /><testcase classname="tests.writers_room.test_writers_room_model_routing.TestModelSpecToAdapterModelSpec" name="test_model_spec_to_adapter_model_spec_openai_llm_premium_tier" time="0.124" /><testcase classname="tests.writers_room.test_writers_room_model_routing.TestModelSpecToAdapterModelSpec" name="test_model_spec_to_adapter_model_spec_slm_light_tier" time="0.125" /><testcase classname="tests.writers_room.test_writers_room_model_routing.TestModelSpecToAdapterModelSpec" name="test_model_spec_to_adapter_model_spec_other_llm_standard_tier" time="0.122" /><testcase classname="tests.writers_room.test_writers_room_model_routing.TestModelSpecToAdapterModelSpec" name="test_model_spec_to_adapter_model_spec_structured_output_reliability" time="0.124" /><testcase classname="tests.writers_room.test_writers_room_model_routing.TestModelSpecToAdapterModelSpec" name="test_model_spec_to_adapter_model_spec_degrade_targets_for_openai" time="0.126" /><testcase classname="tests.writers_room.test_writers_room_model_routing.TestModelSpecToAdapterModelSpec" name="test_model_spec_to_adapter_model_spec_degrade_targets_for_ollama" time="0.124" /><testcase classname="tests.writers_room.test_writers_room_model_routing.TestModelSpecToAdapterModelSpec" name="test_model_spec_to_adapter_model_spec_mock_provider_gets_all_task_kinds" time="0.123" /><testcase classname="tests.writers_room.test_writers_room_model_routing.TestModelSpecToAdapterModelSpec" name="test_model_spec_to_adapter_model_spec_cost_and_latency_classes" time="0.122" /><testcase classname="tests.writers_room.test_writers_room_model_routing.TestModelSpecToAdapterModelSpec" name="test_model_spec_to_adapter_model_spec_metadata_includes_source" time="0.127" /><testcase classname="tests.writers_room.test_writers_room_model_routing.TestBuildWritersRoomModelRouteSpecs" name="test_build_writers_room_model_route_specs_with_stub_registry_produces_specs" time="0.126" /><testcase classname="tests.writers_room.test_writers_room_model_routing.TestBuildWritersRoomModelRouteSpecs" name="test_build_writers_room_model_route_specs_empty_registry_produces_empty_list" time="0.129" /><testcase classname="tests.writers_room.test_writers_room_model_routing.TestBuildWritersRoomModelRouteSpecs" name="test_build_writers_room_model_route_specs_degrade_flag_for_ollama" time="0.131" /><testcase classname="tests.writers_room.test_writers_room_routes" name="test_writers_room_review_requires_jwt" time="0.131" /><testcase classname="tests.writers_room.test_writers_room_routes" name="test_writers_room_unified_review_calls_context_retriever_once" time="26.459" /><testcase classname="tests.writers_room.test_writers_room_routes" name="test_writers_room_review_runs_unified_stack_flow" time="0.895" /><testcase classname="tests.writers_room.test_writers_room_routes" name="test_writers_room_patch_candidates_have_preview_summary_and_confidence" time="0.810" /><testcase classname="tests.writers_room.test_writers_room_routes" name="test_proposal_package_langchain_preview_paths_materialized" time="0.809" /><testcase classname="tests.writers_room.test_writers_room_routes" name="test_revision_submit_preserves_prior_snapshot_and_refreshes_artifacts" time="1.255" /><testcase classname="tests.writers_room.test_writers_room_routes" name="test_revision_submit_rejected_when_not_pending_revision" time="1.693" /><testcase classname="tests.writers_room.test_writers_room_routes" name="test_writers_room_review_state_transition_and_fetch" time="0.842" /><testcase classname="tests.writers_room.test_writers_room_routes" name="test_writers_room_retrieval_sources_materially_change_proposal_artifacts" time="1.208" /><testcase classname="tests.writers_room.test_writers_room_routes" name="test_writers_room_review_bundle_tool_output_in_review_summary" time="1.184" /><testcase classname="tests.writers_room.test_writers_room_routes" name="test_writers_room_revise_then_accept_hitl_loop" time="0.818" /><testcase classname="tests.writers_room.test_writers_room_routes" name="test_writers_room_invalid_decision_rejected[]" time="0.789" /><testcase classname="tests.writers_room.test_writers_room_routes" name="test_writers_room_invalid_decision_rejected[maybe]" time="0.819" /><testcase classname="tests.writers_room.test_writers_room_routes" name="test_writers_room_invalid_decision_rejected[approve]" time="0.815" /><testcase classname="tests.writers_room.test_writers_room_routes" name="test_writers_room_cannot_finalize_twice" time="0.983" /><testcase classname="tests.writers_room.test_writers_room_routes" name="test_post_review_missing_module_id_validation" time="0.302" /><testcase classname="tests.writers_room.test_writers_room_routes" name="test_post_review_missing_module_id_returns_400" time="0.308" /><testcase classname="tests.writers_room.test_writers_room_unit.TestNormWrAdapter" name="test_norm_wr_adapter_strips_and_lowercases" time="0.124" /><testcase classname="tests.writers_room.test_writers_room_unit.TestNormWrAdapter" name="test_norm_wr_adapter_handles_none" time="0.121" /><testcase classname="tests.writers_room.test_writers_room_unit.TestContextFingerprint" name="test_context_fingerprint_is_deterministic" time="0.127" /><testcase classname="tests.writers_room.test_writers_room_unit.TestContextFingerprint" name="test_context_fingerprint_truncates_to_max_bytes" time="0.127" /><testcase classname="tests.writers_room.test_writers_room_unit.TestContextFingerprint" name="test_context_fingerprint_handles_unicode" time="0.124" /><testcase classname="tests.writers_room.test_writers_room_unit.TestWorkflowStageIds" name="test_workflow_stage_ids_extracts_ids" time="0.128" /><testcase classname="tests.writers_room.test_writers_room_unit.TestWorkflowStageIds" name="test_workflow_stage_ids_ignores_non_dict_entries" time="0.124" /><testcase classname="tests.writers_room.test_writers_room_unit.TestWorkflowStageIds" name="test_workflow_stage_ids_empty_list" time="0.125" /><testcase classname="tests.writers_room.test_writers_room_unit.TestAppendWorkflowStage" name="test_append_workflow_stage_adds_entry_with_timestamp" time="0.126" /><testcase classname="tests.writers_room.test_writers_room_unit.TestAppendWorkflowStage" name="test_append_workflow_stage_includes_artifact_key_when_given" time="0.125" /><testcase classname="tests.writers_room.test_writers_room_unit.TestAppendWorkflowStage" name="test_append_workflow_stage_omits_artifact_key_when_not_given" time="0.127" /><testcase classname="tests.writers_room.test_writers_room_unit.TestLangchainPreviewDocuments" name="test_langchain_preview_documents_from_context_pack_happy_path" time="0.128" /><testcase classname="tests.writers_room.test_writers_room_unit.TestLangchainPreviewDocuments" name="test_langchain_preview_documents_from_context_pack_no_sources_returns_empty" time="0.127" /><testcase classname="tests.writers_room.test_writers_room_unit.TestLangchainPreviewDocuments" name="test_langchain_preview_documents_from_context_pack_skips_empty_rows" time="0.129" /><testcase classname="tests.writers_room.test_writers_room_unit.TestLangchainPreviewDocuments" name="test_langchain_preview_documents_from_context_pack_limits_to_max_chunks" time="0.130" /><testcase classname="tests.writers_room.test_writers_room_unit.TestWritersRoomStoreIntegration" name="test_writers_room_store_write_and_read_review" time="0.335" /><testcase classname="tests.writers_room.test_writers_room_unit.TestWritersRoomStoreIntegration" name="test_writers_room_store_read_raises_file_not_found" time="0.131" /></testsuite></testsuites>