<?xml version="1.0" encoding="utf-8"?><testsuites name="pytest tests"><testsuite name="pytest" errors="0" failures="0" skipped="0" tests="19" time="2.487" timestamp="2026-04-24T02:07:16.932663+02:00" hostname="Hollywood"><testcase classname="tests.integration.test_mcp_integration.TestMCPIntegration" name="test_mcp_surface_end_to_end" time="0.238" /><testcase classname="tests.integration.test_mcp_integration.TestMCPIntegration" name="test_operating_profiles_control_access" time="0.111" /><testcase classname="tests.integration.test_mcp_integration.TestMCPIntegration" name="test_mcp_client_with_canonical_surface" time="0.111" /><testcase classname="tests.integration.test_mcp_integration.TestMCPIntegration" name="test_fail_closed_on_unknown_profile" time="0.111" /><testcase classname="tests.integration.test_mcp_integration.TestMCPIntegration" name="test_mcp_tool_specs_are_valid" time="0.109" /><testcase classname="tests.integration.test_story_runtime_experience" name="test_canonical_defaults_are_recap_and_safe" time="0.109" /><testcase classname="tests.integration.test_story_runtime_experience" name="test_normalize_drops_unknown_keys_and_coerces" time="0.109" /><testcase classname="tests.integration.test_story_runtime_experience" name="test_delivery_profile_overrides_apply_before_advanced_fields" time="0.109" /><testcase classname="tests.integration.test_story_runtime_experience" name="test_validate_catches_misleading_live_combination" time="0.109" /><testcase classname="tests.integration.test_story_runtime_experience" name="test_validate_catches_auto_progress_on_recap" time="0.168" /><testcase classname="tests.integration.test_story_runtime_experience" name="test_recap_policy_caps_pulses_and_exchange" time="0.130" /><testcase classname="tests.integration.test_story_runtime_experience" name="test_dramatic_turn_caps_to_two_pulses" time="0.146" /><testcase classname="tests.integration.test_story_runtime_experience" name="test_live_mode_is_marked_partial_foundation" time="0.134" /><testcase classname="tests.integration.test_story_runtime_experience" name="test_extract_policy_from_resolved_config_missing_section_uses_defaults" time="0.124" /><testcase classname="tests.integration.test_story_runtime_experience" name="test_recap_packaging_is_narration_dominant" time="0.141" /><testcase classname="tests.integration.test_story_runtime_experience" name="test_dramatic_turn_packaging_promotes_dialogue_and_action" time="0.117" /><testcase classname="tests.integration.test_story_runtime_experience" name="test_live_packaging_may_emit_multiple_pulses" time="0.120" /><testcase classname="tests.integration.test_story_runtime_experience" name="test_modes_produce_materially_different_packaging" time="0.117" /><testcase classname="tests.integration.test_story_runtime_experience" name="test_truth_surface_includes_degradation_markers" time="0.131" /></testsuite></testsuites>