<?xml version="1.0" encoding="utf-8"?><testsuites name="pytest tests"><testsuite name="pytest" errors="0" failures="0" skipped="0" tests="16" time="204.450" timestamp="2026-04-05T13:40:34.770627+02:00" hostname="Hollywood"><testcase classname="tests.test_improvement_routes" name="test_variant_creation_with_parent_lineage" time="0.449" /><testcase classname="tests.test_improvement_routes" name="test_variant_creation_and_lineage" time="0.310" /><testcase classname="tests.test_improvement_routes" name="test_sandbox_execution_evaluation_and_recommendation_package" time="26.285" /><testcase classname="tests.test_improvement_routes" name="test_improvement_retrieval_paths_materially_affect_review_bundle_and_stored_evidence" time="97.255" /><testcase classname="tests.test_improvement_routes" name="test_improvement_experiment_reflects_empty_retrieval_in_trace_and_review_summary" time="25.076" /><testcase classname="tests.test_improvement_routes" name="test_improvement_recommendation_suffix_drops_when_transcript_helper_bypassed" time="24.909" /><testcase classname="tests.test_improvement_routes" name="test_apply_improvement_recommendation_decision_flow" time="0.190" /><testcase classname="tests.test_improvement_routes" name="test_improvement_recommendation_decision_http_route" time="0.442" /><testcase classname="tests.test_improvement_routes" name="test_governance_accessibility_lists_recommendation_packages" time="0.435" /><testcase classname="tests.test_improvement_routes" name="test_improvement_experiment_task2a_routing_calls_route_model_twice" time="0.982" /><testcase classname="tests.test_improvement_routes" name="test_improvement_experiment_reuses_cached_rag_stack" time="1.571" /><testcase classname="tests.test_improvement_routes" name="test_improvement_route_surfaces_capability_failures_honestly" time="24.548" /><testcase classname="tests.test_improvement_routes" name="test_sandbox_turn_uses_semantic_interpretation" time="0.152" /><testcase classname="tests.test_improvement_routes" name="test_sandbox_turn_action_input_is_classified_correctly" time="0.137" /><testcase classname="tests.test_improvement_routes" name="test_evaluate_experiment_builds_comparison_package_and_rationale" time="0.141" /><testcase classname="tests.test_improvement_routes" name="test_sandbox_experiment_evaluation_uses_interpretation_signals" time="0.144" /></testsuite></testsuites>