<?xml version="1.0" encoding="utf-8"?><testsuites name="pytest tests"><testsuite name="pytest" errors="0" failures="0" skipped="0" tests="13" time="1.977" timestamp="2026-04-23T16:02:56.142798+02:00" hostname="Hollywood"><testcase classname="tests.tools.test_python_docstring_synthesize" name="test_plan_block_comments_inserts_for_if_and_return" time="0.260" /><testcase classname="tests.tools.test_python_docstring_synthesize" name="test_apply_planned_comments" time="0.119" /><testcase classname="tests.tools.test_python_docstring_synthesize" name="test_emit_google_docstring_has_args_returns_and_type_line" time="0.110" /><testcase classname="tests.tools.test_python_docstring_synthesize" name="test_emit_google_docstring_apply_then_passes_google_audit" time="0.124" /><testcase classname="tests.tools.test_python_docstring_synthesize" name="test_main_json" time="0.118" /><testcase classname="tests.tools.test_python_documentation_audit" name="test_audit_file_detects_missing_docstrings" time="0.116" /><testcase classname="tests.tools.test_python_documentation_audit" name="test_iter_python_files_respects_exclude_glob" time="0.112" /><testcase classname="tests.tools.test_python_documentation_audit" name="test_main_exit_codes" time="0.115" /><testcase classname="tests.tools.test_python_documentation_audit" name="test_google_docstring_audit_accepts_indented_sections" time="0.112" /><testcase classname="tests.tools.test_python_documentation_audit" name="test_main_reports_syntax_errors" time="0.239" /><testcase classname="tests.tools.test_run_tests_orchestrator" name="test_all_suite_sequence_includes_root_groups" time="0.157" /><testcase classname="tests.tools.test_run_tests_orchestrator" name="test_get_suite_configs_all_keeps_external_lanes_opt_in" time="0.154" /><testcase classname="tests.tools.test_run_tests_orchestrator" name="test_get_suite_configs_can_add_external_lanes" time="0.202" /></testsuite></testsuites>