<?xml version="1.0" encoding="utf-8"?><testsuites name="pytest tests"><testsuite name="pytest" errors="22" failures="266" skipped="10" tests="1854" time="531.398" timestamp="2026-03-24T09:19:42.722729+01:00" hostname="Hollywood"><testcase classname="tests.test_account_lockout.TestAccountLockoutMechanism" name="test_initial_failed_login_attempts_zero" time="0.255" /><testcase classname="tests.test_account_lockout.TestAccountLockoutMechanism" name="test_failed_login_increments_counter" time="0.283" /><testcase classname="tests.test_account_lockout.TestAccountLockoutMechanism" name="test_failed_login_increments_to_5" time="0.645" /><testcase classname="tests.test_account_lockout.TestAccountLockoutMechanism" name="test_account_locked_after_5_failures" time="0.656" /><testcase classname="tests.test_account_lockout.TestAccountLockoutMechanism" name="test_6th_login_attempt_returns_429_locked" time="0.660" /><testcase classname="tests.test_account_lockout.TestAccountLockoutMechanism" name="test_successful_login_resets_counter" time="0.467" /><testcase classname="tests.test_account_lockout.TestAccountLockoutMechanism" name="test_successful_login_after_unlock_timeout" time="0.739" /><testcase classname="tests.test_account_lockout.TestAccountLockoutMechanism" name="test_locked_account_blocked_before_password_check" time="0.198" /><testcase classname="tests.test_account_lockout.TestAccountLockoutMechanism" name="test_unknown_username_no_counter_increment" time="0.115" /><testcase classname="tests.test_account_lockout.TestAccountLockoutMechanism" name="test_multiple_consecutive_locks" time="1.249" /><testcase classname="tests.test_account_lockout.TestAccountLockoutMechanism" name="test_lockout_activity_logging" time="0.714" /><testcase classname="tests.test_activity_log_sql_injection.TestActivityLogSQLInjectionProtection" name="test_sql_injection_user_filter_quote_escape" time="0.339" /><testcase classname="tests.test_activity_log_sql_injection.TestActivityLogSQLInjectionProtection" name="test_sql_injection_action_filter_double_quote" time="0.102"><failure message="TypeError: list_activity_logs() got an unexpected keyword argument 'action'">tests\test_activity_log_sql_injection.py:53: in test_sql_injection_action_filter_double_quote
    items, total = list_activity_logs(action=malicious_action)
                   ^^^^^^^^^^^^^^^^^^^^^^^^^^^^^^^^^^^^^^^^^^^
E   TypeError: list_activity_logs() got an unexpected keyword argument 'action'</failure></testcase><testcase classname="tests.test_activity_log_sql_injection.TestActivityLogSQLInjectionProtection" name="test_sql_injection_category_filter_union" time="0.107" /><testcase classname="tests.test_activity_log_sql_injection.TestActivityLogSQLInjectionProtection" name="test_sql_injection_date_range_integer_injection" time="0.109" /><testcase classname="tests.test_activity_log_sql_injection.TestActivityLogSQLInjectionProtection" name="test_sql_injection_date_to_boundary_check" time="0.106" /><testcase classname="tests.test_activity_log_sql_injection.TestActivityLogSQLInjectionProtection" name="test_sql_injection_chained_filters_no_concatenation" time="0.115" /><testcase classname="tests.test_activity_log_sql_injection.TestActivityLogSQLInjectionProtection" name="test_sql_injection_like_operator_with_wildcards" time="0.107" /><testcase classname="tests.test_activity_log_sql_injection.TestActivityLogSQLInjectionProtection" name="test_sql_injection_percent_sign_in_search" time="0.107" /><testcase classname="tests.test_activity_log_sql_injection.TestActivityLogSQLInjectionProtection" name="test_sql_injection_null_byte_injection" time="0.120" /><testcase classname="tests.test_activity_log_sql_injection.TestActivityLogSQLInjectionProtection" name="test_sql_injection_stacked_queries" time="0.111"><failure message="TypeError: list_activity_logs() got an unexpected keyword argument 'action'">tests\test_activity_log_sql_injection.py:221: in test_sql_injection_stacked_queries
    items, total = list_activity_logs(action=malicious_action)
                   ^^^^^^^^^^^^^^^^^^^^^^^^^^^^^^^^^^^^^^^^^^^
E   TypeError: list_activity_logs() got an unexpected keyword argument 'action'</failure></testcase><testcase classname="tests.test_activity_log_sql_injection.TestActivityLogSQLInjectionProtection" name="test_sql_injection_time_based_blind" time="0.111" /><testcase classname="tests.test_activity_log_sql_injection.TestActivityLogSQLInjectionProtection" name="test_sql_injection_comment_based_evasion" time="0.109" /><testcase classname="tests.test_activity_log_sql_injection.TestActivityLogSQLInjectionProtection" name="test_owasp_top10_sql_injection_example" time="0.099"><failure message="TypeError: log_activity() got an unexpected keyword argument 'actor_username_snapshot'">tests\test_activity_log_sql_injection.py:272: in test_owasp_top10_sql_injection_example
    log_activity(
E   TypeError: log_activity() got an unexpected keyword argument 'actor_username_snapshot'</failure></testcase><testcase classname="tests.test_activity_log_sql_injection.TestActivityLogSQLInjectionProtection" name="test_parameterized_query_verification" time="0.116" /><testcase classname="tests.test_admin_logs" name="test_registered_user_has_role_user" time="0.105"><failure message="assert 400 == 201&#10; +  where 400 = &lt;WrapperTestResponse streamed [400 BAD REQUEST]&gt;.status_code">tests\test_admin_logs.py:15: in test_registered_user_has_role_user
    assert response.status_code == 201
E   assert 400 == 201
E    +  where 400 = &lt;WrapperTestResponse streamed [400 BAD REQUEST]&gt;.status_code</failure></testcase><testcase classname="tests.test_admin_logs" name="test_user_role_helpers" time="0.384" /><testcase classname="tests.test_admin_logs" name="test_admin_logs_api_without_token_returns_401" time="0.106" /><testcase classname="tests.test_admin_logs" name="test_admin_logs_api_non_admin_returns_403" time="0.282" /><testcase classname="tests.test_admin_logs" name="test_admin_logs_api_admin_returns_200_and_structure" time="0.371" /><testcase classname="tests.test_admin_logs" name="test_admin_logs_api_filters" time="0.334" /><testcase classname="tests.test_admin_logs" name="test_activity_log_created_on_login" time="0.290" /><testcase classname="tests.test_admin_logs" name="test_dashboard_api_logs_non_admin_redirected" time="0.280" /><testcase classname="tests.test_admin_logs" name="test_dashboard_api_logs_admin_returns_json" time="0.300" /><testcase classname="tests.test_admin_logs" name="test_csv_export_admin_returns_csv" time="0.285"><failure message="assert 429 == 200&#10; +  where 429 = &lt;WrapperTestResponse streamed [429 TOO MANY REQUESTS]&gt;.status_code">tests\test_admin_logs.py:115: in test_csv_export_admin_returns_csv
    assert response.status_code == 200
E   assert 429 == 200
E    +  where 429 = &lt;WrapperTestResponse streamed [429 TOO MANY REQUESTS]&gt;.status_code</failure></testcase><testcase classname="tests.test_admin_logs" name="test_csv_export_non_admin_returns_403" time="0.285" /><testcase classname="tests.test_admin_security.TestIPWhitelistCheck" name="test_ip_whitelist_disabled_allows_all" time="0.105" /><testcase classname="tests.test_admin_security.TestIPWhitelistCheck" name="test_ip_whitelist_enabled_blocks_unauthorized" time="0.104" /><testcase classname="tests.test_admin_security.TestIPWhitelistIntegration" name="test_ip_whitelist_config" time="0.100" /><testcase classname="tests.test_admin_security.TestRoleLevelVerification" name="test_super_admin_role_level_constant" time="0.001" /><testcase classname="tests.test_admin_security.TestRoleLevelVerification" name="test_require_super_admin_config" time="0.001" /><testcase classname="tests.test_admin_security.TestTwoFactorVerification" name="test_2fa_not_required_when_attribute_missing" time="0.212" /><testcase classname="tests.test_admin_security.TestTwoFactorVerification" name="test_2fa_verification_logic" time="0.183" /><testcase classname="tests.test_admin_security.TestPerAdminRateLimiting" name="test_rate_limit_config_created" time="0.001" /><testcase classname="tests.test_admin_security.TestPerAdminRateLimiting" name="test_default_rate_limit" time="0.001" /><testcase classname="tests.test_admin_security.TestPerAdminRateLimiting" name="test_rate_limit_disabled" time="0.001" /><testcase classname="tests.test_admin_security.TestAuditLogging" name="test_audit_logging_configuration" time="0.001" /><testcase classname="tests.test_admin_security.TestAuditLogging" name="test_audit_logging_functions_exist" time="0.001" /><testcase classname="tests.test_admin_security.TestAttackScenarios" name="test_ip_whitelist_functionality" time="0.103" /><testcase classname="tests.test_admin_security.TestAttackScenarios" name="test_security_config_immutability" time="0.001" /><testcase classname="tests.test_admin_security.TestAttackScenarios" name="test_client_ip_extraction" time="0.104" /><testcase classname="tests.test_admin_security.TestSensitiveOperations" name="test_sensitive_operation_config" time="0.001" /><testcase classname="tests.test_admin_security.TestSensitiveOperations" name="test_user_deletion_requires_2fa" time="0.104" /><testcase classname="tests.test_analytics_api.TestAnalyticsSummary" name="test_admin_can_access_analytics_summary" time="0.289" /><testcase classname="tests.test_analytics_api.TestAnalyticsSummary" name="test_analytics_summary_includes_user_counts" time="0.376" /><testcase classname="tests.test_analytics_api.TestAnalyticsSummary" name="test_analytics_summary_includes_report_queue" time="0.293" /><testcase classname="tests.test_analytics_api.TestAnalyticsSummary" name="test_non_admin_cannot_access_analytics_summary" time="0.330" /><testcase classname="tests.test_analytics_api.TestAnalyticsSummary" name="test_unauthenticated_cannot_access_analytics_summary" time="0.251" /><testcase classname="tests.test_analytics_api.TestAnalyticsSummary" name="test_analytics_summary_with_date_range" time="0.322" /><testcase classname="tests.test_analytics_api.TestAnalyticsTimeline" name="test_admin_can_access_analytics_timeline" time="0.288" /><testcase classname="tests.test_analytics_api.TestAnalyticsTimeline" name="test_moderator_can_access_analytics_timeline" time="0.312" /><testcase classname="tests.test_analytics_api.TestAnalyticsTimeline" name="test_timeline_includes_multiple_metrics" time="0.293" /><testcase classname="tests.test_analytics_api.TestAnalyticsTimeline" name="test_timeline_filters_by_metric" time="0.282" /><testcase classname="tests.test_analytics_api.TestAnalyticsTimeline" name="test_non_admin_non_moderator_cannot_access_timeline" time="0.305" /><testcase classname="tests.test_analytics_api.TestAnalyticsUsers" name="test_admin_can_access_analytics_users" time="0.301" /><testcase classname="tests.test_analytics_api.TestAnalyticsUsers" name="test_analytics_users_includes_role_distribution" time="0.300" /><testcase classname="tests.test_analytics_api.TestAnalyticsUsers" name="test_analytics_users_respects_limit" time="0.286" /><testcase classname="tests.test_analytics_api.TestAnalyticsUsers" name="test_non_admin_cannot_access_analytics_users" time="0.319" /><testcase classname="tests.test_analytics_api.TestAnalyticsContent" name="test_admin_can_access_analytics_content" time="0.314" /><testcase classname="tests.test_analytics_api.TestAnalyticsContent" name="test_moderator_can_access_analytics_content" time="0.291" /><testcase classname="tests.test_analytics_api.TestAnalyticsContent" name="test_analytics_content_includes_freshness" time="0.330" /><testcase classname="tests.test_analytics_api.TestAnalyticsContent" name="test_non_admin_non_moderator_cannot_access_content" time="0.292" /><testcase classname="tests.test_analytics_api.TestAnalyticsModeration" name="test_admin_can_access_analytics_moderation" time="0.288" /><testcase classname="tests.test_analytics_api.TestAnalyticsModeration" name="test_moderator_can_access_analytics_moderation" time="0.307" /><testcase classname="tests.test_analytics_api.TestAnalyticsModeration" name="test_analytics_moderation_includes_queue_status" time="0.391" /><testcase classname="tests.test_analytics_api.TestAnalyticsModeration" name="test_non_admin_non_moderator_cannot_access_moderation" time="0.293" /><testcase classname="tests.test_analytics_api.TestAnalyticsModeration" name="test_analytics_moderation_with_date_range" time="0.307" /><testcase classname="tests.test_analytics_api.TestAnalyticsPerformance" name="test_analytics_endpoints_return_json" time="0.331" /><testcase classname="tests.test_analytics_api.TestAnalyticsPerformance" name="test_analytics_endpoints_include_query_date" time="0.319" /><testcase classname="tests.test_analytics_api.TestAnalyticsPerformance" name="test_invalid_limit_defaults_gracefully" time="0.297" /><testcase classname="tests.test_analytics_api.TestAnalyticsPerformance" name="test_limit_capped_at_100" time="0.291" /><testcase classname="tests.test_analytics_service_coverage.TestAnalyticsSummary" name="test_summary_default_30_days" time="0.211" /><testcase classname="tests.test_analytics_service_coverage.TestAnalyticsSummary" name="test_summary_user_counts" time="0.211" /><testcase classname="tests.test_analytics_service_coverage.TestAnalyticsSummary" name="test_summary_content_counts" time="0.206" /><testcase classname="tests.test_analytics_service_coverage.TestAnalyticsSummary" name="test_summary_report_queue_status" time="0.222" /><testcase classname="tests.test_analytics_service_coverage.TestAnalyticsSummary" name="test_summary_with_date_from" time="0.206" /><testcase classname="tests.test_analytics_service_coverage.TestAnalyticsSummary" name="test_summary_with_date_to" time="0.207" /><testcase classname="tests.test_analytics_service_coverage.TestAnalyticsSummary" name="test_summary_with_both_dates" time="0.208" /><testcase classname="tests.test_analytics_service_coverage.TestAnalyticsSummary" name="test_summary_invalid_date_from" time="0.210" /><testcase classname="tests.test_analytics_service_coverage.TestAnalyticsSummary" name="test_summary_inverted_date_range" time="0.226" /><testcase classname="tests.test_analytics_service_coverage.TestAnalyticsTimeline" name="test_timeline_default" time="0.206" /><testcase classname="tests.test_analytics_service_coverage.TestAnalyticsTimeline" name="test_timeline_threads_metric" time="0.203"><failure message="AttributeError: 'str' object has no attribute 'isoformat'. Did you mean: 'format'?">tests\test_analytics_service_coverage.py:208: in test_timeline_threads_metric
    result = analytics_service.get_analytics_timeline(metric="threads")
             ^^^^^^^^^^^^^^^^^^^^^^^^^^^^^^^^^^^^^^^^^^^^^^^^^^^^^^^^^^
app\services\analytics_service.py:174: in get_analytics_timeline
    thread_dict = {d[0].isoformat() if d[0] else None: d[1] for d in thread_counts}
                   ^^^^^^^^^^^^^^
E   AttributeError: 'str' object has no attribute 'isoformat'. Did you mean: 'format'?</failure></testcase><testcase classname="tests.test_analytics_service_coverage.TestAnalyticsTimeline" name="test_timeline_posts_metric" time="0.203"><failure message="AttributeError: 'str' object has no attribute 'isoformat'. Did you mean: 'format'?">tests\test_analytics_service_coverage.py:217: in test_timeline_posts_metric
    result = analytics_service.get_analytics_timeline(metric="posts")
             ^^^^^^^^^^^^^^^^^^^^^^^^^^^^^^^^^^^^^^^^^^^^^^^^^^^^^^^^
app\services\analytics_service.py:192: in get_analytics_timeline
    post_dict = {d[0].isoformat() if d[0] else None: d[1] for d in post_counts}
                 ^^^^^^^^^^^^^^
E   AttributeError: 'str' object has no attribute 'isoformat'. Did you mean: 'format'?</failure></testcase><testcase classname="tests.test_analytics_service_coverage.TestAnalyticsTimeline" name="test_timeline_reports_metric" time="0.211"><failure message="AttributeError: 'str' object has no attribute 'isoformat'. Did you mean: 'format'?">tests\test_analytics_service_coverage.py:225: in test_timeline_reports_metric
    result = analytics_service.get_analytics_timeline(metric="reports")
             ^^^^^^^^^^^^^^^^^^^^^^^^^^^^^^^^^^^^^^^^^^^^^^^^^^^^^^^^^^
app\services\analytics_service.py:209: in get_analytics_timeline
    report_dict = {d[0].isoformat() if d[0] else None: d[1] for d in report_counts}
                   ^^^^^^^^^^^^^^
E   AttributeError: 'str' object has no attribute 'isoformat'. Did you mean: 'format'?</failure></testcase><testcase classname="tests.test_analytics_service_coverage.TestAnalyticsTimeline" name="test_timeline_actions_metric" time="0.201"><failure message="AttributeError: 'str' object has no attribute 'isoformat'. Did you mean: 'format'?">tests\test_analytics_service_coverage.py:233: in test_timeline_actions_metric
    result = analytics_service.get_analytics_timeline(metric="actions")
             ^^^^^^^^^^^^^^^^^^^^^^^^^^^^^^^^^^^^^^^^^^^^^^^^^^^^^^^^^^
app\services\analytics_service.py:227: in get_analytics_timeline
    action_dict = {d[0].isoformat() if d[0] else None: d[1] for d in action_counts}
                   ^^^^^^^^^^^^^^
E   AttributeError: 'str' object has no attribute 'isoformat'. Did you mean: 'format'?</failure></testcase><testcase classname="tests.test_analytics_service_coverage.TestAnalyticsTimeline" name="test_timeline_with_date_range" time="0.199"><failure message="AttributeError: 'str' object has no attribute 'isoformat'. Did you mean: 'format'?">tests\test_analytics_service_coverage.py:244: in test_timeline_with_date_range
    result = analytics_service.get_analytics_timeline(date_from=date_from, date_to=date_to)
             ^^^^^^^^^^^^^^^^^^^^^^^^^^^^^^^^^^^^^^^^^^^^^^^^^^^^^^^^^^^^^^^^^^^^^^^^^^^^^^
app\services\analytics_service.py:174: in get_analytics_timeline
    thread_dict = {d[0].isoformat() if d[0] else None: d[1] for d in thread_counts}
                   ^^^^^^^^^^^^^^
E   AttributeError: 'str' object has no attribute 'isoformat'. Did you mean: 'format'?</failure></testcase><testcase classname="tests.test_analytics_service_coverage.TestAnalyticsTimeline" name="test_timeline_dates_list" time="0.206"><failure message="AttributeError: 'str' object has no attribute 'isoformat'. Did you mean: 'format'?">tests\test_analytics_service_coverage.py:252: in test_timeline_dates_list
    result = analytics_service.get_analytics_timeline()
             ^^^^^^^^^^^^^^^^^^^^^^^^^^^^^^^^^^^^^^^^^^
app\services\analytics_service.py:174: in get_analytics_timeline
    thread_dict = {d[0].isoformat() if d[0] else None: d[1] for d in thread_counts}
                   ^^^^^^^^^^^^^^
E   AttributeError: 'str' object has no attribute 'isoformat'. Did you mean: 'format'?</failure></testcase><testcase classname="tests.test_analytics_service_coverage.TestAnalyticsUsers" name="test_users_default" time="0.227" /><testcase classname="tests.test_analytics_service_coverage.TestAnalyticsUsers" name="test_users_top_contributors" time="0.202" /><testcase classname="tests.test_analytics_service_coverage.TestAnalyticsUsers" name="test_users_role_distribution" time="0.212" /><testcase classname="tests.test_analytics_service_coverage.TestAnalyticsUsers" name="test_users_with_limit" time="0.203" /><testcase classname="tests.test_analytics_service_coverage.TestAnalyticsUsers" name="test_users_limit_bounds" time="0.201" /><testcase classname="tests.test_analytics_service_coverage.TestAnalyticsContent" name="test_content_default" time="0.214" /><testcase classname="tests.test_analytics_service_coverage.TestAnalyticsContent" name="test_content_popular_tags" time="0.204" /><testcase classname="tests.test_analytics_service_coverage.TestAnalyticsContent" name="test_content_trending_threads" time="0.205" /><testcase classname="tests.test_analytics_service_coverage.TestAnalyticsContent" name="test_content_freshness_distribution" time="0.203" /><testcase classname="tests.test_analytics_service_coverage.TestAnalyticsContent" name="test_content_with_limit" time="0.211" /><testcase classname="tests.test_analytics_service_coverage.TestAnalyticsContent" name="test_content_with_date_range" time="0.221" /><testcase classname="tests.test_analytics_service_coverage.TestAnalyticsModeration" name="test_moderation_default" time="0.312"><failure message="AttributeError: 'str' object has no attribute 'isoformat'. Did you mean: 'format'?">tests\test_analytics_service_coverage.py:406: in test_moderation_default
    result = analytics_service.get_analytics_moderation()
             ^^^^^^^^^^^^^^^^^^^^^^^^^^^^^^^^^^^^^^^^^^^^
app\services\analytics_service.py:453: in get_analytics_moderation
    reports_by_date = {r[0].isoformat() if r[0] else None: r[1] for r in recent_reports}
                       ^^^^^^^^^^^^^^
E   AttributeError: 'str' object has no attribute 'isoformat'. Did you mean: 'format'?</failure></testcase><testcase classname="tests.test_analytics_service_coverage.TestAnalyticsModeration" name="test_moderation_queue_status" time="0.200"><failure message="AttributeError: 'str' object has no attribute 'isoformat'. Did you mean: 'format'?">tests\test_analytics_service_coverage.py:419: in test_moderation_queue_status
    result = analytics_service.get_analytics_moderation()
             ^^^^^^^^^^^^^^^^^^^^^^^^^^^^^^^^^^^^^^^^^^^^
app\services\analytics_service.py:453: in get_analytics_moderation
    reports_by_date = {r[0].isoformat() if r[0] else None: r[1] for r in recent_reports}
                       ^^^^^^^^^^^^^^
E   AttributeError: 'str' object has no attribute 'isoformat'. Did you mean: 'format'?</failure></testcase><testcase classname="tests.test_analytics_service_coverage.TestAnalyticsModeration" name="test_moderation_actions_dict" time="0.204"><failure message="AttributeError: 'str' object has no attribute 'isoformat'. Did you mean: 'format'?">tests\test_analytics_service_coverage.py:428: in test_moderation_actions_dict
    result = analytics_service.get_analytics_moderation()
             ^^^^^^^^^^^^^^^^^^^^^^^^^^^^^^^^^^^^^^^^^^^^
app\services\analytics_service.py:453: in get_analytics_moderation
    reports_by_date = {r[0].isoformat() if r[0] else None: r[1] for r in recent_reports}
                       ^^^^^^^^^^^^^^
E   AttributeError: 'str' object has no attribute 'isoformat'. Did you mean: 'format'?</failure></testcase><testcase classname="tests.test_analytics_service_coverage.TestAnalyticsModeration" name="test_moderation_resolution_time" time="0.224"><failure message="AttributeError: 'str' object has no attribute 'isoformat'. Did you mean: 'format'?">tests\test_analytics_service_coverage.py:436: in test_moderation_resolution_time
    result = analytics_service.get_analytics_moderation()
             ^^^^^^^^^^^^^^^^^^^^^^^^^^^^^^^^^^^^^^^^^^^^
app\services\analytics_service.py:453: in get_analytics_moderation
    reports_by_date = {r[0].isoformat() if r[0] else None: r[1] for r in recent_reports}
                       ^^^^^^^^^^^^^^
E   AttributeError: 'str' object has no attribute 'isoformat'. Did you mean: 'format'?</failure></testcase><testcase classname="tests.test_analytics_service_coverage.TestAnalyticsModeration" name="test_moderation_with_date_range" time="0.202"><failure message="AttributeError: 'str' object has no attribute 'isoformat'. Did you mean: 'format'?">tests\test_analytics_service_coverage.py:448: in test_moderation_with_date_range
    result = analytics_service.get_analytics_moderation(date_from=date_from, date_to=date_to)
             ^^^^^^^^^^^^^^^^^^^^^^^^^^^^^^^^^^^^^^^^^^^^^^^^^^^^^^^^^^^^^^^^^^^^^^^^^^^^^^^^
app\services\analytics_service.py:453: in get_analytics_moderation
    reports_by_date = {r[0].isoformat() if r[0] else None: r[1] for r in recent_reports}
                       ^^^^^^^^^^^^^^
E   AttributeError: 'str' object has no attribute 'isoformat'. Did you mean: 'format'?</failure></testcase><testcase classname="tests.test_analytics_service_coverage.TestHelperFunctions" name="test_parse_date_valid" time="0.001" /><testcase classname="tests.test_analytics_service_coverage.TestHelperFunctions" name="test_parse_date_invalid" time="0.001" /><testcase classname="tests.test_analytics_service_coverage.TestHelperFunctions" name="test_parse_date_empty" time="0.001" /><testcase classname="tests.test_analytics_service_coverage.TestHelperFunctions" name="test_parse_date_none" time="0.000" /><testcase classname="tests.test_analytics_service_coverage.TestHelperFunctions" name="test_date_to_end_of_day" time="0.000" /><testcase classname="tests.test_analytics_service_coverage.TestHelperFunctions" name="test_utc_now_returns_datetime" time="0.000" /><testcase classname="tests.test_api" name="test_api_health_returns_ok" time="0.102" /><testcase classname="tests.test_api" name="test_register_success" time="0.102"><failure message="assert 400 == 201&#10; +  where 400 = &lt;WrapperTestResponse streamed [400 BAD REQUEST]&gt;.status_code">tests\test_api.py:23: in test_register_success
    assert response.status_code == 201
E   assert 400 == 201
E    +  where 400 = &lt;WrapperTestResponse streamed [400 BAD REQUEST]&gt;.status_code</failure></testcase><testcase classname="tests.test_api" name="test_register_missing_json_returns_400" time="0.101" /><testcase classname="tests.test_api" name="test_register_validation_returns_400" time="0.106" /><testcase classname="tests.test_api" name="test_register_without_email_returns_201_when_email_optional" time="0.112"><failure message="assert 400 == 201&#10; +  where 400 = &lt;WrapperTestResponse streamed [400 BAD REQUEST]&gt;.status_code">tests\test_api.py:58: in test_register_without_email_returns_201_when_email_optional
    assert response.status_code == 201
E   assert 400 == 201
E    +  where 400 = &lt;WrapperTestResponse streamed [400 BAD REQUEST]&gt;.status_code</failure></testcase><testcase classname="tests.test_api" name="test_register_missing_email_returns_400_when_email_required" time="0.132" /><testcase classname="tests.test_api" name="test_register_duplicate_username_returns_409" time="0.185"><failure message="assert 400 == 409&#10; +  where 400 = &lt;WrapperTestResponse streamed [400 BAD REQUEST]&gt;.status_code">tests\test_api.py:84: in test_register_duplicate_username_returns_409
    assert response.status_code == 409
E   assert 400 == 409
E    +  where 400 = &lt;WrapperTestResponse streamed [400 BAD REQUEST]&gt;.status_code</failure></testcase><testcase classname="tests.test_api" name="test_login_success_returns_token" time="0.272" /><testcase classname="tests.test_api" name="test_login_invalid_returns_401" time="0.108" /><testcase classname="tests.test_api" name="test_login_unverified_email_returns_403_when_verification_enabled" time="0.267" /><testcase classname="tests.test_api" name="test_login_unverified_email_allowed_when_verification_disabled" time="0.292" /><testcase classname="tests.test_api" name="test_login_banned_user_returns_403" time="0.271" /><testcase classname="tests.test_api" name="test_login_missing_body_returns_400" time="0.104" /><testcase classname="tests.test_api" name="test_resend_verification_success" time="0.409" /><testcase classname="tests.test_api" name="test_resend_verification_returns_success_for_nonexistent_email" time="0.424" /><testcase classname="tests.test_api" name="test_resend_verification_missing_email_returns_400" time="0.100" /><testcase classname="tests.test_api" name="test_me_without_token_returns_401" time="0.104" /><testcase classname="tests.test_api" name="test_me_with_token_returns_user" time="0.281" /><testcase classname="tests.test_api" name="test_me_banned_user_returns_403" time="0.217"><failure message="assert 401 == 403&#10; +  where 401 = &lt;WrapperTestResponse streamed [401 UNAUTHORIZED]&gt;.status_code">tests\test_api.py:272: in test_me_banned_user_returns_403
    assert response.status_code == 403
E   assert 401 == 403
E    +  where 401 = &lt;WrapperTestResponse streamed [401 UNAUTHORIZED]&gt;.status_code</failure></testcase><testcase classname="tests.test_api" name="test_protected_without_token_returns_401" time="0.103" /><testcase classname="tests.test_api" name="test_protected_with_token_returns_ok" time="0.280" /><testcase classname="tests.test_api" name="test_api_404_returns_json" time="0.104" /><testcase classname="tests.test_api" name="test_cors_no_allow_origin_when_origins_not_configured" time="0.101" /><testcase classname="tests.test_api" name="test_cors_allow_origin_when_configured" time="0.102" /><testcase classname="tests.test_areas_api" name="test_areas_list_without_token_returns_401" time="0.102" /><testcase classname="tests.test_areas_api" name="test_areas_list_as_non_admin_returns_403" time="0.472" /><testcase classname="tests.test_areas_api" name="test_areas_list_as_admin_returns_200_and_structure" time="0.282" /><testcase classname="tests.test_areas_api" name="test_areas_get_as_admin" time="0.293" /><testcase classname="tests.test_areas_api" name="test_areas_get_404" time="0.297" /><testcase classname="tests.test_areas_api" name="test_areas_create_as_admin" time="0.283" /><testcase classname="tests.test_areas_api" name="test_areas_create_duplicate_slug_returns_409" time="0.286" /><testcase classname="tests.test_areas_api" name="test_user_areas_get_and_put" time="0.395" /><testcase classname="tests.test_areas_api" name="test_feature_areas_list_as_admin" time="0.281" /><testcase classname="tests.test_areas_api" name="test_feature_areas_put_as_admin" time="0.405" /><testcase classname="tests.test_areas_api" name="test_feature_areas_put_unknown_feature_returns_400" time="0.314" /><testcase classname="tests.test_areas_api" name="test_auth_me_includes_allowed_features" time="0.285" /><testcase classname="tests.test_auth_permissions.TestGetCurrentUser" name="test_get_current_user_with_valid_user_id" time="0.289"><failure message="jwt.exceptions.InvalidSubjectError: Subject must be a string">tests\test_auth_permissions.py:139: in test_get_current_user_with_valid_user_id
    result = check_user()
             ^^^^^^^^^^^^
..\..\..\AppData\Local\Packages\PythonSoftwareFoundation.Python.3.13_qbz5n2kfra8p0\LocalCache\local-packages\Python313\site-packages\flask_jwt_extended\view_decorators.py:167: in decorator
    verify_jwt_in_request(
..\..\..\AppData\Local\Packages\PythonSoftwareFoundation.Python.3.13_qbz5n2kfra8p0\LocalCache\local-packages\Python313\site-packages\flask_jwt_extended\view_decorators.py:94: in verify_jwt_in_request
    jwt_data, jwt_header, jwt_location = _decode_jwt_from_request(
..\..\..\AppData\Local\Packages\PythonSoftwareFoundation.Python.3.13_qbz5n2kfra8p0\LocalCache\local-packages\Python313\site-packages\flask_jwt_extended\view_decorators.py:340: in _decode_jwt_from_request
    decoded_token = decode_token(encoded_token, csrf_token)
                    ^^^^^^^^^^^^^^^^^^^^^^^^^^^^^^^^^^^^^^^
..\..\..\AppData\Local\Packages\PythonSoftwareFoundation.Python.3.13_qbz5n2kfra8p0\LocalCache\local-packages\Python313\site-packages\flask_jwt_extended\utils.py:128: in decode_token
    return jwt_manager._decode_jwt_from_config(encoded_token, csrf_value, allow_expired)
           ^^^^^^^^^^^^^^^^^^^^^^^^^^^^^^^^^^^^^^^^^^^^^^^^^^^^^^^^^^^^^^^^^^^^^^^^^^^^^
..\..\..\AppData\Local\Packages\PythonSoftwareFoundation.Python.3.13_qbz5n2kfra8p0\LocalCache\local-packages\Python313\site-packages\flask_jwt_extended\jwt_manager.py:557: in _decode_jwt_from_config
    return _decode_jwt(**kwargs, allow_expired=allow_expired)
           ^^^^^^^^^^^^^^^^^^^^^^^^^^^^^^^^^^^^^^^^^^^^^^^^^^
..\..\..\AppData\Local\Packages\PythonSoftwareFoundation.Python.3.13_qbz5n2kfra8p0\LocalCache\local-packages\Python313\site-packages\flask_jwt_extended\tokens.py:96: in _decode_jwt
    decoded_token = jwt.decode(
..\..\..\AppData\Local\Packages\PythonSoftwareFoundation.Python.3.13_qbz5n2kfra8p0\LocalCache\local-packages\Python313\site-packages\jwt\api_jwt.py:371: in decode
    decoded = self.decode_complete(
..\..\..\AppData\Local\Packages\PythonSoftwareFoundation.Python.3.13_qbz5n2kfra8p0\LocalCache\local-packages\Python313\site-packages\jwt\api_jwt.py:278: in decode_complete
    self._validate_claims(
..\..\..\AppData\Local\Packages\PythonSoftwareFoundation.Python.3.13_qbz5n2kfra8p0\LocalCache\local-packages\Python313\site-packages\jwt\api_jwt.py:422: in _validate_claims
    self._validate_sub(payload, subject)
..\..\..\AppData\Local\Packages\PythonSoftwareFoundation.Python.3.13_qbz5n2kfra8p0\LocalCache\local-packages\Python313\site-packages\jwt\api_jwt.py:451: in _validate_sub
    raise InvalidSubjectError("Subject must be a string")
E   jwt.exceptions.InvalidSubjectError: Subject must be a string</failure></testcase><testcase classname="tests.test_auth_permissions.TestGetCurrentUser" name="test_get_current_user_with_none_identity" time="0.143"><failure message="RuntimeError: You must call `@jwt_required()` or `verify_jwt_in_request()` before using this method">tests\test_auth_permissions.py:148: in test_get_current_user_with_none_identity
    result = get_current_user()
             ^^^^^^^^^^^^^^^^^^
app\auth\permissions.py:19: in get_current_user
    raw = get_jwt_identity()
          ^^^^^^^^^^^^^^^^^^
..\..\..\AppData\Local\Packages\PythonSoftwareFoundation.Python.3.13_qbz5n2kfra8p0\LocalCache\local-packages\Python313\site-packages\flask_jwt_extended\utils.py:63: in get_jwt_identity
    return get_jwt().get(config.identity_claim_key, None)
           ^^^^^^^^^
..\..\..\AppData\Local\Packages\PythonSoftwareFoundation.Python.3.13_qbz5n2kfra8p0\LocalCache\local-packages\Python313\site-packages\flask_jwt_extended\utils.py:29: in get_jwt
    raise RuntimeError(
E   RuntimeError: You must call `@jwt_required()` or `verify_jwt_in_request()` before using this method</failure></testcase><testcase classname="tests.test_auth_permissions.TestGetCurrentUser" name="test_get_current_user_with_invalid_type_identity" time="0.107" /><testcase classname="tests.test_auth_permissions.TestGetCurrentUser" name="test_get_current_user_with_nonexistent_user_id" time="0.101"><failure message="jwt.exceptions.InvalidSubjectError: Subject must be a string">tests\test_auth_permissions.py:180: in test_get_current_user_with_nonexistent_user_id
    result = check_user()
             ^^^^^^^^^^^^
..\..\..\AppData\Local\Packages\PythonSoftwareFoundation.Python.3.13_qbz5n2kfra8p0\LocalCache\local-packages\Python313\site-packages\flask_jwt_extended\view_decorators.py:167: in decorator
    verify_jwt_in_request(
..\..\..\AppData\Local\Packages\PythonSoftwareFoundation.Python.3.13_qbz5n2kfra8p0\LocalCache\local-packages\Python313\site-packages\flask_jwt_extended\view_decorators.py:94: in verify_jwt_in_request
    jwt_data, jwt_header, jwt_location = _decode_jwt_from_request(
..\..\..\AppData\Local\Packages\PythonSoftwareFoundation.Python.3.13_qbz5n2kfra8p0\LocalCache\local-packages\Python313\site-packages\flask_jwt_extended\view_decorators.py:340: in _decode_jwt_from_request
    decoded_token = decode_token(encoded_token, csrf_token)
                    ^^^^^^^^^^^^^^^^^^^^^^^^^^^^^^^^^^^^^^^
..\..\..\AppData\Local\Packages\PythonSoftwareFoundation.Python.3.13_qbz5n2kfra8p0\LocalCache\local-packages\Python313\site-packages\flask_jwt_extended\utils.py:128: in decode_token
    return jwt_manager._decode_jwt_from_config(encoded_token, csrf_value, allow_expired)
           ^^^^^^^^^^^^^^^^^^^^^^^^^^^^^^^^^^^^^^^^^^^^^^^^^^^^^^^^^^^^^^^^^^^^^^^^^^^^^
..\..\..\AppData\Local\Packages\PythonSoftwareFoundation.Python.3.13_qbz5n2kfra8p0\LocalCache\local-packages\Python313\site-packages\flask_jwt_extended\jwt_manager.py:557: in _decode_jwt_from_config
    return _decode_jwt(**kwargs, allow_expired=allow_expired)
           ^^^^^^^^^^^^^^^^^^^^^^^^^^^^^^^^^^^^^^^^^^^^^^^^^^
..\..\..\AppData\Local\Packages\PythonSoftwareFoundation.Python.3.13_qbz5n2kfra8p0\LocalCache\local-packages\Python313\site-packages\flask_jwt_extended\tokens.py:96: in _decode_jwt
    decoded_token = jwt.decode(
..\..\..\AppData\Local\Packages\PythonSoftwareFoundation.Python.3.13_qbz5n2kfra8p0\LocalCache\local-packages\Python313\site-packages\jwt\api_jwt.py:371: in decode
    decoded = self.decode_complete(
..\..\..\AppData\Local\Packages\PythonSoftwareFoundation.Python.3.13_qbz5n2kfra8p0\LocalCache\local-packages\Python313\site-packages\jwt\api_jwt.py:278: in decode_complete
    self._validate_claims(
..\..\..\AppData\Local\Packages\PythonSoftwareFoundation.Python.3.13_qbz5n2kfra8p0\LocalCache\local-packages\Python313\site-packages\jwt\api_jwt.py:422: in _validate_claims
    self._validate_sub(payload, subject)
..\..\..\AppData\Local\Packages\PythonSoftwareFoundation.Python.3.13_qbz5n2kfra8p0\LocalCache\local-packages\Python313\site-packages\jwt\api_jwt.py:451: in _validate_sub
    raise InvalidSubjectError("Subject must be a string")
E   jwt.exceptions.InvalidSubjectError: Subject must be a string</failure></testcase><testcase classname="tests.test_auth_permissions.TestCurrentUserHasRole" name="test_user_has_matching_role" time="0.285"><failure message="jwt.exceptions.InvalidSubjectError: Subject must be a string">tests\test_auth_permissions.py:203: in test_user_has_matching_role
    assert check_role() is True
           ^^^^^^^^^^^^
..\..\..\AppData\Local\Packages\PythonSoftwareFoundation.Python.3.13_qbz5n2kfra8p0\LocalCache\local-packages\Python313\site-packages\flask_jwt_extended\view_decorators.py:167: in decorator
    verify_jwt_in_request(
..\..\..\AppData\Local\Packages\PythonSoftwareFoundation.Python.3.13_qbz5n2kfra8p0\LocalCache\local-packages\Python313\site-packages\flask_jwt_extended\view_decorators.py:94: in verify_jwt_in_request
    jwt_data, jwt_header, jwt_location = _decode_jwt_from_request(
..\..\..\AppData\Local\Packages\PythonSoftwareFoundation.Python.3.13_qbz5n2kfra8p0\LocalCache\local-packages\Python313\site-packages\flask_jwt_extended\view_decorators.py:340: in _decode_jwt_from_request
    decoded_token = decode_token(encoded_token, csrf_token)
                    ^^^^^^^^^^^^^^^^^^^^^^^^^^^^^^^^^^^^^^^
..\..\..\AppData\Local\Packages\PythonSoftwareFoundation.Python.3.13_qbz5n2kfra8p0\LocalCache\local-packages\Python313\site-packages\flask_jwt_extended\utils.py:128: in decode_token
    return jwt_manager._decode_jwt_from_config(encoded_token, csrf_value, allow_expired)
           ^^^^^^^^^^^^^^^^^^^^^^^^^^^^^^^^^^^^^^^^^^^^^^^^^^^^^^^^^^^^^^^^^^^^^^^^^^^^^
..\..\..\AppData\Local\Packages\PythonSoftwareFoundation.Python.3.13_qbz5n2kfra8p0\LocalCache\local-packages\Python313\site-packages\flask_jwt_extended\jwt_manager.py:557: in _decode_jwt_from_config
    return _decode_jwt(**kwargs, allow_expired=allow_expired)
           ^^^^^^^^^^^^^^^^^^^^^^^^^^^^^^^^^^^^^^^^^^^^^^^^^^
..\..\..\AppData\Local\Packages\PythonSoftwareFoundation.Python.3.13_qbz5n2kfra8p0\LocalCache\local-packages\Python313\site-packages\flask_jwt_extended\tokens.py:96: in _decode_jwt
    decoded_token = jwt.decode(
..\..\..\AppData\Local\Packages\PythonSoftwareFoundation.Python.3.13_qbz5n2kfra8p0\LocalCache\local-packages\Python313\site-packages\jwt\api_jwt.py:371: in decode
    decoded = self.decode_complete(
..\..\..\AppData\Local\Packages\PythonSoftwareFoundation.Python.3.13_qbz5n2kfra8p0\LocalCache\local-packages\Python313\site-packages\jwt\api_jwt.py:278: in decode_complete
    self._validate_claims(
..\..\..\AppData\Local\Packages\PythonSoftwareFoundation.Python.3.13_qbz5n2kfra8p0\LocalCache\local-packages\Python313\site-packages\jwt\api_jwt.py:422: in _validate_claims
    self._validate_sub(payload, subject)
..\..\..\AppData\Local\Packages\PythonSoftwareFoundation.Python.3.13_qbz5n2kfra8p0\LocalCache\local-packages\Python313\site-packages\jwt\api_jwt.py:451: in _validate_sub
    raise InvalidSubjectError("Subject must be a string")
E   jwt.exceptions.InvalidSubjectError: Subject must be a string</failure></testcase><testcase classname="tests.test_auth_permissions.TestCurrentUserHasRole" name="test_user_lacks_required_role" time="0.280"><failure message="jwt.exceptions.InvalidSubjectError: Subject must be a string">tests\test_auth_permissions.py:219: in test_user_lacks_required_role
    assert check_role() is False
           ^^^^^^^^^^^^
..\..\..\AppData\Local\Packages\PythonSoftwareFoundation.Python.3.13_qbz5n2kfra8p0\LocalCache\local-packages\Python313\site-packages\flask_jwt_extended\view_decorators.py:167: in decorator
    verify_jwt_in_request(
..\..\..\AppData\Local\Packages\PythonSoftwareFoundation.Python.3.13_qbz5n2kfra8p0\LocalCache\local-packages\Python313\site-packages\flask_jwt_extended\view_decorators.py:94: in verify_jwt_in_request
    jwt_data, jwt_header, jwt_location = _decode_jwt_from_request(
..\..\..\AppData\Local\Packages\PythonSoftwareFoundation.Python.3.13_qbz5n2kfra8p0\LocalCache\local-packages\Python313\site-packages\flask_jwt_extended\view_decorators.py:340: in _decode_jwt_from_request
    decoded_token = decode_token(encoded_token, csrf_token)
                    ^^^^^^^^^^^^^^^^^^^^^^^^^^^^^^^^^^^^^^^
..\..\..\AppData\Local\Packages\PythonSoftwareFoundation.Python.3.13_qbz5n2kfra8p0\LocalCache\local-packages\Python313\site-packages\flask_jwt_extended\utils.py:128: in decode_token
    return jwt_manager._decode_jwt_from_config(encoded_token, csrf_value, allow_expired)
           ^^^^^^^^^^^^^^^^^^^^^^^^^^^^^^^^^^^^^^^^^^^^^^^^^^^^^^^^^^^^^^^^^^^^^^^^^^^^^
..\..\..\AppData\Local\Packages\PythonSoftwareFoundation.Python.3.13_qbz5n2kfra8p0\LocalCache\local-packages\Python313\site-packages\flask_jwt_extended\jwt_manager.py:557: in _decode_jwt_from_config
    return _decode_jwt(**kwargs, allow_expired=allow_expired)
           ^^^^^^^^^^^^^^^^^^^^^^^^^^^^^^^^^^^^^^^^^^^^^^^^^^
..\..\..\AppData\Local\Packages\PythonSoftwareFoundation.Python.3.13_qbz5n2kfra8p0\LocalCache\local-packages\Python313\site-packages\flask_jwt_extended\tokens.py:96: in _decode_jwt
    decoded_token = jwt.decode(
..\..\..\AppData\Local\Packages\PythonSoftwareFoundation.Python.3.13_qbz5n2kfra8p0\LocalCache\local-packages\Python313\site-packages\jwt\api_jwt.py:371: in decode
    decoded = self.decode_complete(
..\..\..\AppData\Local\Packages\PythonSoftwareFoundation.Python.3.13_qbz5n2kfra8p0\LocalCache\local-packages\Python313\site-packages\jwt\api_jwt.py:278: in decode_complete
    self._validate_claims(
..\..\..\AppData\Local\Packages\PythonSoftwareFoundation.Python.3.13_qbz5n2kfra8p0\LocalCache\local-packages\Python313\site-packages\jwt\api_jwt.py:422: in _validate_claims
    self._validate_sub(payload, subject)
..\..\..\AppData\Local\Packages\PythonSoftwareFoundation.Python.3.13_qbz5n2kfra8p0\LocalCache\local-packages\Python313\site-packages\jwt\api_jwt.py:451: in _validate_sub
    raise InvalidSubjectError("Subject must be a string")
E   jwt.exceptions.InvalidSubjectError: Subject must be a string</failure></testcase><testcase classname="tests.test_auth_permissions.TestCurrentUserHasRole" name="test_banned_user_has_no_roles" time="0.195"><failure message="jwt.exceptions.InvalidSubjectError: Subject must be a string">tests\test_auth_permissions.py:237: in test_banned_user_has_no_roles
    assert check_role() is False
           ^^^^^^^^^^^^
..\..\..\AppData\Local\Packages\PythonSoftwareFoundation.Python.3.13_qbz5n2kfra8p0\LocalCache\local-packages\Python313\site-packages\flask_jwt_extended\view_decorators.py:167: in decorator
    verify_jwt_in_request(
..\..\..\AppData\Local\Packages\PythonSoftwareFoundation.Python.3.13_qbz5n2kfra8p0\LocalCache\local-packages\Python313\site-packages\flask_jwt_extended\view_decorators.py:94: in verify_jwt_in_request
    jwt_data, jwt_header, jwt_location = _decode_jwt_from_request(
..\..\..\AppData\Local\Packages\PythonSoftwareFoundation.Python.3.13_qbz5n2kfra8p0\LocalCache\local-packages\Python313\site-packages\flask_jwt_extended\view_decorators.py:340: in _decode_jwt_from_request
    decoded_token = decode_token(encoded_token, csrf_token)
                    ^^^^^^^^^^^^^^^^^^^^^^^^^^^^^^^^^^^^^^^
..\..\..\AppData\Local\Packages\PythonSoftwareFoundation.Python.3.13_qbz5n2kfra8p0\LocalCache\local-packages\Python313\site-packages\flask_jwt_extended\utils.py:128: in decode_token
    return jwt_manager._decode_jwt_from_config(encoded_token, csrf_value, allow_expired)
           ^^^^^^^^^^^^^^^^^^^^^^^^^^^^^^^^^^^^^^^^^^^^^^^^^^^^^^^^^^^^^^^^^^^^^^^^^^^^^
..\..\..\AppData\Local\Packages\PythonSoftwareFoundation.Python.3.13_qbz5n2kfra8p0\LocalCache\local-packages\Python313\site-packages\flask_jwt_extended\jwt_manager.py:557: in _decode_jwt_from_config
    return _decode_jwt(**kwargs, allow_expired=allow_expired)
           ^^^^^^^^^^^^^^^^^^^^^^^^^^^^^^^^^^^^^^^^^^^^^^^^^^
..\..\..\AppData\Local\Packages\PythonSoftwareFoundation.Python.3.13_qbz5n2kfra8p0\LocalCache\local-packages\Python313\site-packages\flask_jwt_extended\tokens.py:96: in _decode_jwt
    decoded_token = jwt.decode(
..\..\..\AppData\Local\Packages\PythonSoftwareFoundation.Python.3.13_qbz5n2kfra8p0\LocalCache\local-packages\Python313\site-packages\jwt\api_jwt.py:371: in decode
    decoded = self.decode_complete(
..\..\..\AppData\Local\Packages\PythonSoftwareFoundation.Python.3.13_qbz5n2kfra8p0\LocalCache\local-packages\Python313\site-packages\jwt\api_jwt.py:278: in decode_complete
    self._validate_claims(
..\..\..\AppData\Local\Packages\PythonSoftwareFoundation.Python.3.13_qbz5n2kfra8p0\LocalCache\local-packages\Python313\site-packages\jwt\api_jwt.py:422: in _validate_claims
    self._validate_sub(payload, subject)
..\..\..\AppData\Local\Packages\PythonSoftwareFoundation.Python.3.13_qbz5n2kfra8p0\LocalCache\local-packages\Python313\site-packages\jwt\api_jwt.py:451: in _validate_sub
    raise InvalidSubjectError("Subject must be a string")
E   jwt.exceptions.InvalidSubjectError: Subject must be a string</failure></testcase><testcase classname="tests.test_auth_permissions.TestCurrentUserHasRole" name="test_none_user_has_no_roles" time="0.103"><failure message="jwt.exceptions.InvalidSubjectError: Subject must be a string">tests\test_auth_permissions.py:252: in test_none_user_has_no_roles
    assert check_role() is False
           ^^^^^^^^^^^^
..\..\..\AppData\Local\Packages\PythonSoftwareFoundation.Python.3.13_qbz5n2kfra8p0\LocalCache\local-packages\Python313\site-packages\flask_jwt_extended\view_decorators.py:167: in decorator
    verify_jwt_in_request(
..\..\..\AppData\Local\Packages\PythonSoftwareFoundation.Python.3.13_qbz5n2kfra8p0\LocalCache\local-packages\Python313\site-packages\flask_jwt_extended\view_decorators.py:94: in verify_jwt_in_request
    jwt_data, jwt_header, jwt_location = _decode_jwt_from_request(
..\..\..\AppData\Local\Packages\PythonSoftwareFoundation.Python.3.13_qbz5n2kfra8p0\LocalCache\local-packages\Python313\site-packages\flask_jwt_extended\view_decorators.py:340: in _decode_jwt_from_request
    decoded_token = decode_token(encoded_token, csrf_token)
                    ^^^^^^^^^^^^^^^^^^^^^^^^^^^^^^^^^^^^^^^
..\..\..\AppData\Local\Packages\PythonSoftwareFoundation.Python.3.13_qbz5n2kfra8p0\LocalCache\local-packages\Python313\site-packages\flask_jwt_extended\utils.py:128: in decode_token
    return jwt_manager._decode_jwt_from_config(encoded_token, csrf_value, allow_expired)
           ^^^^^^^^^^^^^^^^^^^^^^^^^^^^^^^^^^^^^^^^^^^^^^^^^^^^^^^^^^^^^^^^^^^^^^^^^^^^^
..\..\..\AppData\Local\Packages\PythonSoftwareFoundation.Python.3.13_qbz5n2kfra8p0\LocalCache\local-packages\Python313\site-packages\flask_jwt_extended\jwt_manager.py:557: in _decode_jwt_from_config
    return _decode_jwt(**kwargs, allow_expired=allow_expired)
           ^^^^^^^^^^^^^^^^^^^^^^^^^^^^^^^^^^^^^^^^^^^^^^^^^^
..\..\..\AppData\Local\Packages\PythonSoftwareFoundation.Python.3.13_qbz5n2kfra8p0\LocalCache\local-packages\Python313\site-packages\flask_jwt_extended\tokens.py:96: in _decode_jwt
    decoded_token = jwt.decode(
..\..\..\AppData\Local\Packages\PythonSoftwareFoundation.Python.3.13_qbz5n2kfra8p0\LocalCache\local-packages\Python313\site-packages\jwt\api_jwt.py:371: in decode
    decoded = self.decode_complete(
..\..\..\AppData\Local\Packages\PythonSoftwareFoundation.Python.3.13_qbz5n2kfra8p0\LocalCache\local-packages\Python313\site-packages\jwt\api_jwt.py:278: in decode_complete
    self._validate_claims(
..\..\..\AppData\Local\Packages\PythonSoftwareFoundation.Python.3.13_qbz5n2kfra8p0\LocalCache\local-packages\Python313\site-packages\jwt\api_jwt.py:422: in _validate_claims
    self._validate_sub(payload, subject)
..\..\..\AppData\Local\Packages\PythonSoftwareFoundation.Python.3.13_qbz5n2kfra8p0\LocalCache\local-packages\Python313\site-packages\jwt\api_jwt.py:451: in _validate_sub
    raise InvalidSubjectError("Subject must be a string")
E   jwt.exceptions.InvalidSubjectError: Subject must be a string</failure></testcase><testcase classname="tests.test_auth_permissions.TestCurrentUserHasAnyRole" name="test_user_has_any_of_roles[role_list0-True]" time="0.290"><failure message="jwt.exceptions.InvalidSubjectError: Subject must be a string">tests\test_auth_permissions.py:280: in test_user_has_any_of_roles
    assert check_roles() == expected
           ^^^^^^^^^^^^^
..\..\..\AppData\Local\Packages\PythonSoftwareFoundation.Python.3.13_qbz5n2kfra8p0\LocalCache\local-packages\Python313\site-packages\flask_jwt_extended\view_decorators.py:167: in decorator
    verify_jwt_in_request(
..\..\..\AppData\Local\Packages\PythonSoftwareFoundation.Python.3.13_qbz5n2kfra8p0\LocalCache\local-packages\Python313\site-packages\flask_jwt_extended\view_decorators.py:94: in verify_jwt_in_request
    jwt_data, jwt_header, jwt_location = _decode_jwt_from_request(
..\..\..\AppData\Local\Packages\PythonSoftwareFoundation.Python.3.13_qbz5n2kfra8p0\LocalCache\local-packages\Python313\site-packages\flask_jwt_extended\view_decorators.py:340: in _decode_jwt_from_request
    decoded_token = decode_token(encoded_token, csrf_token)
                    ^^^^^^^^^^^^^^^^^^^^^^^^^^^^^^^^^^^^^^^
..\..\..\AppData\Local\Packages\PythonSoftwareFoundation.Python.3.13_qbz5n2kfra8p0\LocalCache\local-packages\Python313\site-packages\flask_jwt_extended\utils.py:128: in decode_token
    return jwt_manager._decode_jwt_from_config(encoded_token, csrf_value, allow_expired)
           ^^^^^^^^^^^^^^^^^^^^^^^^^^^^^^^^^^^^^^^^^^^^^^^^^^^^^^^^^^^^^^^^^^^^^^^^^^^^^
..\..\..\AppData\Local\Packages\PythonSoftwareFoundation.Python.3.13_qbz5n2kfra8p0\LocalCache\local-packages\Python313\site-packages\flask_jwt_extended\jwt_manager.py:557: in _decode_jwt_from_config
    return _decode_jwt(**kwargs, allow_expired=allow_expired)
           ^^^^^^^^^^^^^^^^^^^^^^^^^^^^^^^^^^^^^^^^^^^^^^^^^^
..\..\..\AppData\Local\Packages\PythonSoftwareFoundation.Python.3.13_qbz5n2kfra8p0\LocalCache\local-packages\Python313\site-packages\flask_jwt_extended\tokens.py:96: in _decode_jwt
    decoded_token = jwt.decode(
..\..\..\AppData\Local\Packages\PythonSoftwareFoundation.Python.3.13_qbz5n2kfra8p0\LocalCache\local-packages\Python313\site-packages\jwt\api_jwt.py:371: in decode
    decoded = self.decode_complete(
..\..\..\AppData\Local\Packages\PythonSoftwareFoundation.Python.3.13_qbz5n2kfra8p0\LocalCache\local-packages\Python313\site-packages\jwt\api_jwt.py:278: in decode_complete
    self._validate_claims(
..\..\..\AppData\Local\Packages\PythonSoftwareFoundation.Python.3.13_qbz5n2kfra8p0\LocalCache\local-packages\Python313\site-packages\jwt\api_jwt.py:422: in _validate_claims
    self._validate_sub(payload, subject)
..\..\..\AppData\Local\Packages\PythonSoftwareFoundation.Python.3.13_qbz5n2kfra8p0\LocalCache\local-packages\Python313\site-packages\jwt\api_jwt.py:451: in _validate_sub
    raise InvalidSubjectError("Subject must be a string")
E   jwt.exceptions.InvalidSubjectError: Subject must be a string</failure></testcase><testcase classname="tests.test_auth_permissions.TestCurrentUserHasAnyRole" name="test_user_has_any_of_roles[role_list1-True]" time="0.413"><failure message="jwt.exceptions.InvalidSubjectError: Subject must be a string">tests\test_auth_permissions.py:280: in test_user_has_any_of_roles
    assert check_roles() == expected
           ^^^^^^^^^^^^^
..\..\..\AppData\Local\Packages\PythonSoftwareFoundation.Python.3.13_qbz5n2kfra8p0\LocalCache\local-packages\Python313\site-packages\flask_jwt_extended\view_decorators.py:167: in decorator
    verify_jwt_in_request(
..\..\..\AppData\Local\Packages\PythonSoftwareFoundation.Python.3.13_qbz5n2kfra8p0\LocalCache\local-packages\Python313\site-packages\flask_jwt_extended\view_decorators.py:94: in verify_jwt_in_request
    jwt_data, jwt_header, jwt_location = _decode_jwt_from_request(
..\..\..\AppData\Local\Packages\PythonSoftwareFoundation.Python.3.13_qbz5n2kfra8p0\LocalCache\local-packages\Python313\site-packages\flask_jwt_extended\view_decorators.py:340: in _decode_jwt_from_request
    decoded_token = decode_token(encoded_token, csrf_token)
                    ^^^^^^^^^^^^^^^^^^^^^^^^^^^^^^^^^^^^^^^
..\..\..\AppData\Local\Packages\PythonSoftwareFoundation.Python.3.13_qbz5n2kfra8p0\LocalCache\local-packages\Python313\site-packages\flask_jwt_extended\utils.py:128: in decode_token
    return jwt_manager._decode_jwt_from_config(encoded_token, csrf_value, allow_expired)
           ^^^^^^^^^^^^^^^^^^^^^^^^^^^^^^^^^^^^^^^^^^^^^^^^^^^^^^^^^^^^^^^^^^^^^^^^^^^^^
..\..\..\AppData\Local\Packages\PythonSoftwareFoundation.Python.3.13_qbz5n2kfra8p0\LocalCache\local-packages\Python313\site-packages\flask_jwt_extended\jwt_manager.py:557: in _decode_jwt_from_config
    return _decode_jwt(**kwargs, allow_expired=allow_expired)
           ^^^^^^^^^^^^^^^^^^^^^^^^^^^^^^^^^^^^^^^^^^^^^^^^^^
..\..\..\AppData\Local\Packages\PythonSoftwareFoundation.Python.3.13_qbz5n2kfra8p0\LocalCache\local-packages\Python313\site-packages\flask_jwt_extended\tokens.py:96: in _decode_jwt
    decoded_token = jwt.decode(
..\..\..\AppData\Local\Packages\PythonSoftwareFoundation.Python.3.13_qbz5n2kfra8p0\LocalCache\local-packages\Python313\site-packages\jwt\api_jwt.py:371: in decode
    decoded = self.decode_complete(
..\..\..\AppData\Local\Packages\PythonSoftwareFoundation.Python.3.13_qbz5n2kfra8p0\LocalCache\local-packages\Python313\site-packages\jwt\api_jwt.py:278: in decode_complete
    self._validate_claims(
..\..\..\AppData\Local\Packages\PythonSoftwareFoundation.Python.3.13_qbz5n2kfra8p0\LocalCache\local-packages\Python313\site-packages\jwt\api_jwt.py:422: in _validate_claims
    self._validate_sub(payload, subject)
..\..\..\AppData\Local\Packages\PythonSoftwareFoundation.Python.3.13_qbz5n2kfra8p0\LocalCache\local-packages\Python313\site-packages\jwt\api_jwt.py:451: in _validate_sub
    raise InvalidSubjectError("Subject must be a string")
E   jwt.exceptions.InvalidSubjectError: Subject must be a string</failure></testcase><testcase classname="tests.test_auth_permissions.TestCurrentUserHasAnyRole" name="test_user_has_any_of_roles[role_list2-False]" time="0.282"><failure message="jwt.exceptions.InvalidSubjectError: Subject must be a string">tests\test_auth_permissions.py:280: in test_user_has_any_of_roles
    assert check_roles() == expected
           ^^^^^^^^^^^^^
..\..\..\AppData\Local\Packages\PythonSoftwareFoundation.Python.3.13_qbz5n2kfra8p0\LocalCache\local-packages\Python313\site-packages\flask_jwt_extended\view_decorators.py:167: in decorator
    verify_jwt_in_request(
..\..\..\AppData\Local\Packages\PythonSoftwareFoundation.Python.3.13_qbz5n2kfra8p0\LocalCache\local-packages\Python313\site-packages\flask_jwt_extended\view_decorators.py:94: in verify_jwt_in_request
    jwt_data, jwt_header, jwt_location = _decode_jwt_from_request(
..\..\..\AppData\Local\Packages\PythonSoftwareFoundation.Python.3.13_qbz5n2kfra8p0\LocalCache\local-packages\Python313\site-packages\flask_jwt_extended\view_decorators.py:340: in _decode_jwt_from_request
    decoded_token = decode_token(encoded_token, csrf_token)
                    ^^^^^^^^^^^^^^^^^^^^^^^^^^^^^^^^^^^^^^^
..\..\..\AppData\Local\Packages\PythonSoftwareFoundation.Python.3.13_qbz5n2kfra8p0\LocalCache\local-packages\Python313\site-packages\flask_jwt_extended\utils.py:128: in decode_token
    return jwt_manager._decode_jwt_from_config(encoded_token, csrf_value, allow_expired)
           ^^^^^^^^^^^^^^^^^^^^^^^^^^^^^^^^^^^^^^^^^^^^^^^^^^^^^^^^^^^^^^^^^^^^^^^^^^^^^
..\..\..\AppData\Local\Packages\PythonSoftwareFoundation.Python.3.13_qbz5n2kfra8p0\LocalCache\local-packages\Python313\site-packages\flask_jwt_extended\jwt_manager.py:557: in _decode_jwt_from_config
    return _decode_jwt(**kwargs, allow_expired=allow_expired)
           ^^^^^^^^^^^^^^^^^^^^^^^^^^^^^^^^^^^^^^^^^^^^^^^^^^
..\..\..\AppData\Local\Packages\PythonSoftwareFoundation.Python.3.13_qbz5n2kfra8p0\LocalCache\local-packages\Python313\site-packages\flask_jwt_extended\tokens.py:96: in _decode_jwt
    decoded_token = jwt.decode(
..\..\..\AppData\Local\Packages\PythonSoftwareFoundation.Python.3.13_qbz5n2kfra8p0\LocalCache\local-packages\Python313\site-packages\jwt\api_jwt.py:371: in decode
    decoded = self.decode_complete(
..\..\..\AppData\Local\Packages\PythonSoftwareFoundation.Python.3.13_qbz5n2kfra8p0\LocalCache\local-packages\Python313\site-packages\jwt\api_jwt.py:278: in decode_complete
    self._validate_claims(
..\..\..\AppData\Local\Packages\PythonSoftwareFoundation.Python.3.13_qbz5n2kfra8p0\LocalCache\local-packages\Python313\site-packages\jwt\api_jwt.py:422: in _validate_claims
    self._validate_sub(payload, subject)
..\..\..\AppData\Local\Packages\PythonSoftwareFoundation.Python.3.13_qbz5n2kfra8p0\LocalCache\local-packages\Python313\site-packages\jwt\api_jwt.py:451: in _validate_sub
    raise InvalidSubjectError("Subject must be a string")
E   jwt.exceptions.InvalidSubjectError: Subject must be a string</failure></testcase><testcase classname="tests.test_auth_permissions.TestCurrentUserHasAnyRole" name="test_user_has_any_of_roles[role_list3-False]" time="0.288"><failure message="jwt.exceptions.InvalidSubjectError: Subject must be a string">tests\test_auth_permissions.py:280: in test_user_has_any_of_roles
    assert check_roles() == expected
           ^^^^^^^^^^^^^
..\..\..\AppData\Local\Packages\PythonSoftwareFoundation.Python.3.13_qbz5n2kfra8p0\LocalCache\local-packages\Python313\site-packages\flask_jwt_extended\view_decorators.py:167: in decorator
    verify_jwt_in_request(
..\..\..\AppData\Local\Packages\PythonSoftwareFoundation.Python.3.13_qbz5n2kfra8p0\LocalCache\local-packages\Python313\site-packages\flask_jwt_extended\view_decorators.py:94: in verify_jwt_in_request
    jwt_data, jwt_header, jwt_location = _decode_jwt_from_request(
..\..\..\AppData\Local\Packages\PythonSoftwareFoundation.Python.3.13_qbz5n2kfra8p0\LocalCache\local-packages\Python313\site-packages\flask_jwt_extended\view_decorators.py:340: in _decode_jwt_from_request
    decoded_token = decode_token(encoded_token, csrf_token)
                    ^^^^^^^^^^^^^^^^^^^^^^^^^^^^^^^^^^^^^^^
..\..\..\AppData\Local\Packages\PythonSoftwareFoundation.Python.3.13_qbz5n2kfra8p0\LocalCache\local-packages\Python313\site-packages\flask_jwt_extended\utils.py:128: in decode_token
    return jwt_manager._decode_jwt_from_config(encoded_token, csrf_value, allow_expired)
           ^^^^^^^^^^^^^^^^^^^^^^^^^^^^^^^^^^^^^^^^^^^^^^^^^^^^^^^^^^^^^^^^^^^^^^^^^^^^^
..\..\..\AppData\Local\Packages\PythonSoftwareFoundation.Python.3.13_qbz5n2kfra8p0\LocalCache\local-packages\Python313\site-packages\flask_jwt_extended\jwt_manager.py:557: in _decode_jwt_from_config
    return _decode_jwt(**kwargs, allow_expired=allow_expired)
           ^^^^^^^^^^^^^^^^^^^^^^^^^^^^^^^^^^^^^^^^^^^^^^^^^^
..\..\..\AppData\Local\Packages\PythonSoftwareFoundation.Python.3.13_qbz5n2kfra8p0\LocalCache\local-packages\Python313\site-packages\flask_jwt_extended\tokens.py:96: in _decode_jwt
    decoded_token = jwt.decode(
..\..\..\AppData\Local\Packages\PythonSoftwareFoundation.Python.3.13_qbz5n2kfra8p0\LocalCache\local-packages\Python313\site-packages\jwt\api_jwt.py:371: in decode
    decoded = self.decode_complete(
..\..\..\AppData\Local\Packages\PythonSoftwareFoundation.Python.3.13_qbz5n2kfra8p0\LocalCache\local-packages\Python313\site-packages\jwt\api_jwt.py:278: in decode_complete
    self._validate_claims(
..\..\..\AppData\Local\Packages\PythonSoftwareFoundation.Python.3.13_qbz5n2kfra8p0\LocalCache\local-packages\Python313\site-packages\jwt\api_jwt.py:422: in _validate_claims
    self._validate_sub(payload, subject)
..\..\..\AppData\Local\Packages\PythonSoftwareFoundation.Python.3.13_qbz5n2kfra8p0\LocalCache\local-packages\Python313\site-packages\jwt\api_jwt.py:451: in _validate_sub
    raise InvalidSubjectError("Subject must be a string")
E   jwt.exceptions.InvalidSubjectError: Subject must be a string</failure></testcase><testcase classname="tests.test_auth_permissions.TestCurrentUserHasAnyRole" name="test_banned_user_has_any_role_returns_false" time="0.208"><failure message="jwt.exceptions.InvalidSubjectError: Subject must be a string">tests\test_auth_permissions.py:298: in test_banned_user_has_any_role_returns_false
    assert check_roles() is False
           ^^^^^^^^^^^^^
..\..\..\AppData\Local\Packages\PythonSoftwareFoundation.Python.3.13_qbz5n2kfra8p0\LocalCache\local-packages\Python313\site-packages\flask_jwt_extended\view_decorators.py:167: in decorator
    verify_jwt_in_request(
..\..\..\AppData\Local\Packages\PythonSoftwareFoundation.Python.3.13_qbz5n2kfra8p0\LocalCache\local-packages\Python313\site-packages\flask_jwt_extended\view_decorators.py:94: in verify_jwt_in_request
    jwt_data, jwt_header, jwt_location = _decode_jwt_from_request(
..\..\..\AppData\Local\Packages\PythonSoftwareFoundation.Python.3.13_qbz5n2kfra8p0\LocalCache\local-packages\Python313\site-packages\flask_jwt_extended\view_decorators.py:340: in _decode_jwt_from_request
    decoded_token = decode_token(encoded_token, csrf_token)
                    ^^^^^^^^^^^^^^^^^^^^^^^^^^^^^^^^^^^^^^^
..\..\..\AppData\Local\Packages\PythonSoftwareFoundation.Python.3.13_qbz5n2kfra8p0\LocalCache\local-packages\Python313\site-packages\flask_jwt_extended\utils.py:128: in decode_token
    return jwt_manager._decode_jwt_from_config(encoded_token, csrf_value, allow_expired)
           ^^^^^^^^^^^^^^^^^^^^^^^^^^^^^^^^^^^^^^^^^^^^^^^^^^^^^^^^^^^^^^^^^^^^^^^^^^^^^
..\..\..\AppData\Local\Packages\PythonSoftwareFoundation.Python.3.13_qbz5n2kfra8p0\LocalCache\local-packages\Python313\site-packages\flask_jwt_extended\jwt_manager.py:557: in _decode_jwt_from_config
    return _decode_jwt(**kwargs, allow_expired=allow_expired)
           ^^^^^^^^^^^^^^^^^^^^^^^^^^^^^^^^^^^^^^^^^^^^^^^^^^
..\..\..\AppData\Local\Packages\PythonSoftwareFoundation.Python.3.13_qbz5n2kfra8p0\LocalCache\local-packages\Python313\site-packages\flask_jwt_extended\tokens.py:96: in _decode_jwt
    decoded_token = jwt.decode(
..\..\..\AppData\Local\Packages\PythonSoftwareFoundation.Python.3.13_qbz5n2kfra8p0\LocalCache\local-packages\Python313\site-packages\jwt\api_jwt.py:371: in decode
    decoded = self.decode_complete(
..\..\..\AppData\Local\Packages\PythonSoftwareFoundation.Python.3.13_qbz5n2kfra8p0\LocalCache\local-packages\Python313\site-packages\jwt\api_jwt.py:278: in decode_complete
    self._validate_claims(
..\..\..\AppData\Local\Packages\PythonSoftwareFoundation.Python.3.13_qbz5n2kfra8p0\LocalCache\local-packages\Python313\site-packages\jwt\api_jwt.py:422: in _validate_claims
    self._validate_sub(payload, subject)
..\..\..\AppData\Local\Packages\PythonSoftwareFoundation.Python.3.13_qbz5n2kfra8p0\LocalCache\local-packages\Python313\site-packages\jwt\api_jwt.py:451: in _validate_sub
    raise InvalidSubjectError("Subject must be a string")
E   jwt.exceptions.InvalidSubjectError: Subject must be a string</failure></testcase><testcase classname="tests.test_auth_permissions.TestCurrentUserHasAnyRole" name="test_none_user_has_any_role_returns_false" time="0.107"><failure message="jwt.exceptions.InvalidSubjectError: Subject must be a string">tests\test_auth_permissions.py:313: in test_none_user_has_any_role_returns_false
    assert check_roles() is False
           ^^^^^^^^^^^^^
..\..\..\AppData\Local\Packages\PythonSoftwareFoundation.Python.3.13_qbz5n2kfra8p0\LocalCache\local-packages\Python313\site-packages\flask_jwt_extended\view_decorators.py:167: in decorator
    verify_jwt_in_request(
..\..\..\AppData\Local\Packages\PythonSoftwareFoundation.Python.3.13_qbz5n2kfra8p0\LocalCache\local-packages\Python313\site-packages\flask_jwt_extended\view_decorators.py:94: in verify_jwt_in_request
    jwt_data, jwt_header, jwt_location = _decode_jwt_from_request(
..\..\..\AppData\Local\Packages\PythonSoftwareFoundation.Python.3.13_qbz5n2kfra8p0\LocalCache\local-packages\Python313\site-packages\flask_jwt_extended\view_decorators.py:340: in _decode_jwt_from_request
    decoded_token = decode_token(encoded_token, csrf_token)
                    ^^^^^^^^^^^^^^^^^^^^^^^^^^^^^^^^^^^^^^^
..\..\..\AppData\Local\Packages\PythonSoftwareFoundation.Python.3.13_qbz5n2kfra8p0\LocalCache\local-packages\Python313\site-packages\flask_jwt_extended\utils.py:128: in decode_token
    return jwt_manager._decode_jwt_from_config(encoded_token, csrf_value, allow_expired)
           ^^^^^^^^^^^^^^^^^^^^^^^^^^^^^^^^^^^^^^^^^^^^^^^^^^^^^^^^^^^^^^^^^^^^^^^^^^^^^
..\..\..\AppData\Local\Packages\PythonSoftwareFoundation.Python.3.13_qbz5n2kfra8p0\LocalCache\local-packages\Python313\site-packages\flask_jwt_extended\jwt_manager.py:557: in _decode_jwt_from_config
    return _decode_jwt(**kwargs, allow_expired=allow_expired)
           ^^^^^^^^^^^^^^^^^^^^^^^^^^^^^^^^^^^^^^^^^^^^^^^^^^
..\..\..\AppData\Local\Packages\PythonSoftwareFoundation.Python.3.13_qbz5n2kfra8p0\LocalCache\local-packages\Python313\site-packages\flask_jwt_extended\tokens.py:96: in _decode_jwt
    decoded_token = jwt.decode(
..\..\..\AppData\Local\Packages\PythonSoftwareFoundation.Python.3.13_qbz5n2kfra8p0\LocalCache\local-packages\Python313\site-packages\jwt\api_jwt.py:371: in decode
    decoded = self.decode_complete(
..\..\..\AppData\Local\Packages\PythonSoftwareFoundation.Python.3.13_qbz5n2kfra8p0\LocalCache\local-packages\Python313\site-packages\jwt\api_jwt.py:278: in decode_complete
    self._validate_claims(
..\..\..\AppData\Local\Packages\PythonSoftwareFoundation.Python.3.13_qbz5n2kfra8p0\LocalCache\local-packages\Python313\site-packages\jwt\api_jwt.py:422: in _validate_claims
    self._validate_sub(payload, subject)
..\..\..\AppData\Local\Packages\PythonSoftwareFoundation.Python.3.13_qbz5n2kfra8p0\LocalCache\local-packages\Python313\site-packages\jwt\api_jwt.py:451: in _validate_sub
    raise InvalidSubjectError("Subject must be a string")
E   jwt.exceptions.InvalidSubjectError: Subject must be a string</failure></testcase><testcase classname="tests.test_auth_permissions.TestCurrentUserIsAdmin" name="test_admin_user_returns_true" time="0.195"><failure message="jwt.exceptions.InvalidSubjectError: Subject must be a string">tests\test_auth_permissions.py:337: in test_admin_user_returns_true
    assert check_admin() is True
           ^^^^^^^^^^^^^
..\..\..\AppData\Local\Packages\PythonSoftwareFoundation.Python.3.13_qbz5n2kfra8p0\LocalCache\local-packages\Python313\site-packages\flask_jwt_extended\view_decorators.py:167: in decorator
    verify_jwt_in_request(
..\..\..\AppData\Local\Packages\PythonSoftwareFoundation.Python.3.13_qbz5n2kfra8p0\LocalCache\local-packages\Python313\site-packages\flask_jwt_extended\view_decorators.py:94: in verify_jwt_in_request
    jwt_data, jwt_header, jwt_location = _decode_jwt_from_request(
..\..\..\AppData\Local\Packages\PythonSoftwareFoundation.Python.3.13_qbz5n2kfra8p0\LocalCache\local-packages\Python313\site-packages\flask_jwt_extended\view_decorators.py:340: in _decode_jwt_from_request
    decoded_token = decode_token(encoded_token, csrf_token)
                    ^^^^^^^^^^^^^^^^^^^^^^^^^^^^^^^^^^^^^^^
..\..\..\AppData\Local\Packages\PythonSoftwareFoundation.Python.3.13_qbz5n2kfra8p0\LocalCache\local-packages\Python313\site-packages\flask_jwt_extended\utils.py:128: in decode_token
    return jwt_manager._decode_jwt_from_config(encoded_token, csrf_value, allow_expired)
           ^^^^^^^^^^^^^^^^^^^^^^^^^^^^^^^^^^^^^^^^^^^^^^^^^^^^^^^^^^^^^^^^^^^^^^^^^^^^^
..\..\..\AppData\Local\Packages\PythonSoftwareFoundation.Python.3.13_qbz5n2kfra8p0\LocalCache\local-packages\Python313\site-packages\flask_jwt_extended\jwt_manager.py:557: in _decode_jwt_from_config
    return _decode_jwt(**kwargs, allow_expired=allow_expired)
           ^^^^^^^^^^^^^^^^^^^^^^^^^^^^^^^^^^^^^^^^^^^^^^^^^^
..\..\..\AppData\Local\Packages\PythonSoftwareFoundation.Python.3.13_qbz5n2kfra8p0\LocalCache\local-packages\Python313\site-packages\flask_jwt_extended\tokens.py:96: in _decode_jwt
    decoded_token = jwt.decode(
..\..\..\AppData\Local\Packages\PythonSoftwareFoundation.Python.3.13_qbz5n2kfra8p0\LocalCache\local-packages\Python313\site-packages\jwt\api_jwt.py:371: in decode
    decoded = self.decode_complete(
..\..\..\AppData\Local\Packages\PythonSoftwareFoundation.Python.3.13_qbz5n2kfra8p0\LocalCache\local-packages\Python313\site-packages\jwt\api_jwt.py:278: in decode_complete
    self._validate_claims(
..\..\..\AppData\Local\Packages\PythonSoftwareFoundation.Python.3.13_qbz5n2kfra8p0\LocalCache\local-packages\Python313\site-packages\jwt\api_jwt.py:422: in _validate_claims
    self._validate_sub(payload, subject)
..\..\..\AppData\Local\Packages\PythonSoftwareFoundation.Python.3.13_qbz5n2kfra8p0\LocalCache\local-packages\Python313\site-packages\jwt\api_jwt.py:451: in _validate_sub
    raise InvalidSubjectError("Subject must be a string")
E   jwt.exceptions.InvalidSubjectError: Subject must be a string</failure></testcase><testcase classname="tests.test_auth_permissions.TestCurrentUserIsAdmin" name="test_non_admin_user_returns_false" time="0.285"><failure message="jwt.exceptions.InvalidSubjectError: Subject must be a string">tests\test_auth_permissions.py:353: in test_non_admin_user_returns_false
    assert check_admin() is False
           ^^^^^^^^^^^^^
..\..\..\AppData\Local\Packages\PythonSoftwareFoundation.Python.3.13_qbz5n2kfra8p0\LocalCache\local-packages\Python313\site-packages\flask_jwt_extended\view_decorators.py:167: in decorator
    verify_jwt_in_request(
..\..\..\AppData\Local\Packages\PythonSoftwareFoundation.Python.3.13_qbz5n2kfra8p0\LocalCache\local-packages\Python313\site-packages\flask_jwt_extended\view_decorators.py:94: in verify_jwt_in_request
    jwt_data, jwt_header, jwt_location = _decode_jwt_from_request(
..\..\..\AppData\Local\Packages\PythonSoftwareFoundation.Python.3.13_qbz5n2kfra8p0\LocalCache\local-packages\Python313\site-packages\flask_jwt_extended\view_decorators.py:340: in _decode_jwt_from_request
    decoded_token = decode_token(encoded_token, csrf_token)
                    ^^^^^^^^^^^^^^^^^^^^^^^^^^^^^^^^^^^^^^^
..\..\..\AppData\Local\Packages\PythonSoftwareFoundation.Python.3.13_qbz5n2kfra8p0\LocalCache\local-packages\Python313\site-packages\flask_jwt_extended\utils.py:128: in decode_token
    return jwt_manager._decode_jwt_from_config(encoded_token, csrf_value, allow_expired)
           ^^^^^^^^^^^^^^^^^^^^^^^^^^^^^^^^^^^^^^^^^^^^^^^^^^^^^^^^^^^^^^^^^^^^^^^^^^^^^
..\..\..\AppData\Local\Packages\PythonSoftwareFoundation.Python.3.13_qbz5n2kfra8p0\LocalCache\local-packages\Python313\site-packages\flask_jwt_extended\jwt_manager.py:557: in _decode_jwt_from_config
    return _decode_jwt(**kwargs, allow_expired=allow_expired)
           ^^^^^^^^^^^^^^^^^^^^^^^^^^^^^^^^^^^^^^^^^^^^^^^^^^
..\..\..\AppData\Local\Packages\PythonSoftwareFoundation.Python.3.13_qbz5n2kfra8p0\LocalCache\local-packages\Python313\site-packages\flask_jwt_extended\tokens.py:96: in _decode_jwt
    decoded_token = jwt.decode(
..\..\..\AppData\Local\Packages\PythonSoftwareFoundation.Python.3.13_qbz5n2kfra8p0\LocalCache\local-packages\Python313\site-packages\jwt\api_jwt.py:371: in decode
    decoded = self.decode_complete(
..\..\..\AppData\Local\Packages\PythonSoftwareFoundation.Python.3.13_qbz5n2kfra8p0\LocalCache\local-packages\Python313\site-packages\jwt\api_jwt.py:278: in decode_complete
    self._validate_claims(
..\..\..\AppData\Local\Packages\PythonSoftwareFoundation.Python.3.13_qbz5n2kfra8p0\LocalCache\local-packages\Python313\site-packages\jwt\api_jwt.py:422: in _validate_claims
    self._validate_sub(payload, subject)
..\..\..\AppData\Local\Packages\PythonSoftwareFoundation.Python.3.13_qbz5n2kfra8p0\LocalCache\local-packages\Python313\site-packages\jwt\api_jwt.py:451: in _validate_sub
    raise InvalidSubjectError("Subject must be a string")
E   jwt.exceptions.InvalidSubjectError: Subject must be a string</failure></testcase><testcase classname="tests.test_auth_permissions.TestCurrentUserIsAdmin" name="test_banned_admin_returns_false" time="0.216"><failure message="jwt.exceptions.InvalidSubjectError: Subject must be a string">tests\test_auth_permissions.py:371: in test_banned_admin_returns_false
    assert check_admin() is False
           ^^^^^^^^^^^^^
..\..\..\AppData\Local\Packages\PythonSoftwareFoundation.Python.3.13_qbz5n2kfra8p0\LocalCache\local-packages\Python313\site-packages\flask_jwt_extended\view_decorators.py:167: in decorator
    verify_jwt_in_request(
..\..\..\AppData\Local\Packages\PythonSoftwareFoundation.Python.3.13_qbz5n2kfra8p0\LocalCache\local-packages\Python313\site-packages\flask_jwt_extended\view_decorators.py:94: in verify_jwt_in_request
    jwt_data, jwt_header, jwt_location = _decode_jwt_from_request(
..\..\..\AppData\Local\Packages\PythonSoftwareFoundation.Python.3.13_qbz5n2kfra8p0\LocalCache\local-packages\Python313\site-packages\flask_jwt_extended\view_decorators.py:340: in _decode_jwt_from_request
    decoded_token = decode_token(encoded_token, csrf_token)
                    ^^^^^^^^^^^^^^^^^^^^^^^^^^^^^^^^^^^^^^^
..\..\..\AppData\Local\Packages\PythonSoftwareFoundation.Python.3.13_qbz5n2kfra8p0\LocalCache\local-packages\Python313\site-packages\flask_jwt_extended\utils.py:128: in decode_token
    return jwt_manager._decode_jwt_from_config(encoded_token, csrf_value, allow_expired)
           ^^^^^^^^^^^^^^^^^^^^^^^^^^^^^^^^^^^^^^^^^^^^^^^^^^^^^^^^^^^^^^^^^^^^^^^^^^^^^
..\..\..\AppData\Local\Packages\PythonSoftwareFoundation.Python.3.13_qbz5n2kfra8p0\LocalCache\local-packages\Python313\site-packages\flask_jwt_extended\jwt_manager.py:557: in _decode_jwt_from_config
    return _decode_jwt(**kwargs, allow_expired=allow_expired)
           ^^^^^^^^^^^^^^^^^^^^^^^^^^^^^^^^^^^^^^^^^^^^^^^^^^
..\..\..\AppData\Local\Packages\PythonSoftwareFoundation.Python.3.13_qbz5n2kfra8p0\LocalCache\local-packages\Python313\site-packages\flask_jwt_extended\tokens.py:96: in _decode_jwt
    decoded_token = jwt.decode(
..\..\..\AppData\Local\Packages\PythonSoftwareFoundation.Python.3.13_qbz5n2kfra8p0\LocalCache\local-packages\Python313\site-packages\jwt\api_jwt.py:371: in decode
    decoded = self.decode_complete(
..\..\..\AppData\Local\Packages\PythonSoftwareFoundation.Python.3.13_qbz5n2kfra8p0\LocalCache\local-packages\Python313\site-packages\jwt\api_jwt.py:278: in decode_complete
    self._validate_claims(
..\..\..\AppData\Local\Packages\PythonSoftwareFoundation.Python.3.13_qbz5n2kfra8p0\LocalCache\local-packages\Python313\site-packages\jwt\api_jwt.py:422: in _validate_claims
    self._validate_sub(payload, subject)
..\..\..\AppData\Local\Packages\PythonSoftwareFoundation.Python.3.13_qbz5n2kfra8p0\LocalCache\local-packages\Python313\site-packages\jwt\api_jwt.py:451: in _validate_sub
    raise InvalidSubjectError("Subject must be a string")
E   jwt.exceptions.InvalidSubjectError: Subject must be a string</failure></testcase><testcase classname="tests.test_auth_permissions.TestCurrentUserRoleLevel" name="test_role_level_returns_correct_value[0-0]" time="0.204"><failure message="jwt.exceptions.InvalidSubjectError: Subject must be a string">tests\test_auth_permissions.py:401: in test_role_level_returns_correct_value
    assert get_level() == expected
           ^^^^^^^^^^^
..\..\..\AppData\Local\Packages\PythonSoftwareFoundation.Python.3.13_qbz5n2kfra8p0\LocalCache\local-packages\Python313\site-packages\flask_jwt_extended\view_decorators.py:167: in decorator
    verify_jwt_in_request(
..\..\..\AppData\Local\Packages\PythonSoftwareFoundation.Python.3.13_qbz5n2kfra8p0\LocalCache\local-packages\Python313\site-packages\flask_jwt_extended\view_decorators.py:94: in verify_jwt_in_request
    jwt_data, jwt_header, jwt_location = _decode_jwt_from_request(
..\..\..\AppData\Local\Packages\PythonSoftwareFoundation.Python.3.13_qbz5n2kfra8p0\LocalCache\local-packages\Python313\site-packages\flask_jwt_extended\view_decorators.py:340: in _decode_jwt_from_request
    decoded_token = decode_token(encoded_token, csrf_token)
                    ^^^^^^^^^^^^^^^^^^^^^^^^^^^^^^^^^^^^^^^
..\..\..\AppData\Local\Packages\PythonSoftwareFoundation.Python.3.13_qbz5n2kfra8p0\LocalCache\local-packages\Python313\site-packages\flask_jwt_extended\utils.py:128: in decode_token
    return jwt_manager._decode_jwt_from_config(encoded_token, csrf_value, allow_expired)
           ^^^^^^^^^^^^^^^^^^^^^^^^^^^^^^^^^^^^^^^^^^^^^^^^^^^^^^^^^^^^^^^^^^^^^^^^^^^^^
..\..\..\AppData\Local\Packages\PythonSoftwareFoundation.Python.3.13_qbz5n2kfra8p0\LocalCache\local-packages\Python313\site-packages\flask_jwt_extended\jwt_manager.py:557: in _decode_jwt_from_config
    return _decode_jwt(**kwargs, allow_expired=allow_expired)
           ^^^^^^^^^^^^^^^^^^^^^^^^^^^^^^^^^^^^^^^^^^^^^^^^^^
..\..\..\AppData\Local\Packages\PythonSoftwareFoundation.Python.3.13_qbz5n2kfra8p0\LocalCache\local-packages\Python313\site-packages\flask_jwt_extended\tokens.py:96: in _decode_jwt
    decoded_token = jwt.decode(
..\..\..\AppData\Local\Packages\PythonSoftwareFoundation.Python.3.13_qbz5n2kfra8p0\LocalCache\local-packages\Python313\site-packages\jwt\api_jwt.py:371: in decode
    decoded = self.decode_complete(
..\..\..\AppData\Local\Packages\PythonSoftwareFoundation.Python.3.13_qbz5n2kfra8p0\LocalCache\local-packages\Python313\site-packages\jwt\api_jwt.py:278: in decode_complete
    self._validate_claims(
..\..\..\AppData\Local\Packages\PythonSoftwareFoundation.Python.3.13_qbz5n2kfra8p0\LocalCache\local-packages\Python313\site-packages\jwt\api_jwt.py:422: in _validate_claims
    self._validate_sub(payload, subject)
..\..\..\AppData\Local\Packages\PythonSoftwareFoundation.Python.3.13_qbz5n2kfra8p0\LocalCache\local-packages\Python313\site-packages\jwt\api_jwt.py:451: in _validate_sub
    raise InvalidSubjectError("Subject must be a string")
E   jwt.exceptions.InvalidSubjectError: Subject must be a string</failure></testcase><testcase classname="tests.test_auth_permissions.TestCurrentUserRoleLevel" name="test_role_level_returns_correct_value[10-10]" time="0.186"><failure message="jwt.exceptions.InvalidSubjectError: Subject must be a string">tests\test_auth_permissions.py:401: in test_role_level_returns_correct_value
    assert get_level() == expected
           ^^^^^^^^^^^
..\..\..\AppData\Local\Packages\PythonSoftwareFoundation.Python.3.13_qbz5n2kfra8p0\LocalCache\local-packages\Python313\site-packages\flask_jwt_extended\view_decorators.py:167: in decorator
    verify_jwt_in_request(
..\..\..\AppData\Local\Packages\PythonSoftwareFoundation.Python.3.13_qbz5n2kfra8p0\LocalCache\local-packages\Python313\site-packages\flask_jwt_extended\view_decorators.py:94: in verify_jwt_in_request
    jwt_data, jwt_header, jwt_location = _decode_jwt_from_request(
..\..\..\AppData\Local\Packages\PythonSoftwareFoundation.Python.3.13_qbz5n2kfra8p0\LocalCache\local-packages\Python313\site-packages\flask_jwt_extended\view_decorators.py:340: in _decode_jwt_from_request
    decoded_token = decode_token(encoded_token, csrf_token)
[...]
    response = client.post(
..\..\..\AppData\Local\Packages\PythonSoftwareFoundation.Python.3.13_qbz5n2kfra8p0\LocalCache\local-packages\Python313\site-packages\werkzeug\test.py:1167: in post
    return self.open(*args, **kw)
           ^^^^^^^^^^^^^^^^^^^^^^
..\..\..\AppData\Local\Packages\PythonSoftwareFoundation.Python.3.13_qbz5n2kfra8p0\LocalCache\local-packages\Python313\site-packages\flask\testing.py:235: in open
    response = super().open(
..\..\..\AppData\Local\Packages\PythonSoftwareFoundation.Python.3.13_qbz5n2kfra8p0\LocalCache\local-packages\Python313\site-packages\werkzeug\test.py:1116: in open
    response_parts = self.run_wsgi_app(request.environ, buffered=buffered)
                     ^^^^^^^^^^^^^^^^^^^^^^^^^^^^^^^^^^^^^^^^^^^^^^^^^^^^^
..\..\..\AppData\Local\Packages\PythonSoftwareFoundation.Python.3.13_qbz5n2kfra8p0\LocalCache\local-packages\Python313\site-packages\werkzeug\test.py:988: in run_wsgi_app
    rv = run_wsgi_app(self.application, environ, buffered=buffered)
         ^^^^^^^^^^^^^^^^^^^^^^^^^^^^^^^^^^^^^^^^^^^^^^^^^^^^^^^^^^
..\..\..\AppData\Local\Packages\PythonSoftwareFoundation.Python.3.13_qbz5n2kfra8p0\LocalCache\local-packages\Python313\site-packages\werkzeug\test.py:1264: in run_wsgi_app
    app_rv = app(environ, start_response)
             ^^^^^^^^^^^^^^^^^^^^^^^^^^^^
..\..\..\AppData\Local\Packages\PythonSoftwareFoundation.Python.3.13_qbz5n2kfra8p0\LocalCache\local-packages\Python313\site-packages\flask\app.py:1536: in __call__
    return self.wsgi_app(environ, start_response)
           ^^^^^^^^^^^^^^^^^^^^^^^^^^^^^^^^^^^^^^
..\..\..\AppData\Local\Packages\PythonSoftwareFoundation.Python.3.13_qbz5n2kfra8p0\LocalCache\local-packages\Python313\site-packages\flask\app.py:1514: in wsgi_app
    response = self.handle_exception(e)
               ^^^^^^^^^^^^^^^^^^^^^^^^
..\..\..\AppData\Local\Packages\PythonSoftwareFoundation.Python.3.13_qbz5n2kfra8p0\LocalCache\local-packages\Python313\site-packages\flask\app.py:1511: in wsgi_app
    response = self.full_dispatch_request()
               ^^^^^^^^^^^^^^^^^^^^^^^^^^^^
..\..\..\AppData\Local\Packages\PythonSoftwareFoundation.Python.3.13_qbz5n2kfra8p0\LocalCache\local-packages\Python313\site-packages\flask\app.py:919: in full_dispatch_request
    rv = self.handle_user_exception(e)
         ^^^^^^^^^^^^^^^^^^^^^^^^^^^^^
..\..\..\AppData\Local\Packages\PythonSoftwareFoundation.Python.3.13_qbz5n2kfra8p0\LocalCache\local-packages\Python313\site-packages\flask\app.py:917: in full_dispatch_request
    rv = self.dispatch_request()
         ^^^^^^^^^^^^^^^^^^^^^^^
..\..\..\AppData\Local\Packages\PythonSoftwareFoundation.Python.3.13_qbz5n2kfra8p0\LocalCache\local-packages\Python313\site-packages\flask\app.py:902: in dispatch_request
    return self.ensure_sync(self.view_functions[rule.endpoint])(**view_args)  # type: ignore[no-any-return]
           ^^^^^^^^^^^^^^^^^^^^^^^^^^^^^^^^^^^^^^^^^^^^^^^^^^^^^^^^^^^^^^^^^
..\..\..\AppData\Local\Packages\PythonSoftwareFoundation.Python.3.13_qbz5n2kfra8p0\LocalCache\local-packages\Python313\site-packages\flask_limiter\extension.py:1314: in __inner
    return cast(R, flask.current_app.ensure_sync(obj)(*a, **k))
                   ^^^^^^^^^^^^^^^^^^^^^^^^^^^^^^^^^^^^^^^^^^^
app\web\routes.py:345: in reset_password
    ok, err = reset_password_with_token(token, new_password)
              ^^^^^^^^^^^^^^^^^^^^^^^^^^^^^^^^^^^^^^^^^^^^^^
app\services\user_service.py:275: in reset_password_with_token
    """
app\models\user.py:133: in add_to_password_history
    ).offset(3).delete(synchronize_session=False)
                ^^^^^^^^^^^^^^^^^^^^^^^^^^^^^^^^^
..\..\..\AppData\Local\Packages\PythonSoftwareFoundation.Python.3.13_qbz5n2kfra8p0\LocalCache\local-packages\Python313\site-packages\sqlalchemy\orm\query.py:3193: in delete
    bulk_del = BulkDelete(self, delete_args)
               ^^^^^^^^^^^^^^^^^^^^^^^^^^^^^
..\..\..\AppData\Local\Packages\PythonSoftwareFoundation.Python.3.13_qbz5n2kfra8p0\LocalCache\local-packages\Python313\site-packages\sqlalchemy\orm\query.py:3451: in __init__
    super().__init__(query)
..\..\..\AppData\Local\Packages\PythonSoftwareFoundation.Python.3.13_qbz5n2kfra8p0\LocalCache\local-packages\Python313\site-packages\sqlalchemy\orm\query.py:3395: in __init__
    self._validate_query_state()
..\..\..\AppData\Local\Packages\PythonSoftwareFoundation.Python.3.13_qbz5n2kfra8p0\LocalCache\local-packages\Python313\site-packages\sqlalchemy\orm\query.py:3419: in _validate_query_state
    raise sa_exc.InvalidRequestError(
E   sqlalchemy.exc.InvalidRequestError: Can't call Query.update() or Query.delete() when offset() has been called</failure></testcase><testcase classname="tests.test_web" name="test_reset_password_token_unusable_after_use" time="0.194"><failure message="sqlalchemy.exc.InvalidRequestError: Can't call Query.update() or Query.delete() when offset() has been called">tests\test_web.py:347: in test_reset_password_token_unusable_after_use
    response = client.post(
..\..\..\AppData\Local\Packages\PythonSoftwareFoundation.Python.3.13_qbz5n2kfra8p0\LocalCache\local-packages\Python313\site-packages\werkzeug\test.py:1167: in post
    return self.open(*args, **kw)
           ^^^^^^^^^^^^^^^^^^^^^^
..\..\..\AppData\Local\Packages\PythonSoftwareFoundation.Python.3.13_qbz5n2kfra8p0\LocalCache\local-packages\Python313\site-packages\flask\testing.py:235: in open
    response = super().open(
..\..\..\AppData\Local\Packages\PythonSoftwareFoundation.Python.3.13_qbz5n2kfra8p0\LocalCache\local-packages\Python313\site-packages\werkzeug\test.py:1116: in open
    response_parts = self.run_wsgi_app(request.environ, buffered=buffered)
                     ^^^^^^^^^^^^^^^^^^^^^^^^^^^^^^^^^^^^^^^^^^^^^^^^^^^^^
..\..\..\AppData\Local\Packages\PythonSoftwareFoundation.Python.3.13_qbz5n2kfra8p0\LocalCache\local-packages\Python313\site-packages\werkzeug\test.py:988: in run_wsgi_app
    rv = run_wsgi_app(self.application, environ, buffered=buffered)
         ^^^^^^^^^^^^^^^^^^^^^^^^^^^^^^^^^^^^^^^^^^^^^^^^^^^^^^^^^^
..\..\..\AppData\Local\Packages\PythonSoftwareFoundation.Python.3.13_qbz5n2kfra8p0\LocalCache\local-packages\Python313\site-packages\werkzeug\test.py:1264: in run_wsgi_app
    app_rv = app(environ, start_response)
             ^^^^^^^^^^^^^^^^^^^^^^^^^^^^
..\..\..\AppData\Local\Packages\PythonSoftwareFoundation.Python.3.13_qbz5n2kfra8p0\LocalCache\local-packages\Python313\site-packages\flask\app.py:1536: in __call__
    return self.wsgi_app(environ, start_response)
           ^^^^^^^^^^^^^^^^^^^^^^^^^^^^^^^^^^^^^^
..\..\..\AppData\Local\Packages\PythonSoftwareFoundation.Python.3.13_qbz5n2kfra8p0\LocalCache\local-packages\Python313\site-packages\flask\app.py:1514: in wsgi_app
    response = self.handle_exception(e)
               ^^^^^^^^^^^^^^^^^^^^^^^^
..\..\..\AppData\Local\Packages\PythonSoftwareFoundation.Python.3.13_qbz5n2kfra8p0\LocalCache\local-packages\Python313\site-packages\flask\app.py:1511: in wsgi_app
    response = self.full_dispatch_request()
               ^^^^^^^^^^^^^^^^^^^^^^^^^^^^
..\..\..\AppData\Local\Packages\PythonSoftwareFoundation.Python.3.13_qbz5n2kfra8p0\LocalCache\local-packages\Python313\site-packages\flask\app.py:919: in full_dispatch_request
    rv = self.handle_user_exception(e)
         ^^^^^^^^^^^^^^^^^^^^^^^^^^^^^
..\..\..\AppData\Local\Packages\PythonSoftwareFoundation.Python.3.13_qbz5n2kfra8p0\LocalCache\local-packages\Python313\site-packages\flask\app.py:917: in full_dispatch_request
    rv = self.dispatch_request()
         ^^^^^^^^^^^^^^^^^^^^^^^
..\..\..\AppData\Local\Packages\PythonSoftwareFoundation.Python.3.13_qbz5n2kfra8p0\LocalCache\local-packages\Python313\site-packages\flask\app.py:902: in dispatch_request
    return self.ensure_sync(self.view_functions[rule.endpoint])(**view_args)  # type: ignore[no-any-return]
           ^^^^^^^^^^^^^^^^^^^^^^^^^^^^^^^^^^^^^^^^^^^^^^^^^^^^^^^^^^^^^^^^^
..\..\..\AppData\Local\Packages\PythonSoftwareFoundation.Python.3.13_qbz5n2kfra8p0\LocalCache\local-packages\Python313\site-packages\flask_limiter\extension.py:1314: in __inner
    return cast(R, flask.current_app.ensure_sync(obj)(*a, **k))
                   ^^^^^^^^^^^^^^^^^^^^^^^^^^^^^^^^^^^^^^^^^^^
app\web\routes.py:345: in reset_password
    ok, err = reset_password_with_token(token, new_password)
              ^^^^^^^^^^^^^^^^^^^^^^^^^^^^^^^^^^^^^^^^^^^^^^
app\services\user_service.py:275: in reset_password_with_token
    """
app\models\user.py:133: in add_to_password_history
    ).offset(3).delete(synchronize_session=False)
                ^^^^^^^^^^^^^^^^^^^^^^^^^^^^^^^^^
..\..\..\AppData\Local\Packages\PythonSoftwareFoundation.Python.3.13_qbz5n2kfra8p0\LocalCache\local-packages\Python313\site-packages\sqlalchemy\orm\query.py:3193: in delete
    bulk_del = BulkDelete(self, delete_args)
               ^^^^^^^^^^^^^^^^^^^^^^^^^^^^^
..\..\..\AppData\Local\Packages\PythonSoftwareFoundation.Python.3.13_qbz5n2kfra8p0\LocalCache\local-packages\Python313\site-packages\sqlalchemy\orm\query.py:3451: in __init__
    super().__init__(query)
..\..\..\AppData\Local\Packages\PythonSoftwareFoundation.Python.3.13_qbz5n2kfra8p0\LocalCache\local-packages\Python313\site-packages\sqlalchemy\orm\query.py:3395: in __init__
    self._validate_query_state()
..\..\..\AppData\Local\Packages\PythonSoftwareFoundation.Python.3.13_qbz5n2kfra8p0\LocalCache\local-packages\Python313\site-packages\sqlalchemy\orm\query.py:3419: in _validate_query_state
    raise sa_exc.InvalidRequestError(
E   sqlalchemy.exc.InvalidRequestError: Can't call Query.update() or Query.delete() when offset() has been called</failure></testcase><testcase classname="tests.test_web" name="test_reset_password_mismatch_shows_error" time="0.208" /><testcase classname="tests.test_web" name="test_register_pending_get_returns_200" time="0.117" /><testcase classname="tests.test_web" name="test_activate_valid_token_redirects_to_login" time="0.226" /><testcase classname="tests.test_web" name="test_login_blocked_for_unverified_user_when_verification_enabled" time="0.336" /><testcase classname="tests.test_web" name="test_resend_verification_get_returns_200" time="0.147" /><testcase classname="tests.test_web_open_redirect" name="test_login_success_with_evil_next_redirects_to_dashboard" time="0.294" /><testcase classname="tests.test_wiki_api" name="test_wiki_get_without_auth_returns_401" time="0.108" /><testcase classname="tests.test_wiki_api" name="test_wiki_get_with_user_role_returns_403" time="0.288" /><testcase classname="tests.test_wiki_api" name="test_wiki_get_with_moderator_returns_200" time="0.321" /><testcase classname="tests.test_wiki_api" name="test_wiki_get_missing_file_returns_empty_content" time="0.296" /><testcase classname="tests.test_wiki_api" name="test_wiki_put_without_auth_returns_401" time="0.107" /><testcase classname="tests.test_wiki_api" name="test_wiki_put_with_moderator_writes_file" time="0.302" /><testcase classname="tests.test_wiki_api" name="test_wiki_put_without_body_returns_400" time="0.312" /><testcase classname="tests.test_wiki_api" name="test_wiki_put_without_content_key_returns_400" time="0.295" /><testcase classname="tests.test_wiki_public" name="test_wiki_page_get_returns_discussion_link_when_linked" time="0.122" /><testcase classname="tests.test_wiki_public" name="test_wiki_page_get_no_discussion_link_when_not_linked" time="0.116" /><testcase classname="tests.test_wiki_service_coverage.TestGetWikiPageByKey" name="test_get_existing_page" time="0.199" /><testcase classname="tests.test_wiki_service_coverage.TestGetWikiPageByKey" name="test_get_nonexistent_page" time="0.128" /><testcase classname="tests.test_wiki_service_coverage.TestGetWikiPageByKey" name="test_get_page_with_none_key" time="0.112" /><testcase classname="tests.test_wiki_service_coverage.TestGetWikiPageByKey" name="test_get_page_with_empty_string" time="0.103" /><testcase classname="tests.test_wiki_service_coverage.TestGetWikiPageByKey" name="test_get_page_with_whitespace" time="0.209" /><testcase classname="tests.test_wiki_service_coverage.TestGetWikiTranslation" name="test_get_existing_translation" time="0.202" /><testcase classname="tests.test_wiki_service_coverage.TestGetWikiTranslation" name="test_get_nonexistent_translation" time="0.203" /><testcase classname="tests.test_wiki_service_coverage.TestGetWikiTranslation" name="test_get_translation_with_none_page_id" time="0.124" /><testcase classname="tests.test_wiki_service_coverage.TestGetWikiTranslation" name="test_get_translation_with_none_language" time="0.214" /><testcase classname="tests.test_wiki_service_coverage.TestGetEffectiveWikiTranslation" name="test_get_translation_with_exact_language" time="0.201" /><testcase classname="tests.test_wiki_service_coverage.TestGetEffectiveWikiTranslation" name="test_get_translation_fallback_to_first" time="0.199" /><testcase classname="tests.test_wiki_service_coverage.TestGetEffectiveWikiTranslation" name="test_get_translation_invalid_language" time="0.201" /><testcase classname="tests.test_wiki_service_coverage.TestGetWikiMarkdownForDisplay" name="test_get_markdown_for_index_page" time="0.215" /><testcase classname="tests.test_wiki_service_coverage.TestGetWikiMarkdownForDisplay" name="test_get_markdown_nonexistent_index" time="0.112" /><testcase classname="tests.test_wiki_service_coverage.TestGetWikiPageBySlug" name="test_get_page_by_slug_published" time="0.198" /><testcase classname="tests.test_wiki_service_coverage.TestGetWikiPageBySlug" name="test_get_page_by_slug_unpublished" time="0.205" /><testcase classname="tests.test_wiki_service_coverage.TestGetWikiPageBySlug" name="test_get_page_by_slug_case_insensitive" time="0.238" /><testcase classname="tests.test_wiki_service_coverage.TestGetWikiPageBySlug" name="test_get_page_by_slug_nonexistent" time="0.118" /><testcase classname="tests.test_wiki_service_coverage.TestListRelatedThreads" name="test_list_related_threads_for_page" time="0.224" /><testcase classname="tests.test_wiki_service_coverage.TestListRelatedThreads" name="test_list_related_threads_no_threads" time="0.209" /><testcase classname="tests.test_wiki_service_coverage.TestListRelatedThreads" name="test_list_related_threads_with_none_id" time="0.678" /><testcase classname="tests.test_wiki_service_coverage.TestListRelatedThreads" name="test_list_related_threads_respects_limit" time="0.201" /><testcase classname="tests.test_wiki_service_coverage.TestListWikiPages" name="test_list_wiki_pages" time="0.201" /><testcase classname="tests.test_wiki_service_coverage.TestListWikiPages" name="test_list_wiki_pages_ordered_by_sort_order" time="0.203" /><testcase classname="tests.test_wiki_service_coverage.TestGetWikiPageById" name="test_get_page_by_id" time="0.198" /><testcase classname="tests.test_wiki_service_coverage.TestGetWikiPageById" name="test_get_page_by_id_not_found" time="0.111" /><testcase classname="tests.test_wiki_service_coverage.TestGetWikiPageById" name="test_get_page_by_id_none" time="0.120" /><testcase classname="tests.test_wiki_service_coverage.TestCreateWikiPage" name="test_create_page_success" time="0.108" /><testcase classname="tests.test_wiki_service_coverage.TestCreateWikiPage" name="test_create_page_empty_key" time="0.109" /><testcase classname="tests.test_wiki_service_coverage.TestCreateWikiPage" name="test_create_page_duplicate_key" time="0.199" /><testcase classname="tests.test_wiki_service_coverage.TestCreateWikiPage" name="test_create_page_with_parent" time="0.107" /><testcase classname="tests.test_wiki_service_coverage.TestUpdateWikiPage" name="test_update_page_key" time="0.203" /><testcase classname="tests.test_wiki_service_coverage.TestUpdateWikiPage" name="test_update_page_sort_order" time="0.226" /><testcase classname="tests.test_wiki_service_coverage.TestUpdateWikiPage" name="test_update_page_is_published" time="0.202" /><testcase classname="tests.test_wiki_service_coverage.TestUpdateWikiPage" name="test_update_page_not_found" time="0.110" /><testcase classname="tests.test_wiki_service_coverage.TestUpdateWikiPage" name="test_update_page_empty_key" time="0.201" /><testcase classname="tests.test_wiki_service_coverage.TestListWikiPageTranslations" name="test_list_translations" time="0.206" /><testcase classname="tests.test_wiki_service_coverage.TestListWikiPageTranslations" name="test_list_translations_not_found" time="0.111" /><testcase classname="tests.test_wiki_service_coverage.TestListWikiPageTranslations" name="test_list_translations_includes_missing" time="0.221" /><testcase classname="tests.test_wiki_service_coverage.TestGetWikiPageTranslation" name="test_get_translation_by_language" time="0.204" /><testcase classname="tests.test_wiki_service_coverage.TestGetWikiPageTranslation" name="test_get_translation_invalid_language" time="0.242" /><testcase classname="tests.test_wiki_service_coverage.TestGetWikiPageTranslation" name="test_get_translation_case_insensitive" time="0.273" /><testcase classname="tests.test_wiki_service_coverage.TestUpsertWikiPageTranslation" name="test_upsert_new_translation" time="0.242" /><testcase classname="tests.test_wiki_service_coverage.TestUpsertWikiPageTranslation" name="test_upsert_update_translation" time="0.201" /><testcase classname="tests.test_wiki_service_coverage.TestUpsertWikiPageTranslation" name="test_upsert_new_requires_title_and_slug" time="0.216" /><testcase classname="tests.test_wiki_service_coverage.TestUpsertWikiPageTranslation" name="test_upsert_invalid_language" time="0.199" /><testcase classname="tests.test_wiki_service_coverage.TestUpsertWikiPageTranslation" name="test_upsert_page_not_found" time="0.109" /><testcase classname="tests.test_wiki_service_coverage.TestSubmitReviewWikiTranslation" name="test_submit_review_success" time="0.214" /><testcase classname="tests.test_wiki_service_coverage.TestApproveWikiTranslation" name="test_approve_translation_success" time="0.294" /><testcase classname="tests.test_wiki_service_coverage.TestPublishWikiTranslation" name="test_publish_translation_success" time="0.207" /><testcase classname="tests.test_wiki_service_coverage.TestMarkWikiTranslationsOutdated" name="test_mark_outdated_all_except_one" time="0.200" /><testcase classname="tests.test_wiki_service_coverage.TestWikiSlugValidation" name="test_wiki_slug_exists_for_lang" time="0.208" /><testcase classname="tests.test_wiki_service_coverage.TestWikiSlugValidation" name="test_wiki_slug_exists_returns_false_for_new" time="0.135" /><testcase classname="tests.test_wiki_service_coverage.TestWikiSlugValidation" name="test_wiki_slug_exists_case_insensitive" time="0.203" /><testcase classname="tests.test_wiki_service_coverage.TestWikiSlugValidation" name="test_wiki_slug_exists_with_exclusion" time="0.213" /><testcase classname="tests.test_wiki_service_coverage.TestSuggestedThreadsForWikiPage" name="test_get_suggested_threads" time="0.205" /><testcase classname="tests.test_wiki_service_coverage.TestSuggestedThreadsForWikiPage" name="test_get_suggested_threads_nonexistent_page" time="0.104" /></testsuite></testsuites>