<?xml version="1.0" encoding="utf-8"?><testsuites name="pytest tests"><testsuite name="pytest" errors="0" failures="0" skipped="0" tests="6" time="1.107" timestamp="2026-04-23T16:02:38.779320+02:00" hostname="Hollywood"><testcase classname="tests.experience_scoring_cli.test_experience_score_matrix_cli" name="test_validator_pass_on_complete_high_scores" time="0.299" /><testcase classname="tests.experience_scoring_cli.test_experience_score_matrix_cli" name="test_validator_fails_when_failure_scenario_degradation_below_3_5" time="0.164" /><testcase classname="tests.experience_scoring_cli.test_experience_score_matrix_cli" name="test_validator_allows_low_degradation_on_non_failure_scenario" time="0.166" /><testcase classname="tests.experience_scoring_cli.test_experience_score_matrix_cli" name="test_validator_exit_zero_when_scores_incomplete" time="0.170" /><testcase classname="tests.experience_scoring_cli.test_experience_score_matrix_cli" name="test_validator_rejects_wrong_failure_oriented_for_s5" time="0.169" /><testcase classname="tests.experience_scoring_cli.test_experience_score_matrix_cli" name="test_public_template_matches_six_canonical_scenario_ids_in_order" time="0.110" /></testsuite></testsuites>