<?xml version="1.0" encoding="utf-8"?><testsuites name="pytest tests"><testsuite name="pytest" errors="0" failures="0" skipped="0" tests="12" time="37.642" timestamp="2026-04-05T02:56:26.998935+02:00" hostname="Hollywood"><testcase classname="tests.content.test_content_compiler" name="test_compile_god_of_carnage_produces_deterministic_projection" time="0.811" /><testcase classname="tests.content.test_god_of_carnage.TestW1ModuleDiscoverability" name="test_module_root_exists" time="0.257" /><testcase classname="tests.content.test_god_of_carnage.TestW1ModuleDiscoverability" name="test_module_discoverable_via_service" time="0.263" /><testcase classname="tests.content.test_god_of_carnage.TestW1ModuleDiscoverability" name="test_module_has_manifest" time="0.298" /><testcase classname="tests.content.test_god_of_carnage.TestW1ContentFilesLoadable" name="test_required_files_exist" time="0.310" /><testcase classname="tests.content.test_god_of_carnage.TestW1ContentFilesLoadable" name="test_module_loads_successfully" time="0.416" /><testcase classname="tests.content.test_god_of_carnage.TestW1ContentFilesLoadable" name="test_all_yaml_files_parse" time="0.390" /><testcase classname="tests.content.test_god_of_carnage.TestW1CharacterValidation" name="test_characters_exist" time="0.521" /><testcase classname="tests.content.test_god_of_carnage.TestW1CharacterValidation" name="test_character_ids_unique" time="0.450" /><testcase classname="tests.content.test_god_of_carnage.TestW1CharacterValidation" name="test_required_characters_present" time="0.390" /><testcase classname="tests.content.test_god_of_carnage.TestW1CharacterValidation" name="test_characters_have_required_fields" time="0.305" /><testcase classname="tests.content.test_god_of_carnage.TestW1RelationshipValidation" name="test_relationships_exist" time="0.261" /><testcase time="0.127" /></testsuite></testsuites>