<?xml version="1.0" encoding="utf-8"?><testsuites name="pytest tests"><testsuite name="pytest" errors="0" failures="1" skipped="0" tests="675" time="179.989" timestamp="2026-04-21T16:42:32.814594+02:00" hostname="Hollywood"><testcase classname="tests.api.v1.tests.test_ds004_route_constants_integration.TestAllRoutesUseConfigConstants" name="test_route_auth_config_frozen" time="0.595" /><testcase classname="tests.api.v1.tests.test_ds004_route_constants_integration.TestAllRoutesUseConfigConstants" name="test_route_session_config_frozen" time="0.178" /><testcase classname="tests.api.v1.tests.test_ds004_route_constants_integration.TestAllRoutesUseConfigConstants" name="test_route_site_config_frozen" time="0.184" /><testcase classname="tests.api.v1.tests.test_ds004_route_constants_integration.TestAllRoutesUseConfigConstants" name="test_route_user_config_frozen" time="0.142" /><testcase classname="tests.api.v1.tests.test_ds004_route_constants_integration.TestAllRoutesUseConfigConstants" name="test_route_pagination_config_frozen" time="0.155" /><testcase classname="tests.api.v1.tests.test_ds004_route_constants_integration.TestAllRoutesUseConfigConstants" name="test_route_status_codes_frozen" time="0.163" /><testcase classname="tests.api.v1.tests.test_ds004_route_constants_integration.TestRateLimiterUsesConfig" name="test_limiter_defaults_accessible" time="0.114" /><testcase classname="tests.api.v1.tests.test_ds004_route_constants_integration.TestRateLimiterUsesConfig" name="test_limiter_defaults_frozen" time="0.125" /><testcase classname="tests.api.v1.tests.test_ds004_route_constants_integration.TestConfigValuesMatchOriginals" name="test_auth_config_values" time="0.172" /><testcase classname="tests.api.v1.tests.test_ds004_route_constants_integration.TestConfigValuesMatchOriginals" name="test_session_config_values" time="0.460" /><testcase classname="tests.api.v1.tests.test_ds004_route_constants_integration.TestConfigValuesMatchOriginals" name="test_site_config_values" time="0.147" /><testcase classname="tests.api.v1.tests.test_ds004_route_constants_integration.TestConfigValuesMatchOriginals" name="test_user_config_values" time="0.147" /><testcase classname="tests.api.v1.tests.test_ds004_route_constants_integration.TestConfigValuesMatchOriginals" name="test_pagination_config_values" time="0.184" /><testcase classname="tests.api.v1.tests.test_ds004_route_constants_integration.TestConfigValuesMatchOriginals" name="test_http_status_codes_values" time="0.192" /><testcase classname="tests.api.v1.tests.test_ds004_route_constants_integration.TestBackendTestSuiteIntegrity" name="test_config_constants_importable" time="0.175" /><testcase classname="tests.api.v1.tests.test_ds004_route_constants_integration.TestBackendTestSuiteIntegrity" name="test_no_circular_imports" time="0.171" /><testcase classname="tests.content.test_content_compiler" name="test_compile_god_of_carnage_produces_deterministic_projection" time="0.152" /><testcase classname="tests.content.test_god_of_carnage.TestW1ModuleDiscoverability" name="test_module_root_exists" time="0.146" /><testcase classname="tests.content.test_god_of_carnage.TestW1ModuleDiscoverability" name="test_module_discoverable_via_service" time="0.157" /><testcase classname="tests.content.test_god_of_carnage.TestW1ModuleDiscoverability" name="test_module_has_manifest" time="0.189" /><testcase classname="tests.content.test_god_of_carnage.TestW1ContentFilesLoadable" name="test_required_files_exist" time="0.533" /><testcase classname="tests.content.test_god_of_carnage.TestW1ContentFilesLoadable" name="test_module_loads_successfully" time="0.178" /><testcase classname="tests.content.test_god_of_carnage.TestW1ContentFilesLoadable" name="test_all_yaml_files_parse" time="0.240" /><testcase classname="tests.content.test_god_of_carnage.TestW1CharacterValidation" name="test_characters_exist" time="0.239" /><testcase classname="tests.content.test_god_of_carnage.TestW1CharacterValidation" name="test_character_ids_unique" time="0.236" /><testcase classname="tests.content.test_god_of_carnage.TestW1CharacterValidation" name="test_required_characters_present" time="0.227" /><testcase classname="tests.content.test_god_of_carnage.TestW1CharacterValidation" name="test_characters_have_required_fields" time="0.173" /><testcase classname="tests.content.test_god_of_carnage.TestW1RelationshipValidation" name="test_relationships_exist" time="0.186" /><testcase classname="tests.content.test_god_of_carnage.TestW1RelationshipValidation" name="test_relationship_character_references_valid" time="0.246" /><testcase classname="tests.content.test_god_of_carnage.TestW1RelationshipValidation" name="test_relationship_axes_have_characters" time="0.206" /><testcase classname="tests.content.test_god_of_carnage.TestW1SceneValidation" name="test_scenes_exist" time="0.525" /><testcase classname="tests.content.test_god_of_carnage.TestW1SceneValidation" name="test_scene_ids_unique" time="0.145" /><testcase classname="tests.content.test_god_of_carnage.TestW1SceneValidation" name="test_required_scenes_present" time="0.167" /><testcase classname="tests.content.test_god_of_carnage.TestW1SceneValidation" name="test_scene_sequence_linear" time="0.160" /><testcase classname="tests.content.test_god_of_carnage.TestW1SceneValidation" name="test_scenes_have_required_fields" time="0.157" /><testcase classname="tests.content.test_god_of_carnage.TestW1TransitionValidation" name="test_transitions_exist" time="0.149" /><testcase classname="tests.content.test_god_of_carnage.TestW1TransitionValidation" name="test_transitions_reference_valid_phases" time="0.163" /><testcase classname="tests.content.test_god_of_carnage.TestW1TransitionValidation" name="test_transitions_reference_valid_triggers" time="0.149" /><testcase classname="tests.content.test_god_of_carnage.TestW1TriggerValidation" name="test_triggers_exist" time="0.148" /><testcase classname="tests.content.test_god_of_carnage.TestW1TriggerValidation" name="test_required_trigger_types_present" time="0.141" /><testcase classname="tests.content.test_god_of_carnage.TestW1TriggerValidation" name="test_triggers_have_required_fields" time="0.445" /><testcase classname="tests.content.test_god_of_carnage.TestW1EndingValidation" name="test_endings_exist" time="0.140" /><testcase classname="tests.content.test_god_of_carnage.TestW1EndingValidation" name="test_required_ending_types_present" time="0.160" /><testcase classname="tests.content.test_god_of_carnage.TestW1EndingValidation" name="test_endings_have_required_fields" time="0.151" /><testcase classname="tests.content.test_god_of_carnage.TestW1LegalStoryPath" name="test_story_path_phase_1_to_5" time="0.145" /><testcase classname="tests.content.test_god_of_carnage.TestW1LegalStoryPath" name="test_story_path_has_valid_endings" time="0.146" /><testcase classname="tests.content.test_god_of_carnage.TestW1LegalStoryPath" name="test_full_path_validation" time="0.144" /><testcase classname="tests.content.test_god_of_carnage.TestW1MalformedFailures" name="test_malformed_yaml_fails_on_load" time="0.116" /><testcase classname="tests.content.test_god_of_carnage.TestW1MalformedFailures" name="test_invalid_structure_fails_on_validate" time="0.114" /><testcase classname="tests.content.test_god_of_carnage.TestW1MalformedFailures" name="test_service_preflight_handles_errors" time="0.110" /><testcase classname="tests.content.test_module_loader.TestModuleFileLoader" name="test_load_file_valid_yaml" time="0.427" /><testcase classname="tests.content.test_module_loader.TestModuleFileLoader" name="test_load_file_nonexistent" time="0.111" /><testcase classname="tests.content.test_module_loader.TestModuleFileLoader" name="test_load_file_malformed_yaml" time="0.115" /><testcase classname="tests.content.test_module_loader.TestModuleFileLoader" name="test_load_all_module_files_valid" time="0.116" /><testcase classname="tests.content.test_module_loader.TestModuleFileLoader" name="test_load_all_module_files_nonexistent_dir" time="0.111" /><testcase classname="tests.content.test_module_loader.TestModuleStructureValidator" name="test_validate_structure_valid" time="0.115" /><testcase classname="tests.content.test_module_loader.TestModuleStructureValidator" name="test_validate_structure_missing_required_field" time="0.113" /><testcase classname="tests.content.test_module_loader.TestModuleStructureValidator" name="test_validate_structure_invalid_type" time="0.122" /><testcase classname="tests.content.test_module_loader.TestLoadModuleEntryPoint" name="test_load_module_valid" time="0.115" /><testcase classname="tests.content.test_module_loader.TestLoadModuleEntryPoint" name="test_load_module_nonexistent" time="0.109" /><testcase classname="tests.content.test_module_loader.TestLoadModuleEntryPoint" name="test_load_module_malformed_yaml" time="0.113" /><testcase classname="tests.content.test_module_loader.TestLoadModuleEntryPoint" name="test_load_module_invalid_structure" time="0.445" /><testcase classname="tests.content.test_module_loader.TestLoadModuleEntryPoint" name="test_load_module_default_path" time="0.153" /><testcase classname="tests.content.test_module_loader.TestModuleLoaderIntegration" name="test_load_god_of_carnage_full" time="0.147" /><testcase classname="tests.content.test_module_loader" name="test_content_modules_root_points_at_repo_content_modules" time="0.110" /><testcase classname="tests.content.test_module_loader" name="test_content_modules_root_wos_content_modules_root" time="0.111" /><testcase classname="tests.content.test_module_loader" name="test_content_modules_root_wos_repo_root" time="0.113" /><testcase classname="tests.content.test_module_loader" name="test_content_modules_root_explicit_overrides_repo_root" time="0.115" /><testcase classname="tests.content.test_module_loader" name="test_load_file_empty_yaml_returns_empty_dict" time="0.116" /><testcase classname="tests.content.test_module_loader" name="test_load_all_module_files_rejects_file_not_directory" time="0.111" /><testcase classname="tests.content.test_module_loader" name="test_load_all_module_files_permission_error_on_glob" time="0.115" /><testcase classname="tests.content.test_module_loader" name="test_unwrap_escalation_axes_wrapped_yaml" time="0.429" /><testcase classname="tests.content.test_module_loader" name="test_validate_structure_maps_trigger_types_alias" time="0.115" /><testcase classname="tests.content.test_module_loader" name="test_validate_structure_maps_ending_types_alias" time="0.120" /><testcase classname="tests.content.test_module_loader" name="test_validate_structure_relationships_as_list" time="0.113" /><testcase classname="tests.content.test_module_loader" name="test_validate_structure_relationships_plain_dict_axes" time="0.116" /><testcase classname="tests.content.test_module_loader" name="test_validate_structure_escalation_axes_none_normalized" time="0.115" /><testcase classname="tests.content.test_module_loader" name="test_validate_structure_module_structure_error_includes_metadata_module_id" time="0.113" /><testcase classname="tests.content.test_module_loader" name="test_load_module_accepts_str_root_path" time="0.119" /><testcase classname="tests.content.test_module_loader" name="test_unwrap_non_mapped_yaml_file_passthrough" time="0.111" /><testcase classname="tests.content.test_module_loader" name="test_load_file_uses_utf8_encoding" time="0.110" /><testcase classname="tests.content.test_module_loader" name="test_load_file_oserror_on_open" time="0.114" /><testcase classname="tests.content.test_module_loader" name="test_load_file_invalid_yaml_syntax" time="0.457" /><testcase classname="tests.content.test_module_loader" name="test_validate_structure_relationships_skips_non_dict_pair_definitions" time="0.111" /><testcase classname="tests.content.test_module_loader" name="test_load_module_module_not_found" time="0.114" /><testcase classname="tests.content.test_module_service.TestModuleService" name="test_service_initialization" time="0.116" /><testcase classname="tests.content.test_module_service.TestModuleService" name="test_service_default_root_path" time="0.118" /><testcase classname="tests.content.test_module_service.TestModuleService" name="test_load_and_validate_valid_module" time="0.121" /><testcase classname="tests.content.test_module_service.TestModuleService" name="test_load_and_validate_nonexistent_module" time="0.113" /><testcase classname="tests.content.test_module_service.TestModuleService" name="test_preflight_check_valid" time="0.113" /><testcase classname="tests.content.test_module_service.TestModuleService" name="test_preflight_check_nonexistent" time="0.112" /><testcase classname="tests.content.test_module_service.TestModuleService" name="test_list_available_modules_empty" time="0.121" /><testcase classname="tests.content.test_module_service.TestModuleService" name="test_list_available_modules_with_modules" time="0.437" /><testcase classname="tests.content.test_module_service.TestModuleService" name="test_list_available_modules_sorted" time="0.115" /><testcase classname="tests.content.test_module_service.TestModuleService" name="test_get_module_metadata_valid" time="0.114" /><testcase classname="tests.content.test_module_service.TestModuleService" name="test_get_module_metadata_nonexistent" time="0.115" /><testcase classname="tests.content.test_module_service.TestModuleServiceGodOfCarnage" name="test_list_available_modules_includes_god_of_carnage" time="0.114" /><testcase classname="tests.content.test_module_service.TestModuleServiceGodOfCarnage" name="test_load_god_of_carnage_module" time="0.149" /><testcase classname="tests.content.test_module_service.TestModuleServiceGodOfCarnage" name="test_get_god_of_carnage_metadata" time="0.111" /><testcase classname="tests.content.test_module_service.TestModuleServiceGodOfCarnage" name="test_preflight_check_god_of_carnage" time="0.143" /><testcase classname="tests.content.test_module_service.TestModuleServiceErrorHandling" name="test_load_malformed_module" time="0.111" /><testcase classname="tests.content.test_module_service.TestModuleServiceErrorHandling" name="test_load_invalid_module" time="0.111" /><testcase classname="tests.content.test_module_service.TestModuleServiceWorkflow" name="test_complete_workflow_god_of_carnage" time="0.176" /><testcase classname="tests.content.test_module_service.TestModuleServiceWorkflow" name="test_workflow_nonexistent_module" time="0.454" /><testcase classname="tests.content.test_module_validator.TestValidationResult" name="test_validation_result_creation" time="0.111" /><testcase classname="tests.content.test_module_validator.TestValidationResult" name="test_validation_result_with_errors" time="0.113" /><testcase classname="tests.content.test_module_validator.TestModuleCrossReferenceValidator" name="test_validate_character_references_valid" time="0.148" /><testcase classname="tests.content.test_module_validator.TestModuleCrossReferenceValidator" name="test_validate_relationship_references_valid" time="0.144" /><testcase classname="tests.content.test_module_validator.TestModuleCrossReferenceValidator" name="test_validate_trigger_references_valid" time="0.144" /><testcase classname="tests.content.test_module_validator.TestModuleCrossReferenceValidator" name="test_validate_phase_sequence_valid" time="0.159" /><testcase classname="tests.content.test_module_validator.TestModuleCrossReferenceValidator" name="test_validate_constraints_valid" time="0.147" /><testcase classname="tests.content.test_module_validator.TestModuleCrossReferenceValidator" name="test_validate_all_valid" time="0.144" /><testcase classname="tests.content.test_module_validator.TestModuleCrossReferenceValidator" name="test_validate_all_returns_validation_result" time="0.142" /><testcase classname="tests.content.test_module_validator.TestModuleValidatorErrorDetection" name="test_detect_undefined_character_reference" time="0.445" /><testcase classname="tests.content.test_module_validator.TestModuleValidatorErrorDetection" name="test_detect_undefined_trigger_reference" time="0.116" /><testcase classname="tests.content.test_module_validator.TestModuleValidatorErrorDetection" name="test_detect_phase_sequence_gaps" time="0.114" /><testcase classname="tests.content.test_module_validator.TestModuleValidatorGodOfCarnage" name="test_god_of_carnage_full_validation" time="0.146" /><testcase classname="tests.content.test_module_validator.TestModuleValidatorGodOfCarnage" name="test_god_of_carnage_has_all_characters" time="0.144" /><testcase classname="tests.content.test_module_validator.TestModuleValidatorGodOfCarnage" name="test_god_of_carnage_has_all_phases" time="0.146" /><testcase classname="tests.content.test_module_validator.TestModuleValidatorGodOfCarnage" name="test_god_of_carnage_phase_sequence_correct" time="0.149" /><testcase classname="tests.content.test_module_validator.TestModuleValidatorGodOfCarnage" name="test_god_of_carnage_has_triggers" time="0.144" /><testcase classname="tests.content.test_module_validator.TestModuleValidatorGodOfCarnage" name="test_god_of_carnage_has_endings" time="0.150" /><testcase classname="tests.content.test_module_validator.TestModuleValidatorSyntheticErrors" name="test_trigger_character_vulnerability_unknown_character" time="0.112" /><testcase classname="tests.content.test_module_validator.TestModuleValidatorSyntheticErrors" name="test_relationship_axis_unknown_relationship_id" time="0.449" /><testcase classname="tests.content.test_module_validator.TestModuleValidatorSyntheticErrors" name="test_phase_active_trigger_unknown" time="0.111" /><testcase classname="tests.content.test_module_validator.TestModuleValidatorSyntheticErrors" name="test_phase_sequence_gap_and_bad_transition_and_cycle" time="0.114" /><testcase classname="tests.content.test_module_validator.TestModuleValidatorSyntheticErrors" name="test_constraints_empty_fields_and_negative_baseline" time="0.114" /><testcase classname="tests.improvement.test_improvement_model_routing_allowed.TestRunRoutedBoundedCallWithAdapter" name="test_run_routed_bounded_call_adapter_success_populates_excerpt" time="0.119" /><testcase classname="tests.improvement.test_improvement_model_routing_allowed.TestRunRoutedBoundedCallWithAdapter" name="test_run_routed_bounded_call_adapter_failure_sets_call_error" time="0.114" /><testcase classname="tests.improvement.test_improvement_model_routing_allowed.TestRunRoutedBoundedCallWithAdapter" name="test_run_routed_bounded_call_adapter_exception_sets_call_error" time="0.111" /><testcase classname="tests.improvement.test_improvement_model_routing_allowed.TestEnrichImprovementPackage" name="test_enrich_improvement_package_with_injected_stub_adapters" time="0.112" /><testcase classname="tests.improvement.test_improvement_model_routing_allowed.TestEnrichImprovementPackage" name="test_enrich_improvement_package_missing_deterministic_base_falls_back" time="0.110" /><testcase classname="tests.improvement.test_improvement_model_routing_allowed.TestEnrichImprovementPackage" name="test_enrich_sets_operator_audit_key" time="0.109" /><testcase classname="tests.improvement.test_improvement_model_routing_allowed.TestEnrichImprovementPackage" name="test_enrich_sets_area2_truth_key" time="0.114" /><testcase classname="tests.improvement.test_improvement_model_routing_allowed.TestEnrichImprovementPackage" name="test_enrich_with_empty_adapters_still_produces_valid_output" time="0.460" /><testcase classname="tests.improvement.test_improvement_model_routing_denied" name="test_run_routed_bounded_call_missing_provider_adapter_skips_with_skip_reason" time="0.113" /><testcase classname="tests.improvement.test_improvement_routes" name="test_variant_creation_with_parent_lineage" time="0.317" /><testcase classname="tests.improvement.test_improvement_routes" name="test_variant_creation_and_lineage" time="0.313" /><testcase classname="tests.improvement.test_improvement_routes" name="test_sandbox_execution_evaluation_and_recommendation_package" time="1.889" /><testcase classname="tests.improvement.test_improvement_routes" name="test_improvement_retrieval_paths_materially_affect_review_bundle_and_stored_evidence" time="0.468" /><testcase classname="tests.improvement.test_improvement_routes" name="test_improvement_experiment_reflects_empty_retrieval_in_trace_and_review_summary" time="0.384" /><testcase classname="tests.improvement.test_improvement_routes" name="test_improvement_recommendation_suffix_drops_when_transcript_helper_bypassed" time="0.721" /><testcase classname="tests.improvement.test_improvement_routes" name="test_apply_improvement_recommendation_decision_flow" time="0.136" /><testcase classname="tests.improvement.test_improvement_routes" name="test_improvement_recommendation_decision_http_route" time="0.294" /><testcase classname="tests.improvement.test_improvement_routes" name="test_governance_accessibility_lists_recommendation_packages" time="0.511" /><testcase classname="tests.improvement.test_improvement_routes" name="test_improvement_experiment_task2a_routing_calls_route_model_twice" time="0.406" /><testcase classname="tests.improvement.test_improvement_routes" name="test_improvement_experiment_reuses_cached_rag_stack" time="0.466" /><testcase classname="tests.improvement.test_improvement_routes" name="test_improvement_route_surfaces_capability_failures_honestly" time="25.974" /><testcase classname="tests.improvement.test_improvement_routes" name="test_sandbox_turn_uses_semantic_interpretation" time="0.429" /><testcase classname="tests.improvement.test_improvement_routes" name="test_sandbox_turn_action_input_is_classified_correctly" time="0.113" /><testcase classname="tests.improvement.test_improvement_routes" name="test_evaluate_experiment_builds_comparison_package_and_rationale" time="0.117" /><testcase classname="tests.improvement.test_improvement_routes" name="test_sandbox_experiment_evaluation_uses_interpretation_signals" time="0.120" /><testcase classname="tests.improvement.test_improvement_routes" name="test_create_variant_invalid_improvement_entry_class_returns_400" time="0.303" /><testcase classname="tests.improvement.test_improvement_routes" name="test_create_variant_metadata_conflict_returns_400" time="0.295" /><testcase classname="tests.improvement.test_improvement_routes" name="test_create_variant_top_level_entry_class_persists" time="0.297" /><testcase classname="tests.improvement.test_improvement_routes" name="test_create_variant_missing_baseline_id_returns_400" time="0.294" /><testcase classname="tests.improvement.test_improvement_routes" name="test_create_variant_missing_candidate_summary_returns_400" time="0.289" /><testcase classname="tests.improvement.test_improvement_routes" name="test_create_variant_non_dict_body_returns_400" time="0.291" /><testcase classname="tests.improvement.test_improvement_routes" name="test_run_experiment_non_list_test_inputs_returns_400" time="0.662" /><testcase classname="tests.improvement.test_improvement_routes" name="test_recommendation_decision_returns_404_when_package_not_found" time="0.294" /><testcase classname="tests.improvement.test_improvement_unit.TestImprovementStore" name="test_improvement_store_write_and_read_json" time="0.119" /><testcase classname="tests.improvement.test_improvement_unit.TestImprovementStore" name="test_improvement_store_list_json_empty_folder_returns_empty" time="0.114" /><testcase classname="tests.improvement.test_improvement_unit.TestImprovementStore" name="test_improvement_store_list_json_with_files" time="0.123" /><testcase classname="tests.improvement.test_improvement_unit.TestCreateVariant" name="test_create_variant_with_default_mutation_plan" time="0.114" /><testcase classname="tests.improvement.test_improvement_unit.TestCreateVariant" name="test_create_variant_respects_improvement_entry_class_metadata" time="0.118" /><testcase classname="tests.improvement.test_improvement_unit.TestCreateVariant" name="test_create_variant_top_level_improvement_entry_class" time="0.117" /><testcase classname="tests.improvement.test_improvement_unit.TestCreateVariant" name="test_create_variant_rejects_conflicting_entry_class_sources" time="0.115" /><testcase classname="tests.improvement.test_improvement_unit.TestCreateVariant" name="test_create_variant_rejects_unknown_entry_class_in_metadata" time="0.125" /><testcase classname="tests.improvement.test_improvement_unit.TestCreateVariant" name="test_create_variant_with_parent_variant_increments_lineage_depth" time="0.485" /><testcase classname="tests.improvement.test_improvement_unit.TestCreateVariant" name="test_create_variant_with_mutation_metadata_dict" time="0.117" /><testcase classname="tests.improvement.test_improvement_unit.TestCreateVariant" name="test_create_variant_invalid_mutation_plan_falls_back_to_default" time="0.117" /><testcase classname="tests.improvement.test_improvement_unit.TestImprovementEntryClassParsing" name="test_parse_rejects_empty" time="0.115" /><testcase classname="tests.improvement.test_improvement_unit.TestImprovementEntryClassParsing" name="test_parse_rejects_unknown" time="0.115" /><testcase classname="tests.improvement.test_improvement_unit.TestImprovementEntryClassParsing" name="test_parse_accepts_roadmap_values" time="0.114" /><testcase classname="tests.improvement.test_improvement_unit.TestImprovementRecommendationContract" name="test_recommendation_package_propagates_entry_class_and_compliance" time="0.119" /><testcase classname="tests.improvement.test_improvement_unit.TestImprovementRecommendationContract" name="test_semantic_compliance_fails_on_bad_entry_class" time="0.115" /><testcase classname="tests.improvement.test_improvement_unit.TestEvaluateTranscript" name="test_evaluate_transcript_counts_kinds_correctly" time="0.141" /><testcase classname="tests.improvement.test_improvement_unit.TestEvaluateTranscript" name="test_evaluate_transcript_detects_repetition" time="0.126" /><testcase classname="tests.improvement.test_improvement_unit.TestEvaluateTranscript" name="test_evaluate_transcript_empty_transcript_returns_zero_counts" time="0.476" /><testcase classname="tests.improvement.test_improvement_unit.TestBuildComparisonPackage" name="test_build_comparison_package_structure" time="0.112" /><testcase classname="tests.improvement.test_improvement_unit.TestBuildEvidenceStrengthMap" name="test_evidence_strength_map_all_true" time="0.112" /><testcase classname="tests.improvement.test_improvement_unit.TestBuildEvidenceStrengthMap" name="test_evidence_strength_map_all_false" time="0.119" /><testcase classname="tests.improvement.test_improvement_unit.TestBuildEvidenceStrengthMap" name="test_evidence_strength_map_mixed" time="0.117" /><testcase classname="tests.improvement.test_improvement_unit.TestBuildRecommendationRationale" name="test_recommendation_rationale_guard_driver_above_threshold" time="0.115" /><testcase classname="tests.improvement.test_improvement_unit.TestBuildRecommendationRationale" name="test_recommendation_rationale_repetition_driver_above_threshold" time="0.113" /><testcase classname="tests.improvement.test_improvement_unit.TestBuildRecommendationRationale" name="test_recommendation_rationale_retrieval_driver_with_paths" time="0.113" /><testcase classname="tests.improvement.test_improvement_unit.TestBuildRecommendationRationale" name="test_recommendation_rationale_baseline_pass_fallback" time="0.113" /><testcase classname="tests.mcp.test_mcp_client.TestMCPClient" name="test_client_can_call_session_get" time="0.112" /><testcase classname="tests.mcp.test_mcp_client.TestMCPClient" name="test_client_enforces_operating_profile" time="0.113" /><testcase classname="tests.mcp.test_mcp_client.TestMCPClient" name="test_client_calls_world_engine" time="0.481" /><testcase classname="tests.routes.test_player_routes.TestJoinGame" name="test_join_game_success_binds_player_to_session" time="0.285" /><testcase classname="tests.routes.test_player_routes.TestJoinGame" name="test_join_game_missing_session_id_returns_400" time="0.298" /><testcase classname="tests.routes.test_player_routes.TestJoinGame" name="test_join_game_missing_auth_returns_401" time="0.122" /><testcase classname="tests.routes.test_player_routes.TestJoinGame" name="test_join_game_unknown_session_returns_404" time="0.294" /><testcase classname="tests.routes.test_player_routes.TestExecuteAction" name="test_execute_action_success_advances_turn" time="0.292" /><testcase classname="tests.routes.test_player_routes.TestExecuteAction" name="test_execute_action_missing_session_returns_400" time="0.293" /><testcase classname="tests.routes.test_player_routes.TestExecuteAction" name="test_execute_action_missing_action_returns_400" time="0.299" /><testcase classname="tests.routes.test_player_routes.TestExecuteAction" name="test_execute_action_missing_auth_returns_401" time="0.147" /><testcase classname="tests.routes.test_player_routes.TestExecuteAction" name="test_execute_action_unknown_session_returns_404" time="0.654" /><testcase classname="tests.routes.test_player_routes.TestGetState" name="test_get_state_returns_current_snapshot" time="0.295" /><testcase classname="tests.routes.test_player_routes.TestGetState" name="test_get_state_missing_session_id_returns_400" time="0.290" /><testcase classname="tests.routes.test_player_routes.TestGetState" name="test_get_state_missing_auth_returns_401" time="0.118" /><testcase classname="tests.routes.test_player_routes.TestGetState" name="test_get_state_unknown_session_returns_404" time="0.297" /><testcase classname="tests.routes.test_player_routes.TestGetHistory" name="test_get_history_returns_turn_log" time="0.294" /><testcase classname="tests.routes.test_player_routes.TestGetHistory" name="test_get_history_default_limit" time="0.294" /><testcase classname="tests.routes.test_player_routes.TestGetHistory" name="test_get_history_missing_session_id_returns_400" time="0.291" /><testcase classname="tests.routes.test_player_routes.TestGetHistory" name="test_get_history_missing_auth_returns_401" time="0.122" /><testcase classname="tests.routes.test_player_routes.TestGetHistory" name="test_get_history_unknown_session_returns_404" time="0.293" /><testcase classname="tests.routes.test_player_routes.TestAuthorizationAndBinding" name="test_join_game_with_valid_token" time="0.674" /><testcase classname="tests.routes.test_player_routes.TestAuthorizationAndBinding" name="test_all_routes_require_jwt" time="0.114" /><testcase classname="tests.runtime.test_adapter_registry" name="test_register_adapter" time="0.115" /><testcase classname="tests.runtime.test_adapter_registry" name="test_get_adapter" time="0.120" /><testcase classname="tests.runtime.test_adapter_registry" name="test_get_adapter_case_insensitive" time="0.113" /><testcase classname="tests.runtime.test_adapter_registry" name="test_get_nonexistent_adapter_returns_none" time="0.114" /><testcase classname="tests.runtime.test_adapter_registry" name="test_register_adapter_validates_name" time="0.119" /><testcase classname="tests.runtime.test_adapter_registry" name="test_register_adapter_validates_adapter" time="0.125" /><testcase classname="tests.runtime.test_adapter_registry" name="test_clear_registry" time="0.113" /><testcase classname="tests.runtime.test_adapter_registry" name="test_adapter_registered_function" time="0.117" /><testcase classname="tests.runtime.test_adapter_registry" name="test_multiple_adapters_registered" time="0.498" /><testcase classname="tests.runtime.test_adapter_registry" name="test_no_w2_scope_jump_adapter_registry" time="0.112" /><testcase classname="tests.runtime.test_adapter_registry" name="test_register_adapter_after_register_adapter_model_keeps_stale_spec" time="0.112" /><testcase classname="tests.runtime.test_agent_registry" name="test_default_registry_exposes_enabled_agents" time="0.114" /><testcase classname="tests.runtime.test_agent_registry" name="test_registry_rejects_unknown_agent" time="0.114" /><testcase classname="tests.runtime.test_agent_registry" name="test_registry_rejects_disabled_agent" time="0.113" /><testcase classname="tests.runtime.test_agent_registry" name="test_registry_exposes_model_selection_and_tool_policy" time="0.112" /><testcase classname="tests.runtime.test_agent_registry" name="test_default_registry_exposes_turn_budget_policy_defaults" time="0.114" /><testcase classname="tests.runtime.test_ai_adapter.TestAdapterRequest" name="test_adapter_request_required_fields" time="0.111" /><testcase classname="tests.runtime.test_ai_adapter.TestAdapterRequest" name="test_adapter_request_optional_fields_default" time="0.112" /><testcase classname="tests.runtime.test_ai_adapter.TestAdapterRequest" name="test_adapter_request_with_operator_input" time="0.114" /><testcase classname="tests.runtime.test_ai_adapter.TestAdapterRequest" name="test_adapter_request_with_metadata" time="0.504" /><testcase classname="tests.runtime.test_ai_adapter.TestAdapterRequest" name="test_adapter_request_accepts_input_interpretation" time="0.112" /><testcase classname="tests.runtime.test_ai_adapter.TestAdapterResponse" name="test_adapter_response_required_raw_output" time="0.114" /><testcase classname="tests.runtime.test_ai_adapter.TestAdapterResponse" name="test_adapter_response_optional_fields_default" time="0.113" /><testcase classname="tests.runtime.test_ai_adapter.TestAdapterResponse" name="test_adapter_response_with_structured_payload" time="0.117" /><testcase classname="tests.runtime.test_ai_adapter.TestAdapterResponse" name="test_adapter_response_with_error_sets_is_error_flag" time="0.114" /><testcase classname="tests.runtime.test_ai_adapter.TestAdapterResponse" name="test_adapter_response_without_error_sets_is_error_false" time="0.114" /><testcase classname="tests.runtime.test_ai_adapter.TestStoryAIAdapterContract" name="test_cannot_instantiate_abstract_base_directly" time="0.117" /><testcase classname="tests.runtime.test_ai_adapter.TestStoryAIAdapterContract" name="test_subclass_without_generate_method_fails" time="0.117" /><testcase classname="tests.runtime.test_ai_adapter.TestStoryAIAdapterContract" name="test_subclass_without_adapter_name_property_fails" time="0.112" /><testcase classname="tests.runtime.test_ai_adapter.TestMockStoryAIAdapter" name="test_mock_adapter_name" time="0.495" /><testcase classname="tests.runtime.test_ai_adapter.TestMockStoryAIAdapter" name="test_mock_generate_returns_response" time="0.133" /><testcase classname="tests.runtime.test_ai_adapter.TestMockStoryAIAdapter" name="test_mock_generate_deterministic_output" time="0.151" /><testcase classname="tests.runtime.test_ai_adapter.TestMockStoryAIAdapter" name="test_mock_generate_includes_turn_and_scene_in_output" time="0.140" /><testcase classname="tests.runtime.test_ai_adapter.TestMockStoryAIAdapter" name="test_mock_generate_structured_payload_has_expected_keys" time="0.114" /><testcase classname="tests.runtime.test_ai_adapter.TestAdapterContractCoherence" name="test_multiple_mock_adapters_are_independent" time="0.116" /><testcase classname="tests.runtime.test_ai_adapter.TestAdapterContractCoherence" name="test_adapter_request_with_complex_canonical_state" time="0.114" /><testcase classname="tests.runtime.test_ai_adapter.TestAdapterContractCoherence" name="test_adapter_request_with_event_list" time="0.114" /><testcase classname="tests.runtime.test_ai_adapter.TestAdapterContractCoherence" name="test_adapter_response_backend_metadata_extensible" time="0.115" /><testcase classname="tests.runtime.test_ai_adapter.TestAdapterRequestRoleStructured" name="test_adapter_request_role_structured_defaults_to_false" time="0.112" /><testcase classname="tests.runtime.test_ai_adapter.TestAdapterRequestRoleStructured" name="test_adapter_request_role_structured_can_be_set_true" time="0.113" /><testcase classname="tests.runtime.test_ai_adapter.TestMockAdapterRoleStructured" name="test_mock_adapter_returns_role_contract_shape_when_requested" time="0.492" /><testcase classname="tests.runtime.test_ai_adapter.TestMockAdapterRoleStructured" name="test_mock_adapter_returns_legacy_format_when_not_requested" time="0.115" /><testcase classname="tests.runtime.test_ai_adapter.TestMockAdapterRoleStructured" name="test_mock_adapter_metadata_reflects_role_structured_flag" time="0.114" /><testcase classname="tests.runtime.test_ai_adapter.TestMockAdapterRoleStructured" name="test_mock_adapter_role_structured_payload_has_canonical_keys" time="0.114" /><testcase classname="tests.runtime.test_ai_adapter.TestTokenUsageNormalization" name="test_normalize_token_usage_reads_usage_block" time="0.116" /><testcase classname="tests.runtime.test_ai_adapter.TestTokenUsageNormalization" name="test_normalize_token_usage_supports_prompt_completion_aliases" time="0.115" /><testcase classname="tests.runtime.test_ai_adapter.TestTokenUsageNormalization" name="test_normalize_token_usage_returns_none_when_exact_usage_missing" time="0.114" /><testcase classname="tests.runtime.test_ai_adapter.TestGenerateWithTimeout" name="test_returns_result_when_adapter_finishes_within_timeout" time="0.114" /><testcase classname="tests.runtime.test_ai_adapter.TestGenerateWithTimeout" name="test_slow_adapter_yields_explicit_timeout_outcome_containment_not_cancel" time="0.145" /><testcase classname="tests.runtime.test_ai_decision.TestParseAdapterResponse" name="test_parse_valid_structured_payload_succeeds" time="0.114" /><testcase classname="tests.runtime.test_ai_decision.TestParseAdapterResponse" name="test_parse_returns_parsed_decision_on_success" time="0.482" /><testcase classname="tests.runtime.test_ai_decision.TestParseAdapterResponse" name="test_parse_adapter_error_fails_immediately" time="0.119" /><testcase classname="tests.runtime.test_ai_decision.TestParseAdapterResponse" name="test_parse_none_structured_payload_fails" time="0.112" /><testcase classname="tests.runtime.test_ai_decision.TestParseAdapterResponse" name="test_parse_non_dict_structured_payload_fails" time="0.115" /><testcase classname="tests.runtime.test_ai_decision.TestParseAdapterResponse" name="test_parse_missing_required_field_scene_interpretation" time="0.112" /><testcase classname="tests.runtime.test_ai_decision.TestParseAdapterResponse" name="test_parse_missing_required_field_rationale" time="0.112" /><testcase classname="tests.runtime.test_ai_decision.TestParseAdapterResponse" name="test_parse_wrong_field_type_detected_triggers_not_list" time="0.113" /><testcase classname="tests.runtime.test_ai_decision.TestParseAdapterResponse" name="test_parse_raw_output_preserved_on_success" time="0.111" /><testcase classname="tests.runtime.test_ai_decision.TestParseAdapterResponse" name="test_parse_raw_output_preserved_on_failure" time="0.111" /><testcase classname="tests.runtime.test_ai_decision.TestNormalizeStructuredOutput" name="test_normalize_strips_whitespace_from_scene_interpretation" time="0.122" /><testcase classname="tests.runtime.test_ai_decision.TestNormalizeStructuredOutput" name="test_normalize_strips_whitespace_from_rationale" time="0.116" /><testcase classname="tests.runtime.test_ai_decision.TestNormalizeStructuredOutput" name="test_normalize_dialogue_impulses_preserved_when_empty" time="0.487" /><testcase classname="tests.runtime.test_ai_decision.TestNormalizeStructuredOutput" name="test_normalize_proposed_scene_id_none_passes_through" time="0.111" /><testcase classname="tests.runtime.test_ai_decision.TestNormalizeStructuredOutput" name="test_normalize_conflict_vector_none_passes_through" time="0.110" /><testcase classname="tests.runtime.test_ai_decision.TestNormalizeStructuredOutput" name="test_normalize_parsed_source_set_to_structured_payload" time="0.114" /><testcase classname="tests.runtime.test_ai_decision.TestPrevalidateDecision" name="test_prevalidate_empty_scene_interpretation_returns_error" time="0.121" /><testcase classname="tests.runtime.test_ai_decision.TestPrevalidateDecision" name="test_prevalidate_whitespace_only_scene_interpretation_returns_error" time="0.115" /><testcase classname="tests.runtime.test_ai_decision.TestPrevalidateDecision" name="test_prevalidate_empty_rationale_returns_error" time="0.114" /><testcase classname="tests.runtime.test_ai_decision.TestPrevalidateDecision" name="test_prevalidate_empty_target_path_in_delta_returns_error" time="0.111" /><testcase classname="tests.runtime.test_ai_decision.TestPrevalidateDecision" name="test_prevalidate_duplicate_trigger_ids_returns_error" time="0.114" /><testcase classname="tests.runtime.test_ai_decision.TestPrevalidateDecision" name="test_prevalidate_valid_decision_returns_empty_errors" time="0.112" /><testcase classname="tests.runtime.test_ai_decision.TestProcessAdapterResponse" name="test_process_full_pipeline_success" time="0.493" /><testcase classname="tests.runtime.test_ai_decision.TestProcessAdapterResponse" name="test_process_full_pipeline_failure_missing_fields" time="0.112" /><testcase classname="tests.runtime.test_ai_decision.TestProcessAdapterResponse" name="test_process_full_pipeline_failure_adapter_error" time="0.113" /><testcase classname="tests.runtime.test_ai_decision.TestProcessAdapterResponse" name="test_process_raw_output_always_preserved" time="0.112" /><testcase classname="tests.runtime.test_ai_decision_logging" name="test_interpreter_diagnostic_summary_creation" time="0.115" /><testcase classname="tests.runtime.test_ai_decision_logging" name="test_director_diagnostic_summary_creation" time="0.116" /><testcase classname="tests.runtime.test_ai_decision_logging" name="test_director_diagnostic_summary_validates_direction_enum" time="0.112" /><testcase classname="tests.runtime.test_ai_decision_logging" name="test_ai_decision_log_accepts_role_fields" time="0.110" /><testcase classname="tests.runtime.test_ai_decision_logging" name="test_construct_log_legacy_parsing_has_none_role_fields" time="0.119" /><testcase classname="tests.runtime.test_ai_decision_logging" name="test_construct_log_role_structured_parsing_populates_role_fields" time="0.114" /><testcase classname="tests.runtime.test_ai_decision_logging" name="test_validation_outcome_mapping_accepted" time="0.113" /><testcase classname="tests.runtime.test_ai_decision_logging" name="test_validation_outcome_mapping_rejected" time="0.495" /><testcase classname="tests.runtime.test_ai_decision_logging" name="test_validation_outcome_mapping_partially_accepted" time="0.115" /><testcase classname="tests.runtime.test_ai_decision_logging" name="test_validation_outcome_mapping_structurally_invalid" time="0.121" /><testcase classname="tests.runtime.test_ai_decision_logging" name="test_role_fields_do_not_affect_delta_validation" time="0.114" /><testcase classname="tests.runtime.test_ai_decision_logging" name="test_guard_outcome_remains_canonical" time="0.113" /><testcase classname="tests.runtime.test_ai_decision_logging" name="test_backward_compatibility_legacy_decisions_still_work" time="0.112" /><testcase classname="tests.runtime.test_ai_decision_logging" name="test_parsed_ai_decision_fields_unchanged" time="0.113" /><testcase classname="tests.runtime.test_ai_decision_logging" name="test_guard_outcome_and_validation_outcome_semantics" time="0.114" /><testcase classname="tests.runtime.test_ai_decision_logging" name="test_construct_log_accepts_optional_tool_loop_fields" time="0.112" /><testcase classname="tests.runtime.test_ai_decision_logging" name="test_construct_log_accepts_preview_diagnostics" time="0.113" /><testcase classname="tests.runtime.test_ai_failure_handling" name="test_execution_failure_reason_enum_exists" time="0.479" /><testcase classname="tests.runtime.test_ai_failure_handling" name="test_turn_execution_result_has_failure_reason" time="0.113" /><testcase classname="tests.runtime.test_ai_failure_handling" name="test_empty_adapter_output_fails_safely" time="0.190" /><testcase classname="tests.runtime.test_ai_failure_handling" name="test_malformed_structured_output_fails_safely" time="0.227" /><testcase classname="tests.runtime.test_ai_failure_handling" name="test_state_safety_on_failure" time="0.190" /><testcase classname="tests.runtime.test_ai_failure_handling" name="test_no_w2_scope_jump_failure_handling" time="0.116" /><testcase classname="tests.runtime.test_ai_failure_recovery.TestAIFailureClassEnum" name="test_adapter_error_exists" time="0.115" /><testcase classname="tests.runtime.test_ai_failure_recovery.TestAIFailureClassEnum" name="test_timeout_or_empty_response_exists" time="0.116" /><testcase classname="tests.runtime.test_ai_failure_recovery.TestAIFailureClassEnum" name="test_parse_failure_exists" time="0.114" /><testcase classname="tests.runtime.test_ai_failure_recovery.TestAIFailureClassEnum" name="test_structurally_invalid_output_exists" time="0.115" /><testcase classname="tests.runtime.test_ai_failure_recovery.TestAIFailureClassEnum" name="test_responder_validation_failure_exists" time="0.490" /><testcase classname="tests.runtime.test_ai_failure_recovery.TestAIFailureClassEnum" name="test_guard_rejection_exists" time="0.114" /><testcase classname="tests.runtime.test_ai_failure_recovery.TestAIFailureClassEnum" name="test_retry_exhausted_exists" time="0.114" /><testcase classname="tests.runtime.test_ai_failure_recovery.TestAIFailureClassEnum" name="test_unexpected_runtime_error_exists" time="0.113" /><testcase classname="tests.runtime.test_ai_failure_recovery.TestAIFailureClassEnum" name="test_all_failure_classes_have_values" time="0.114" /><testcase classname="tests.runtime.test_ai_failure_recovery.TestRecoveryActionEnum" name="test_retry_exists" time="0.114" /><testcase classname="tests.runtime.test_ai_failure_recovery.TestRecoveryActionEnum" name="test_fallback_exists" time="0.114" /><testcase classname="tests.runtime.test_ai_failure_recovery.TestRecoveryActionEnum" name="test_safe_turn_exists" time="0.112" /><testcase classname="tests.runtime.test_ai_failure_recovery.TestRecoveryActionEnum" name="test_restore_exists" time="0.116" /><testcase classname="tests.runtime.test_ai_failure_recovery.TestRecoveryActionEnum" name="test_abort_exists" time="0.119" /><testcase classname="tests.runtime.test_ai_failure_recovery.TestFailureRecoveryPolicy" name="test_all_failure_classes_have_recovery_policy" time="0.113" /><testcase classname="tests.runtime.test_ai_failure_recovery.TestFailureRecoveryPolicy" name="test_retryable_failures_are_transient" time="0.499" /><testcase classname="tests.runtime.test_ai_failure_recovery.TestFailureRecoveryPolicy" name="test_fallback_failures_are_structural" time="0.114" /><testcase classname="tests.runtime.test_ai_failure_recovery.TestFailureRecoveryPolicy" name="test_safe_turn_failures_are_validation" time="0.112" /><testcase classname="tests.runtime.test_ai_failure_recovery.TestFailureRecoveryPolicy" name="test_restore_failures_are_systematic" time="0.123" /><testcase classname="tests.runtime.test_ai_failure_recovery.TestFailureRecoveryPolicy" name="test_recovery_classification_is_mutually_exclusive" time="0.116" /><testcase classname="tests.runtime.test_ai_failure_recovery.TestFailureRecoveryPolicy" name="test_policy_covers_all_known_failure_classes" time="0.115" /><testcase classname="tests.runtime.test_ai_failure_recovery.TestFailureRecoveryPolicy" name="test_contract_is_deterministic" time="0.115" /><testcase classname="tests.runtime.test_ai_failure_recovery.TestFailureRecoveryContractCompleteness" name="test_retryable_vs_fallback_distinction_is_clear" time="0.117" /><testcase classname="tests.runtime.test_ai_failure_recovery.TestFailureRecoveryContractCompleteness" name="test_no_implicit_recovery_actions" time="0.115" /><testcase classname="tests.runtime.test_ai_failure_recovery.TestFailureRecoveryContractCompleteness" name="test_safe_turn_failures_do_not_require_state_restoration" time="0.112" /><testcase classname="tests.runtime.test_ai_failure_recovery.TestRetryPolicy" name="test_retryable_failures_are_defined" time="0.491" /><testcase classname="tests.runtime.test_ai_failure_recovery.TestRetryPolicy" name="test_max_retries_is_bounded" time="0.113" /><testcase classname="tests.runtime.test_ai_failure_recovery.TestRetryPolicy" name="test_is_retryable_failure_for_adapter_error" time="0.114" /><testcase classname="tests.runtime.test_ai_failure_recovery.TestRetryPolicy" name="test_is_retryable_failure_for_timeout" time="0.113" /><testcase classname="tests.runtime.test_ai_failure_recovery.TestRetryPolicy" name="test_is_not_retryable_for_parse_failure" time="0.115" /><testcase classname="tests.runtime.test_ai_failure_recovery.TestRetryPolicy" name="test_is_not_retryable_for_validation_failure" time="0.114" /><testcase classname="tests.runtime.test_ai_failure_recovery.TestRetryPolicy" name="test_should_retry_when_retryable_and_within_limit" time="0.113" /><testcase classname="tests.runtime.test_ai_failure_recovery.TestRetryPolicy" name="test_should_not_retry_when_not_retryable" time="0.120" /><testcase classname="tests.runtime.test_ai_failure_recovery.TestRetryPolicy" name="test_should_not_retry_when_exhausted" time="0.113" /><testcase classname="tests.runtime.test_ai_failure_recovery.TestRetryPolicy" name="test_retry_exhaustion_failure_class" time="0.112" /><testcase classname="tests.runtime.test_ai_failure_recovery.TestRetryPolicy" name="test_retry_exhaustion_requires_restore" time="0.114" /><testcase classname="tests.runtime.test_ai_failure_recovery.TestRetryPolicy" name="test_retry_policy_prevents_infinite_loops" time="0.498" /><testcase classname="tests.runtime.test_ai_failure_recovery.TestRetryPolicy" name="test_retry_policy_is_deterministic" time="0.136" /><testcase classname="tests.runtime.test_ai_failure_recovery.TestReducedContextRetryPolicy" name="test_reduced_context_retry_mode_enum_exists" time="0.114" /><testcase classname="tests.runtime.test_ai_failure_recovery.TestReducedContextRetryPolicy" name="test_first_attempt_uses_normal_context" time="0.115" /><testcase classname="tests.runtime.test_ai_failure_recovery.TestReducedContextRetryPolicy" name="test_second_attempt_uses_reduced_context" time="0.113" /><testcase classname="tests.runtime.test_ai_failure_recovery.TestReducedContextRetryPolicy" name="test_reduction_phases_are_defined" time="0.117" /><testcase classname="tests.runtime.test_ai_failure_recovery.TestReducedContextRetryPolicy" name="test_reduction_phases_order_is_correct" time="0.113" /><testcase classname="tests.runtime.test_ai_failure_recovery.TestReducedContextRetryPolicy" name="test_phase_descriptions_exist" time="0.114" /><testcase classname="tests.runtime.test_ai_failure_recovery.TestReducedContextRetryPolicy" name="test_reduced_context_only_for_retryable_failures" time="0.112" /><testcase classname="tests.runtime.test_ai_failure_recovery.TestReducedContextRetryPolicy" name="test_context_reduction_strategy_is_deterministic" time="0.113" /><testcase classname="tests.runtime.test_ai_failure_recovery.TestReducedContextRetryPolicy" name="test_context_reduction_preserves_continuity_priority" time="0.494" /><testcase classname="tests.runtime.test_ai_failure_recovery.TestReducedContextRetryPolicy" name="test_reduced_context_mode_reduces_token_pressure" time="0.114" /><testcase classname="tests.runtime.test_ai_failure_recovery.TestReducedContextRetryPolicy" name="test_max_retries_respects_reduced_context_window" time="0.114" /><testcase classname="tests.runtime.test_ai_failure_recovery.TestFallbackResponderPolicy" name="test_fallback_responder_mode_enum_exists" time="0.116" /><testcase classname="tests.runtime.test_ai_failure_recovery.TestFallbackResponderPolicy" name="test_fallback_does_not_trigger_on_retry_exhausted" time="0.116" /><testcase classname="tests.runtime.test_ai_failure_recovery.TestFallbackResponderPolicy" name="test_fallback_triggers_on_parse_failure" time="0.120" /><testcase classname="tests.runtime.test_ai_failure_recovery.TestFallbackResponderPolicy" name="test_fallback_triggers_on_structurally_invalid" time="0.115" /><testcase classname="tests.runtime.test_ai_failure_recovery.TestFallbackResponderPolicy" name="test_fallback_does_not_trigger_on_validation_failure" time="0.115" /><testcase classname="tests.runtime.test_ai_failure_recovery.TestFallbackResponderPolicy" name="test_fallback_does_not_trigger_on_retryable_failures" time="0.110" /><testcase classname="tests.runtime.test_ai_failure_recovery.TestFallbackResponderPolicy" name="test_fallback_is_conservative" time="0.111" /><testcase classname="tests.runtime.test_ai_failure_recovery.TestFallbackResponderPolicy" name="test_fallback_respects_guards" time="0.116" /><testcase classname="tests.runtime.test_ai_failure_recovery.TestFallbackResponderPolicy" name="test_fallback_is_marked_explicitly" time="0.507" /><testcase classname="tests.runtime.test_ai_failure_recovery.TestFallbackResponderPolicy" name="test_get_fallback_mode_status_inactive_when_no_failure" time="0.112" /><testcase classname="tests.runtime.test_ai_failure_recovery.TestFallbackResponderPolicy" name="test_get_fallback_mode_status_active_when_triggered" time="0.136" /><testcase classname="tests.runtime.test_ai_failure_recovery.TestFallbackResponderPolicy" name="test_get_fallback_mode_status_inactive_when_not_triggered" time="0.113" /><testcase classname="tests.runtime.test_ai_failure_recovery.TestFallbackResponderPolicy" name="test_fallback_constraints_are_defined" time="0.114" /><testcase classname="tests.runtime.test_ai_failure_recovery.TestFallbackResponderPolicy" name="test_fallback_permissions_are_defined" time="0.119" /><testcase classname="tests.runtime.test_ai_failure_recovery.TestFallbackResponderPolicy" name="test_fallback_trigger_failures_are_explicit" time="0.116" /><testcase classname="tests.runtime.test_ai_failure_recovery.TestFallbackResponderPolicy" name="test_fallback_constraints_and_permissions_do_not_conflict" time="0.115" /><testcase classname="tests.runtime.test_ai_failure_recovery.TestFallbackResponderPolicy" name="test_fallback_is_explicit_not_implicit" time="0.122" /><testcase classname="tests.runtime.test_ai_failure_recovery.TestSafeTurnPolicy" name="test_safe_turn_mode_enum_exists" time="0.113" /><testcase classname="tests.runtime.test_ai_failure_recovery.TestSafeTurnPolicy" name="test_safe_turn_triggers_on_retry_exhausted" time="0.487" /><testcase classname="tests.runtime.test_ai_failure_recovery.TestSafeTurnPolicy" name="test_safe_turn_triggers_on_unexpected_runtime_error" time="0.110" /><testcase classname="tests.runtime.test_ai_failure_recovery.TestSafeTurnPolicy" name="test_safe_turn_does_not_trigger_on_fallback_eligible" time="0.112" /><testcase classname="tests.runtime.test_ai_failure_recovery.TestSafeTurnPolicy" name="test_safe_turn_mode_status_inactive_when_no_failure" time="0.118" /><testcase classname="tests.runtime.test_ai_failure_recovery.TestSafeTurnPolicy" name="test_safe_turn_mode_status_active_when_triggered" time="0.114" /><testcase classname="tests.runtime.test_ai_failure_recovery.TestSafeTurnPolicy" name="test_safe_turn_mode_status_inactive_when_not_triggered" time="0.116" /><testcase classname="tests.runtime.test_ai_failure_recovery.TestSafeTurnPolicy" name="test_safe_turn_semantics_are_defined" time="0.118" /><testcase classname="tests.runtime.test_ai_failure_recovery.TestSafeTurnPolicy" name="test_protected_state_boundaries_are_defined" time="0.113" /><testcase classname="tests.runtime.test_ai_failure_recovery.TestSafeTurnPolicy" name="test_safe_turn_validates_protected_boundaries" time="0.111" /><testcase classname="tests.runtime.test_ai_failure_recovery.TestSafeTurnPolicy" name="test_safe_turn_invariants_are_defined" time="0.112" /><testcase classname="tests.runtime.test_ai_failure_recovery.TestSafeTurnPolicy" name="test_safe_turn_is_minimal" time="0.110" /><testcase classname="tests.runtime.test_ai_failure_recovery.TestSafeTurnPolicy" name="test_safe_turn_is_last_resort" time="0.492" /><testcase classname="tests.runtime.test_ai_failure_recovery.TestSafeTurnPolicy" name="test_safe_turn_semantics_no_state_mutation" time="0.112" /><testcase classname="tests.runtime.test_ai_failure_recovery.TestSafeTurnPolicy" name="test_safe_turn_protects_character_existence" time="0.111" /><testcase classname="tests.runtime.test_ai_failure_recovery.TestSafeTurnPolicy" name="test_safe_turn_protects_narrative_coherence" time="0.117" /><testcase classname="tests.runtime.test_ai_failure_recovery.TestSafeTurnPolicy" name="test_safe_turn_guarantees_session_alive" time="0.114" /><testcase classname="tests.runtime.test_ai_failure_recovery.TestSafeTurnPolicy" name="test_safe_turn_turn_counter_never_reverts" time="0.113" /><testcase classname="tests.runtime.test_ai_failure_recovery.TestStateSnapshot" name="test_state_snapshot_captures_essential_state" time="0.118" /><testcase classname="tests.runtime.test_ai_failure_recovery.TestStateSnapshot" name="test_state_snapshot_has_timestamp" time="0.114" /><testcase classname="tests.runtime.test_ai_failure_recovery.TestStateSnapshot" name="test_state_snapshot_validates_before_restore" time="0.111" /><testcase classname="tests.runtime.test_ai_failure_recovery.TestRestorePolicy" name="test_restore_policy_identifies_last_valid_state" time="0.110" /><testcase classname="tests.runtime.test_ai_failure_recovery.TestRestorePolicy" name="test_restore_policy_requires_restore_for_exhausted_failures" time="0.491" /><testcase classname="tests.runtime.test_ai_failure_recovery.TestRestorePolicy" name="test_restore_policy_applies_snapshot_to_clean_state" time="0.113" /><testcase classname="tests.runtime.test_ai_failure_recovery.TestRestorePolicy" name="test_restore_policy_deep_copies_snapshot" time="0.115" /><testcase classname="tests.runtime.test_ai_failure_recovery.TestRestorePolicy" name="test_restore_policy_validates_snapshot_before_restore" time="0.111" /><testcase classname="tests.runtime.test_ai_failure_recovery.TestRestorePolicy" name="test_restore_policy_marks_restore_in_metadata" time="0.111" /><testcase classname="tests.runtime.test_ai_failure_recovery.TestRestorePolicy" name="test_restore_policy_tracks_turns_discarded" time="0.113" /><testcase classname="tests.runtime.test_ai_failure_recovery.TestDegradedSessionPolicy" name="test_degraded_marker_enum_has_all_markers" time="0.112" /><testcase classname="tests.runtime.test_ai_failure_recovery.TestDegradedSessionPolicy" name="test_degraded_session_state_starts_healthy" time="0.114" /><testcase classname="tests.runtime.test_ai_failure_recovery.TestDegradedSessionPolicy" name="test_degraded_session_state_tracks_markers" time="0.114" /><testcase classname="tests.runtime.test_ai_failure_recovery.TestDegradedSessionPolicy" name="test_degraded_session_state_accumulates_markers" time="0.115" /><testcase classname="tests.runtime.test_ai_failure_recovery.TestDegradedSessionPolicy" name="test_degraded_session_state_marks_overall_degraded" time="0.115" /><testcase classname="tests.runtime.test_ai_failure_recovery.TestDegradedSessionPolicy" name="test_degraded_session_state_tracks_timestamps" time="0.509" /><testcase classname="tests.runtime.test_ai_failure_recovery.TestDegradedSessionPolicy" name="test_degraded_session_state_prevents_duplicate_markers" time="0.115" /><testcase classname="tests.runtime.test_ai_failure_recovery.TestDegradedSessionPolicy" name="test_degraded_session_state_has_marker_check" time="0.114" /><testcase classname="tests.runtime.test_ai_failure_recovery.TestDegradedSessionPolicy" name="test_degraded_session_state_recovery_history" time="0.116" /><testcase classname="tests.runtime.test_ai_failure_recovery.TestDegradedSessionPolicy" name="test_degraded_session_state_in_session_state" time="0.115" /><testcase classname="tests.runtime.test_ai_failure_recovery.TestDegradedSessionPolicy" name="test_restore_policy_semantics_are_defined" time="0.126" /><testcase classname="tests.runtime.test_ai_failure_recovery.TestDegradedSessionPolicy" name="test_restore_required_failures_set_is_explicit" time="0.131" /><testcase classname="tests.runtime.test_ai_failure_recovery_integration.TestReducedContextIntegration" name="test_reduced_context_mode_on_retry_attempts" time="0.186" /><testcase classname="tests.runtime.test_ai_failure_recovery_integration.TestRetryLoopIntegration" name="test_adapter_error_triggers_retry" time="0.186" /><testcase classname="tests.runtime.test_ai_failure_recovery_integration.TestRetryLoopIntegration" name="test_retry_exhaustion_after_max_attempts" time="0.183" /><testcase classname="tests.runtime.test_ai_failure_recovery_integration.TestRetryLoopIntegration" name="test_empty_response_triggers_retry" time="0.556" /><testcase classname="tests.runtime.test_ai_failure_recovery_integration.TestFallbackResponderIntegration" name="test_parse_failure_triggers_fallback" time="0.185" /><testcase classname="tests.runtime.test_ai_failure_recovery_integration.TestFallbackResponderIntegration" name="test_structurally_invalid_output_triggers_fallback" time="0.180" /><testcase classname="tests.runtime.test_ai_failure_recovery_integration.TestFallbackResponderIntegration" name="test_fallback_responder_mode_active_on_parse_failure" time="0.183" /><testcase classname="tests.runtime.test_ai_failure_recovery_integration.TestSafeTurnIntegration" name="test_retry_exhaustion_triggers_safe_turn" time="0.203" /><testcase classname="tests.runtime.test_ai_failure_recovery_integration.TestSafeTurnIntegration" name="test_safe_turn_preserves_session_state" time="0.196" /><testcase classname="tests.runtime.test_ai_failure_recovery_integration.TestSafeTurnIntegration" name="test_safe_turn_advances_turn_counter" time="0.182" /><testcase classname="tests.runtime.test_ai_failure_recovery_integration.TestRestoreIntegration" name="test_pre_execution_snapshot_captured" time="0.184" /><testcase classname="tests.runtime.test_ai_failure_recovery_integration.TestRestoreIntegration" name="test_restore_returns_to_last_valid_state" time="0.183" /><testcase classname="tests.runtime.test_ai_failure_recovery_integration.TestRestoreIntegration" name="test_restore_is_marked_explicitly" time="0.186" /><testcase classname="tests.runtime.test_ai_failure_recovery_integration.TestDegradationMarkers" name="test_reduced_context_marks_degradation" time="0.585" /><testcase classname="tests.runtime.test_ai_failure_recovery_integration.TestDegradationMarkers" name="test_fallback_marks_degradation" time="0.178" /><testcase classname="tests.runtime.test_ai_failure_recovery_integration.TestDegradationMarkers" name="test_safe_turn_marks_degradation" time="0.182" /><testcase classname="tests.runtime.test_ai_failure_recovery_integration.TestDegradationMarkers" name="test_restore_marks_degradation" time="0.189" /><testcase classname="tests.runtime.test_ai_output.TestProposedDelta" name="test_proposed_delta_required_fields" time="0.110" /><testcase classname="tests.runtime.test_ai_output.TestProposedDelta" name="test_proposed_delta_optional_delta_type_defaults_none" time="0.110" /><testcase classname="tests.runtime.test_ai_output.TestProposedDelta" name="test_proposed_delta_optional_rationale_defaults_empty" time="0.112" /><testcase classname="tests.runtime.test_ai_output.TestProposedDelta" name="test_proposed_delta_accepts_any_next_value_type" time="0.117" /><testcase classname="tests.runtime.test_ai_output.TestDialogueImpulse" name="test_dialogue_impulse_required_fields" time="0.113" /><testcase classname="tests.runtime.test_ai_output.TestDialogueImpulse" name="test_dialogue_impulse_intensity_defaults_to_0_5" time="0.112" /><testcase classname="tests.runtime.test_ai_output.TestDialogueImpulse" name="test_dialogue_impulse_intensity_accepts_boundary_values" time="0.499" /><testcase classname="tests.runtime.test_ai_output.TestDialogueImpulse" name="test_dialogue_impulse_intensity_rejects_out_of_range" time="0.114" /><testcase classname="tests.runtime.test_ai_output.TestConflictVector" name="test_conflict_vector_required_field" time="0.113" /><testcase classname="tests.runtime.test_ai_output.TestConflictVector" name="test_conflict_vector_intensity_defaults_to_0_5" time="0.114" /><testcase classname="tests.runtime.test_ai_output.TestConflictVector" name="test_conflict_vector_notes_defaults_to_none" time="0.112" /><testcase classname="tests.runtime.test_ai_output.TestConflictVector" name="test_conflict_vector_intensity_validates_range" time="0.113" /><testcase classname="tests.runtime.test_ai_output.TestStructuredAIStoryOutput" name="test_structured_output_required_fields" time="0.116" /><testcase classname="tests.runtime.test_ai_output.TestStructuredAIStoryOutput" name="test_structured_output_proposed_scene_id_defaults_none" time="0.120" /><testcase classname="tests.runtime.test_ai_output.TestStructuredAIStoryOutput" name="test_structured_output_dialogue_impulses_defaults_empty" time="0.112" /><testcase classname="tests.runtime.test_ai_output.TestStructuredAIStoryOutput" name="test_structured_output_conflict_vector_defaults_none" time="0.112" /><testcase classname="tests.runtime.test_ai_output.TestStructuredAIStoryOutput" name="test_structured_output_confidence_defaults_none" time="0.112" /><testcase classname="tests.runtime.test_ai_output.TestStructuredAIStoryOutput" name="test_structured_output_accepts_empty_lists" time="0.504" /><testcase classname="tests.runtime.test_ai_output.TestStructuredAIStoryOutput" name="test_structured_output_full_payload" time="0.118" /><testcase classname="tests.runtime.test_ai_output.TestStructuredAIStoryOutput" name="test_structured_output_confidence_validates_range" time="0.112" /><testcase classname="tests.runtime.test_ai_output.TestOutputImmutability" name="test_structured_output_immutability" time="0.113" /><testcase classname="tests.runtime.test_ai_output.TestOutputImmutability" name="test_proposed_delta_immutability" time="0.116" /><testcase classname="tests.runtime.test_ai_turn_executor" name="test_convert_proposed_delta_to_state_delta" time="0.114" /><testcase classname="tests.runtime.test_ai_turn_executor.TestDecisionFromParsed" name="test_target_path_mapped_to_target" time="0.118" /><testcase classname="tests.runtime.test_ai_turn_executor.TestDecisionFromParsed" name="test_optional_fields_preserved" time="0.114" /><testcase classname="tests.runtime.test_ai_turn_executor.TestDecisionFromParsed" name="test_unknown_delta_type_falls_back_to_none" time="0.114" /><testcase classname="tests.runtime.test_ai_turn_executor.TestDecisionFromParsed" name="test_valid_delta_type_string_is_coerced" time="0.118" /><testcase classname="tests.runtime.test_ai_turn_executor.TestBuildAdapterRequestInterpretation" name="test_build_adapter_request_attaches_envelope_and_preserves_raw_operator_input" time="0.590" /><testcase classname="tests.runtime.test_ai_turn_executor.TestBuildAdapterRequestInterpretation" name="test_execute_turn_with_ai_logs_interpretation_once" time="0.181" /><testcase classname="tests.runtime.test_ai_turn_executor.TestExecuteTurnWithAI" name="test_successful_ai_turn_execution" time="0.182" /><testcase classname="tests.runtime.test_ai_turn_executor.TestExecuteTurnWithAI" name="test_ai_path_delta_flows_into_state" time="0.184" /><testcase classname="tests.runtime.test_ai_turn_executor.TestExecuteTurnWithAI" name="test_malformed_adapter_output_fails_before_state_corruption" time="0.210" /><testcase classname="tests.runtime.test_ai_turn_executor.TestExecuteTurnWithAI" name="test_adapter_error_fails_before_state_corruption" time="0.196" /><testcase classname="tests.runtime.test_ai_turn_executor.TestExecuteTurnWithAI" name="test_engine_validation_still_controls_committed_changes" time="0.191" /><testcase classname="tests.runtime.test_ai_turn_executor.TestExecuteTurnWithAI" name="test_adapter_error_logs_error_decision" time="0.186" /><testcase classname="tests.runtime.test_ai_turn_executor.TestExecuteTurnWithAI" name="test_malformed_adapter_output_logs_error_decision" time="0.210" /><testcase classname="tests.runtime.test_ai_turn_executor.TestExecuteTurnWithAI" name="test_successful_ai_turn_creates_decision_log" time="0.198" /><testcase classname="tests.runtime.test_ai_turn_executor.TestExecuteTurnWithAI" name="test_partial_validation_logged" time="0.170" /><testcase classname="tests.runtime.test_ai_turn_executor.TestExecuteTurnWithAI" name="test_mock_path_remains_available_and_coherent" time="0.530" /><testcase classname="tests.runtime.test_ai_turn_executor.TestExecuteTurnWithAI" name="test_decision_log_orthogonal_to_event_log" time="0.168" /><testcase classname="tests.runtime.test_ai_turn_executor" name="test_no_w2_scope_jump" time="0.100" /><testcase classname="tests.runtime.test_ai_turn_executor.TestAIDecisionLogOutcomes" name="test_clean_turn_produces_accepted_validation_outcome" time="0.163" /><testcase classname="tests.runtime.test_ai_turn_executor.TestAIDecisionLogOutcomes" name="test_guard_outcome_rejected_is_mapped_to_rejected_validation_outcome" time="0.162" /><testcase classname="tests.runtime.test_ai_turn_executor.TestAIDecisionLogOutcomes" name="test_guard_notes_format_normalized_with_error_count_and_label" time="0.160" /><testcase classname="tests.runtime.test_ai_turn_executor.TestAIDecisionLogOutcomes" name="test_error_path_result_has_structurally_invalid_guard_outcome" time="0.161" /><testcase classname="tests.runtime.test_ai_turn_executor.TestAIDecisionLogOutcomes" name="test_error_path_aidecisionlog_has_error_validation_outcome" time="0.166" /><testcase classname="tests.runtime.test_ai_turn_executor.TestAIDecisionLogOutcomes" name="test_error_path_cross_surface_consistency" time="0.160" /><testcase classname="tests.runtime.test_ai_turn_executor.TestActionStructureValidation" name="test_missing_target_path_rejected_in_canonical_path" time="0.163" /><testcase classname="tests.runtime.test_ai_turn_executor.TestActionStructureValidation" name="test_missing_next_value_rejected_in_canonical_path" time="0.509" /><testcase classname="tests.runtime.test_ai_turn_executor.TestActionStructureValidation" name="test_valid_action_structure_passes_to_deeper_validation" time="0.165" /><testcase classname="tests.runtime.test_ai_turn_executor.TestActionStructureValidation" name="test_action_structure_validation_before_mutation" time="0.163" /><testcase classname="tests.runtime.test_ai_turn_executor" name="test_mcp_enrichment_attaches_to_adapter_request" time="0.165" /><testcase classname="tests.runtime.test_ai_turn_executor" name="test_invalid_action_type_triggers_policy_fallback" time="0.170" /><testcase classname="tests.runtime.test_ai_turn_executor" name="test_role_structured_payload_uses_responder_gate" time="0.168" /><testcase classname="tests.runtime.test_ai_turn_executor" name="test_restore_apply_raises_valueerror_then_safe_turn" time="0.167" /><testcase classname="tests.runtime.test_ai_turn_executor" name="test_tool_loop_summary_absent_when_disabled" time="0.166" /><testcase classname="tests.runtime.test_ai_turn_executor" name="test_preview_diagnostics_recorded_when_preview_tool_is_used" time="0.167" /><testcase classname="tests.runtime.test_ai_turn_executor" name="test_agent_orchestration_executes_real_separate_subagents_and_logs_trace" time="0.191" /><testcase classname="tests.runtime.test_ai_turn_executor" name="test_agent_orchestration_has_priority_over_requested_tool_loop" time="0.518" /><testcase classname="tests.runtime.test_ai_turn_executor" name="test_adapter_generate_timeout_is_contained_with_explicit_failure_reason" time="0.216" /><testcase classname="tests.runtime.test_ai_turn_executor_routing" name="test_execute_turn_with_ai_uses_routed_llm_adapter_when_specs_registered" time="0.107" /><testcase classname="tests.runtime.test_ai_turn_executor_routing" name="test_execute_turn_with_ai_falls_back_when_no_model_specs" time="0.111" /><testcase classname="tests.runtime.test_ai_turn_generation.TestRunAdapterGenerationWithRetry" name="test_successful_response_first_attempt" time="0.105" /><testcase classname="tests.runtime.test_ai_turn_generation.TestRunAdapterGenerationWithRetry" name="test_retry_on_error_then_success" time="0.105" /><testcase classname="tests.runtime.test_ai_turn_generation.TestRunAdapterGenerationWithRetry" name="test_retry_on_empty_output" time="0.104" /><testcase classname="tests.runtime.test_ai_turn_generation.TestRunAdapterGenerationWithRetry" name="test_timeout_failure_class_detection" time="0.106" /><testcase classname="tests.runtime.test_ai_turn_generation.TestRunAdapterGenerationWithRetry" name="test_non_retryable_failure_stops_retrying" time="0.104" /><testcase classname="tests.runtime.test_ai_turn_generation.TestRunAdapterGenerationWithRetry" name="test_max_retries_exhausted" time="0.105" /><testcase classname="tests.runtime.test_ai_turn_generation.TestRunAdapterGenerationWithRetry" name="test_starting_attempt_parameter" time="0.446" /><testcase classname="tests.runtime.test_ai_turn_generation.TestRunAdapterGenerationWithRetry" name="test_multiple_retries_before_success" time="0.103" /><testcase classname="tests.runtime.test_ai_turn_generation.TestRunAdapterGenerationWithRetry" name="test_null_output_treated_as_empty" time="0.104" /><testcase classname="tests.runtime.test_ai_turn_generation.TestRunAdapterGenerationWithRetry" name="test_enrich_request_called_on_each_attempt" time="0.103" /><testcase classname="tests.runtime.test_ai_turn_routing_builders.TestBuildRuntimeRoutingRequest" name="test_build_routing_request_minimal" time="0.102" /><testcase classname="tests.runtime.test_ai_turn_routing_builders.TestBuildRuntimeRoutingRequest" name="test_build_routing_request_with_task_kind" time="0.104" /><testcase classname="tests.runtime.test_ai_turn_routing_builders.TestBuildRuntimeRoutingRequest" name="test_build_routing_request_invalid_task_kind_fallback" time="0.104" /><testcase classname="tests.runtime.test_ai_turn_routing_builders.TestBuildRuntimeRoutingRequest" name="test_build_routing_request_with_latency_budget" time="0.105" /><testcase classname="tests.runtime.test_ai_turn_routing_builders.TestBuildRuntimeRoutingRequest" name="test_build_routing_request_invalid_latency_budget_fallback" time="0.105" /><testcase classname="tests.runtime.test_ai_turn_routing_builders.TestBuildRuntimeRoutingRequest" name="test_build_routing_request_with_cost_sensitivity" time="0.103" /><testcase classname="tests.runtime.test_ai_turn_routing_builders.TestBuildRuntimeRoutingRequest" name="test_build_routing_request_invalid_cost_sensitivity_fallback" time="0.105" /><testcase classname="tests.runtime.test_ai_turn_routing_builders.TestBuildRuntimeRoutingRequest" name="test_build_routing_request_with_fallback_marker" time="0.472" /><testcase classname="tests.runtime.test_ai_turn_routing_builders.TestBuildRuntimeRoutingRequest" name="test_build_routing_request_with_retry_exhausted_marker" time="0.103" /><testcase classname="tests.runtime.test_ai_turn_routing_builders.TestBuildRuntimeRoutingRequest" name="test_build_routing_request_with_multiple_markers" time="0.105" /><testcase classname="tests.runtime.test_ai_turn_routing_builders.TestBuildRuntimeRoutingRequest" name="test_build_routing_request_non_dict_metadata" time="0.105" /><testcase classname="tests.runtime.test_ai_turn_routing_builders.TestBuildRuntimeRoutingRequest" name="test_build_routing_request_non_string_metadata_values" time="0.103" /><testcase classname="tests.runtime.test_ai_turn_routing_builders.TestBuildRuntimeRoutingRequest" name="test_build_routing_request_all_metadata_options" time="0.104" /><testcase classname="tests.runtime.test_ai_turn_routing_builders.TestBuildModelRoutingTraceDict" name="test_build_trace_dict_resolved_via_get_adapter" time="0.104" /><testcase classname="tests.runtime.test_ai_turn_routing_builders.TestBuildModelRoutingTraceDict" name="test_build_trace_dict_fallback_to_passed_adapter" time="0.102" /><testcase classname="tests.runtime.test_ai_turn_routing_builders.TestBuildModelRoutingTraceDict" name="test_build_trace_dict_with_escalation" time="0.103" /><testcase classname="tests.runtime.test_ai_turn_routing_builders.TestBuildModelRoutingTraceDict" name="test_build_trace_dict_with_degradation" time="0.103" /><testcase classname="tests.runtime.test_ai_turn_routing_builders.TestBuildModelRoutingTraceDict" name="test_build_trace_dict_model_dump_called" time="0.473" /><testcase classname="tests.runtime.test_ai_turn_routing_builders.TestBuildModelRoutingTraceDict" name="test_build_trace_dict_evidence_building" time="0.104" /><testcase classname="tests.runtime.test_ai_turn_routing_builders.TestBuildModelRoutingTraceDict" name="test_build_trace_dict_contains_all_keys" time="0.103" /><testcase classname="tests.runtime.test_canonical_ai_integration.TestCanonicalAIPathSuccess" name="test_dispatcher_routes_to_ai_path_when_configured" time="0.137" /><testcase classname="tests.runtime.test_canonical_ai_integration.TestCanonicalAIPathSuccess" name="test_ai_execution_creates_decision_log_on_success" time="0.141" /><testcase classname="tests.runtime.test_canonical_ai_integration.TestCanonicalAIPathSuccess" name="test_ai_delta_is_applied_to_state" time="0.137" /><testcase classname="tests.runtime.test_canonical_ai_integration.TestCanonicalAIPathSuccess" name="test_next_situation_continuity_after_ai_execution" time="0.137" /><testcase classname="tests.runtime.test_canonical_ai_integration.TestCanonicalAIPathSuccess" name="test_dispatch_turn_can_complete_via_tool_loop_then_final_output" time="0.140" /><testcase classname="tests.runtime.test_canonical_ai_integration.TestCanonicalAIPathSuccess" name="test_preview_feedback_allows_iterative_correction" time="0.143" /><testcase classname="tests.runtime.test_canonical_ai_integration.TestCanonicalAIPathSuccess" name="test_dispatch_turn_supports_real_multi_agent_orchestration" time="0.140" /><testcase classname="tests.runtime.test_canonical_ai_integration.TestCanonicalAIPathFailure" name="test_malformed_adapter_output_fails_safely" time="0.502" /><testcase classname="tests.runtime.test_canonical_ai_integration.TestCanonicalAIPathFailure" name="test_adapter_error_fails_safely" time="0.138" /><testcase classname="tests.runtime.test_canonical_ai_integration.TestCanonicalAIPathFailure" name="test_decision_log_created_on_failure" time="0.137" /><testcase classname="tests.runtime.test_canonical_ai_integration.TestCanonicalMockPath" name="test_mock_path_through_dispatcher" time="0.136" /><testcase classname="tests.runtime.test_cross_surface_operator_audit_contract" name="test_runtime_staged_operator_audit_matches_cross_surface_contract" time="0.107" /><testcase classname="tests.runtime.test_cross_surface_operator_audit_contract" name="test_writers_room_operator_audit_and_routing_evidence_contract" time="22.713" /><testcase classname="tests.runtime.test_cross_surface_operator_audit_contract" name="test_improvement_operator_audit_and_deterministic_base_separation" time="0.381" /><testcase classname="tests.runtime.test_cross_surface_operator_audit_contract" name="test_operator_truth_coherent_across_bounded_http_surfaces" time="0.362" /><testcase classname="tests.runtime.test_cross_surface_operator_audit_contract" name="test_runtime_operator_truth_keys_align_with_bounded_http" time="0.313" /><testcase classname="tests.runtime.test_debug_presenter.TestDebugSummarySection" name="test_debug_summary_section_creation" time="0.420" /><testcase classname="tests.runtime.test_debug_presenter.TestDebugSummarySection" name="test_debug_summary_section_with_optional_fields" time="0.099" /><testcase classname="tests.runtime.test_debug_presenter.TestDebugSummarySection" name="test_debug_summary_section_default_triggers" time="0.104" /><testcase classname="tests.runtime.test_debug_presenter.TestDebugDetailedSection" name="test_debug_detailed_section_creation" time="0.102" /><testcase classname="tests.runtime.test_debug_presenter.TestDebugDetailedSection" name="test_debug_detailed_section_with_samples" time="0.100" /><testcase classname="tests.runtime.test_debug_presenter.TestPrimaryDiagnosticOutput" name="test_primary_diagnostic_output_creation" time="0.100" /><testcase classname="tests.runtime.test_debug_presenter.TestPrimaryDiagnosticOutput" name="test_primary_diagnostic_output_composition" time="0.102" /><testcase classname="tests.runtime.test_debug_presenter.TestRecentPatternIndicator" name="test_recent_pattern_indicator_creation" time="0.104" /><testcase classname="tests.runtime.test_debug_presenter.TestRecentPatternIndicator" name="test_recent_pattern_indicator_ending_reached" time="0.107" /><testcase classname="tests.runtime.test_debug_presenter.TestDebugPanelOutput" name="test_debug_panel_output_creation" time="0.101" /><testcase classname="tests.runtime.test_debug_presenter.TestDebugPanelOutput" name="test_debug_panel_output_with_patterns_and_markers" time="0.103" /><testcase classname="tests.runtime.test_debug_presenter.TestDebugPanelOutput" name="test_debug_panel_output_without_full_diagnostics" time="0.474" /><testcase classname="tests.runtime.test_debug_presenter.TestPresentDebugPanel" name="test_present_debug_panel_with_short_term_context" time="0.105" /><testcase classname="tests.runtime.test_debug_presenter.TestPresentDebugPanel" name="test_present_debug_panel_without_short_term_context" time="0.102" /><testcase classname="tests.runtime.test_debug_presenter.TestPresentDebugPanel" name="test_present_debug_panel_with_degradation_markers" time="0.102" /><testcase classname="tests.runtime.test_debug_presenter.TestPresentDebugPanel" name="test_present_debug_panel_with_session_history" time="0.106" /><testcase classname="tests.runtime.test_debug_presenter.TestPresentDebugPanel" name="test_present_debug_panel_determinism" time="0.103" /><testcase classname="tests.runtime.test_debug_presenter_sections.TestDegradationMarkerValues" name="test_degradation_marker_values_with_active_markers" time="0.106" /><testcase classname="tests.runtime.test_debug_presenter_sections.TestDegradationMarkerValues" name="test_degradation_marker_values_no_degraded_state" time="0.104" /><testcase classname="tests.runtime.test_debug_presenter_sections.TestDegradationMarkerValues" name="test_degradation_marker_values_empty_markers" time="0.102" /><testcase classname="tests.runtime.test_debug_presenter_sections.TestDegradationMarkerValues" name="test_degradation_marker_values_empty_markers_list" time="0.103" /><testcase classname="tests.runtime.test_debug_presenter_sections.TestEmptyShortTermPanelOutput" name="test_empty_short_term_panel_output_creation" time="0.457" /><testcase classname="tests.runtime.test_debug_presenter_sections.TestEmptyShortTermPanelOutput" name="test_empty_short_term_panel_output_no_markers" time="0.103" /><testcase classname="tests.runtime.test_debug_presenter_sections.TestEmptyShortTermPanelOutput" name="test_empty_short_term_panel_output_created_at_is_datetime" time="0.103" /><testcase classname="tests.runtime.test_debug_presenter_sections.TestPrimaryDiagnosticFromShortTerm" name="test_primary_diagnostic_from_short_term_complete" time="0.105" /><testcase classname="tests.runtime.test_debug_presenter_sections.TestPrimaryDiagnosticFromShortTerm" name="test_primary_diagnostic_from_short_term_missing_attributes" time="0.104" /><testcase classname="tests.runtime.test_debug_presenter_sections.TestPrimaryDiagnosticFromShortTerm" name="test_primary_diagnostic_from_short_term_no_conflict_pressure" time="0.103" /><testcase classname="tests.runtime.test_debug_presenter_sections.TestPrimaryDiagnosticFromShortTerm" name="test_primary_diagnostic_from_short_term_large_target_list" time="0.102" /><testcase classname="tests.runtime.test_debug_presenter_sections.TestRecentPatternFromHistory" name="test_recent_pattern_from_history_with_entries" time="0.102" /><testcase classname="tests.runtime.test_debug_presenter_sections.TestRecentPatternFromHistory" name="test_recent_pattern_from_history_more_than_5_entries" time="0.103" /><testcase classname="tests.runtime.test_debug_presenter_sections.TestRecentPatternFromHistory" name="test_recent_pattern_from_history_exactly_5_entries" time="0.105" /><testcase classname="tests.runtime.test_debug_presenter_sections.TestRecentPatternFromHistory" name="test_recent_pattern_from_history_none_history" time="0.101" /><testcase classname="tests.runtime.test_debug_presenter_sections.TestRecentPatternFromHistory" name="test_recent_pattern_from_history_no_entries" time="0.481" /><testcase classname="tests.runtime.test_debug_presenter_sections.TestRecentPatternFromHistory" name="test_recent_pattern_from_history_empty_entries" time="0.102" /><testcase classname="tests.runtime.test_debug_presenter_sections.TestFullDiagnosticsFromShortTerm" name="test_full_diagnostics_from_short_term_complete" time="0.102" /><testcase classname="tests.runtime.test_debug_presenter_sections.TestFullDiagnosticsFromShortTerm" name="test_full_diagnostics_none_short_term" time="0.102" /><testcase classname="tests.runtime.test_debug_presenter_sections.TestFullDiagnosticsFromShortTerm" name="test_full_diagnostics_no_execution_result_full" time="0.103" /><testcase classname="tests.runtime.test_debug_presenter_sections.TestFullDiagnosticsFromShortTerm" name="test_full_diagnostics_with_fallback_degradation" time="0.104" /><testcase classname="tests.runtime.test_debug_presenter_sections.TestFullDiagnosticsFromShortTerm" name="test_full_diagnostics_with_reduced_context_degradation" time="0.106" /><testcase classname="tests.runtime.test_debug_presenter_sections.TestFullDiagnosticsFromShortTerm" name="test_full_diagnostics_with_retry_exhausted_degradation" time="0.103" /><testcase classname="tests.runtime.test_debug_presenter_sections.TestFullDiagnosticsFromShortTerm" name="test_full_diagnostics_truncates_lists" time="0.106" /><testcase classname="tests.runtime.test_debug_presenter_sections.TestFullDiagnosticsFromShortTerm" name="test_full_diagnostics_non_dict_ai_log" time="0.102" /><testcase classname="tests.runtime.test_debug_presenter_sections.TestFullDiagnosticsFromShortTerm" name="test_full_diagnostics_non_dict_execution_result" time="0.466" /><testcase classname="tests.runtime.test_debug_presenter_sections.TestFullDiagnosticsFromShortTerm" name="test_full_diagnostics_degraded_state_no_markers" time="0.107" /><testcase classname="tests.runtime.test_debug_presenter_sections.TestFullDiagnosticsFromShortTerm" name="test_full_diagnostics_marker_without_value_attribute" time="0.102" /><testcase classname="tests.runtime.test_decision_policy.TestActionTypeEnum" name="test_all_action_types_defined" time="0.103" /><testcase classname="tests.runtime.test_decision_policy.TestActionTypeEnum" name="test_action_type_values_are_lowercase_snake_case" time="0.101" /><testcase classname="tests.runtime.test_decision_policy.TestActionTypeEnum" name="test_no_duplicate_action_types" time="0.102" /><testcase classname="tests.runtime.test_decision_policy.TestActionPolicy" name="test_allowed_actions_contain_all_types" time="0.101" /><testcase classname="tests.runtime.test_decision_policy.TestActionPolicy" name="test_is_action_type_allowed_accepts_valid_types" time="0.103" /><testcase classname="tests.runtime.test_decision_policy.TestActionPolicy" name="test_is_action_type_allowed_rejects_invalid_types" time="0.103" /><testcase classname="tests.runtime.test_decision_policy.TestActionTypeValidation" name="test_valid_action_types_pass" time="0.102" /><testcase classname="tests.runtime.test_decision_policy.TestActionTypeValidation" name="test_invalid_action_type_fails" time="0.455" /><testcase classname="tests.runtime.test_decision_policy.TestActionTypeValidation" name="test_empty_action_type_fails" time="0.101" /><testcase classname="tests.runtime.test_decision_policy.TestActionTypeValidation" name="test_error_message_lists_allowed_types" time="0.102" /><testcase classname="tests.runtime.test_decision_policy.TestActionStructureValidation" name="test_state_update_requires_target_path" time="0.102" /><testcase classname="tests.runtime.test_decision_policy.TestActionStructureValidation" name="test_state_update_requires_next_value" time="0.101" /><testcase classname="tests.runtime.test_decision_policy.TestActionStructureValidation" name="test_state_update_accepts_valid_structure" time="0.102" /><testcase classname="tests.runtime.test_decision_policy.TestActionStructureValidation" name="test_relationship_shift_requires_target_path_and_value" time="0.103" /><testcase classname="tests.runtime.test_decision_policy.TestActionStructureValidation" name="test_scene_transition_requires_scene_id" time="0.103" /><testcase classname="tests.runtime.test_decision_policy.TestActionStructureValidation" name="test_trigger_assertion_requires_trigger_ids" time="0.101" /><testcase classname="tests.runtime.test_decision_policy.TestActionStructureValidation" name="test_dialogue_impulse_requires_fields" time="0.101" /><testcase classname="tests.runtime.test_decision_policy.TestActionStructureValidation" name="test_conflict_signal_requires_intensity" time="0.103" /><testcase classname="tests.runtime.test_decision_policy.TestActionStructureValidation" name="test_conflict_signal_accepts_intensity_zero" time="0.485" /><testcase classname="tests.runtime.test_decision_policy.TestValidateActionStructureExtraBranches" name="test_invalid_action_type_string" time="0.102" /><testcase classname="tests.runtime.test_decision_policy.TestValidateActionStructureExtraBranches" name="test_relationship_shift_missing_target_path" time="0.101" /><testcase classname="tests.runtime.test_decision_policy.TestValidateActionStructureExtraBranches" name="test_trigger_assertion_passes_with_triggers_on_stub_module" time="0.105" /><testcase classname="tests.runtime.test_decision_policy.TestValidateActionStructureExtraBranches" name="test_dialogue_impulse_valid_with_god_of_carnage_module" time="0.133" /><testcase classname="tests.runtime.test_decision_policy.TestValidateActionStructureExtraBranches" name="test_dialogue_impulse_missing_impulse_text_after_character_ok" time="0.134" /><testcase classname="tests.runtime.test_decision_policy.TestValidateActionStructureExtraBranches" name="test_trigger_assertion_one_invalid_among_ids" time="0.103" /><testcase classname="tests.runtime.test_decision_policy.TestGetActionDescription" name="test_unknown_action_type_message" time="0.104" /><testcase classname="tests.runtime.test_decision_policy.TestGetActionDescription" name="test_known_type_uses_doc_or_fallback" time="0.103" /><testcase classname="tests.runtime.test_event_log.TestRuntimeEventLogConstruction" name="test_init_with_session_id_only" time="0.103" /><testcase classname="tests.runtime.test_event_log.TestRuntimeEventLogConstruction" name="test_init_with_turn_number" time="0.455" /><testcase classname="tests.runtime.test_event_log.TestRuntimeEventLogConstruction" name="test_count_starts_at_zero" time="0.104" /><testcase classname="tests.runtime.test_event_log.TestRuntimeEventLogLog" name="test_log_creates_entry" time="0.103" /><testcase classname="tests.runtime.test_event_log.TestRuntimeEventLogLog" name="test_log_assigns_order_index_zero_first" time="0.102" /><testcase classname="tests.runtime.test_event_log.TestRuntimeEventLogLog" name="test_log_increments_order_index" time="0.101" /><testcase classname="tests.runtime.test_event_log.TestRuntimeEventLogLog" name="test_log_injects_session_id" time="0.104" /><testcase classname="tests.runtime.test_event_log.TestRuntimeEventLogLog" name="test_log_injects_turn_number" time="0.106" /><testcase classname="tests.runtime.test_event_log.TestRuntimeEventLogLog" name="test_log_none_turn_number_on_session_log" time="0.103" /><testcase classname="tests.runtime.test_event_log.TestRuntimeEventLogLog" name="test_log_empty_payload_default" time="0.100" /><testcase classname="tests.runtime.test_event_log.TestRuntimeEventLogLog" name="test_log_with_payload" time="0.100" /><testcase classname="tests.runtime.test_event_log.TestRuntimeEventLogLog" name="test_log_increments_count" time="0.102" /><testcase classname="tests.runtime.test_event_log.TestRuntimeEventLogLog" name="test_log_entry_has_occurred_at" time="0.463" /><testcase classname="tests.runtime.test_event_log.TestRuntimeEventLogFlush" name="test_flush_returns_entries_in_order" time="0.102" /><testcase classname="tests.runtime.test_event_log.TestRuntimeEventLogFlush" name="test_flush_resets_counter" time="0.104" /><testcase classname="tests.runtime.test_event_log.TestRuntimeEventLogFlush" name="test_flush_resets_entries" time="0.102" /><testcase classname="tests.runtime.test_event_log.TestRuntimeEventLogFlush" name="test_flush_on_empty_returns_empty_list" time="0.102" /><testcase classname="tests.runtime.test_event_log.TestRuntimeEventLogFlush" name="test_flush_twice_returns_empty_on_second" time="0.103" /><testcase classname="tests.runtime.test_event_log.TestRuntimeEventLogIsolation" name="test_two_instances_are_independent" time="0.102" /><testcase classname="tests.runtime.test_helper_functions" name="test_compress_context_for_llm_reduces_character_list" time="0.103" /><testcase classname="tests.runtime.test_helper_functions" name="test_extract_active_triggers_finds_trigger_rules" time="0.103" /><testcase classname="tests.runtime.test_helper_functions" name="test_normalize_proposed_deltas_fixes_structural_issues" time="0.103" /><testcase classname="tests.runtime.test_helper_functions" name="test_precheck_guard_routing_validates_before_guard" time="0.463" /><testcase classname="tests.runtime.test_history_presenter.TestHistorySummary" name="test_history_summary_creation" time="0.104" /><testcase classname="tests.runtime.test_history_presenter.TestHistorySummary" name="test_history_summary_with_optional_fields" time="0.103" /><testcase classname="tests.runtime.test_history_presenter.TestHistorySummary" name="test_history_summary_default_values" time="0.103" /><testcase classname="tests.runtime.test_history_presenter.TestRecentHistoryEntry" name="test_recent_history_entry_creation" time="0.103" /><testcase classname="tests.runtime.test_history_presenter.TestRecentHistoryEntry" name="test_recent_history_entry_with_optional_fields" time="0.102" /><testcase classname="tests.runtime.test_history_presenter.TestRecentHistoryEntry" name="test_recent_history_entry_default_triggers" time="0.102" /><testcase classname="tests.runtime.test_history_presenter.TestHistoryPanelOutput" name="test_history_panel_output_creation" time="0.102" /><testcase classname="tests.runtime.test_history_presenter.TestHistoryPanelOutput" name="test_history_panel_output_with_entries" time="0.101" /><testcase classname="tests.runtime.test_history_presenter.TestPresentHistoryPanel" name="test_present_history_panel_empty_session" time="0.100" /><testcase classname="tests.runtime.test_history_presenter.TestPresentHistoryPanel" name="test_present_history_panel_with_progression" time="0.103" /><testcase classname="tests.runtime.test_history_presenter.TestPresentHistoryPanel" name="test_present_history_panel_with_history_entries" time="0.472" /><testcase classname="tests.runtime.test_history_presenter.TestPresentHistoryPanel" name="test_present_history_panel_truncates_to_20_entries" time="0.103" /><testcase classname="tests.runtime.test_history_presenter.TestPresentHistoryPanel" name="test_present_history_panel_with_progression_and_history" time="0.103" /><testcase classname="tests.runtime.test_history_presenter.TestPresentHistoryPanel" name="test_present_history_panel_with_ending" time="0.101" /><testcase classname="tests.runtime.test_history_presenter.TestPresentHistoryPanel" name="test_present_history_panel_determinism" time="0.101" /><testcase classname="tests.runtime.test_input_interpreter" name="test_pure_dialogue_quoted_and_speech_verb" time="0.100" /><testcase classname="tests.runtime.test_input_interpreter" name="test_pure_action_first_person" time="0.103" /><testcase classname="tests.runtime.test_input_interpreter" name="test_pure_reaction_flinch" time="0.103" /><testcase classname="tests.runtime.test_input_interpreter" name="test_pure_reaction_sigh" time="0.100" /><testcase classname="tests.runtime.test_input_interpreter" name="test_mixed_dialogue_reaction_action" time="0.100" /><testcase classname="tests.runtime.test_input_interpreter" name="test_ambiguous_short_utterance_fine" time="0.464" /><testcase classname="tests.runtime.test_input_interpreter" name="test_empty_and_whitespace_silence" time="0.132" /><testcase classname="tests.runtime.test_input_interpreter" name="test_punctuation_only_silence" time="0.122" /><testcase classname="tests.runtime.test_input_interpreter" name="test_parser_version_stable" time="0.116" /><testcase classname="tests.runtime.test_input_interpreter" name="test_raw_text_preserved" time="0.115" /><testcase classname="tests.runtime.test_input_interpreter" name="test_chained_actions_step_take_sit" time="0.111" /><testcase classname="tests.runtime.test_input_interpreter" name="test_dialogue_lead_in_with_chained_step_back" time="0.112" /><testcase classname="tests.runtime.test_input_interpreter" name="test_reaction_nod_and_chained_walk" time="0.113" /><testcase classname="tests.runtime.test_lore_direction_context.TestModuleGuidanceUnitSelection" name="test_scene_guidance_selected_for_current_scene" time="0.111" /><testcase classname="tests.runtime.test_lore_direction_context.TestModuleGuidanceUnitSelection" name="test_character_guidance_selected_for_recent_characters" time="0.114" /><testcase classname="tests.runtime.test_lore_direction_context.TestModuleGuidanceUnitSelection" name="test_trigger_guidance_selected_for_recent_triggers" time="0.295" /><testcase classname="tests.runtime.test_lore_direction_context.TestLoreDirectionContextBounds" name="test_selected_units_bounded_to_15" time="0.113" /><testcase classname="tests.runtime.test_lore_direction_context.TestLoreDirectionContextBounds" name="test_irrelevant_content_excluded" time="0.116" /><testcase classname="tests.runtime.test_lore_direction_context.TestLoreDirectionContextSelection" name="test_same_situation_produces_same_context" time="0.116" /><testcase classname="tests.runtime.test_lore_direction_context.TestLoreDirectionContextInfluence" name="test_progression_influences_guidance" time="0.117" /><testcase classname="tests.runtime.test_lore_direction_context.TestLoreDirectionContextInfluence" name="test_relationship_context_influences_guidance" time="0.117" /><testcase classname="tests.runtime.test_lore_direction_context.TestLoreDirectionContextDistinctness" name="test_not_raw_module_dump" time="0.117" /><testcase classname="tests.runtime.test_lore_direction_context.TestLoreDirectionContextDistinctness" name="test_metadata_present_for_clarity" time="0.117" /><testcase classname="tests.runtime.test_lore_direction_context.TestLoreDirectionContextEndingHandling" name="test_ending_guidance_selected_when_reached" time="0.116" /><testcase classname="tests.runtime.test_mcp_enrichment" name="test_mock_mode_does_not_call_mcp" time="0.149" /><testcase classname="tests.runtime.test_mcp_enrichment" name="test_ai_mode_with_enrichment_enabled_calls_preflight" time="0.151"><failure message="AttributeError: 'SuccessMockMCPClient' object has no attribute 'call_tool_strict'">tests\runtime\test_mcp_enrichment.py:134: in test_ai_mode_with_enrichment_enabled_calls_preflight
    enrichment = build_mcp_enrichment(
app\mcp_client\enrichment.py:62: in build_mcp_enrichment
    result = client.call_tool_strict(tool_name, {"session_id": session_id}, timeout_seconds=timeout_seconds)
             ^^^^^^^^^^^^^^^^^^^^^^^
E   AttributeError: 'SuccessMockMCPClient' object has no attribute 'call_tool_strict'</failure></testcase></testsuite></testsuites>