<?xml version="1.0" encoding="utf-8"?><testsuites name="pytest tests"><testsuite name="pytest" errors="1" failures="0" skipped="0" tests="1" time="23.817" timestamp="2026-04-11T14:44:34.903618+02:00" hostname="Hollywood"><testcase classname="" name="tests.runtime.test_runtime_manager_engine" time="0.000"><error message="collection failure">ImportError while importing test module '/mnt/c/Users/YvesT/PycharmProjects/WorldOfShadows/backend/tests/runtime/test_runtime_manager_engine.py'.
Hint: make sure your test modules/packages have valid Python names.
Traceback:
/home/heldofthewelt/.local/lib/python3.10/site-packages/_pytest/python.py:498: in importtestmodule
    mod = import_path(
/home/heldofthewelt/.local/lib/python3.10/site-packages/_pytest/pathlib.py:587: in import_path
    importlib.import_module(module_name)
/usr/lib/python3.10/importlib/__init__.py:126: in import_module
    return _bootstrap._gcd_import(name[level:], package, level)
&lt;frozen importlib._bootstrap&gt;:1050: in _gcd_import
    ???
&lt;frozen importlib._bootstrap&gt;:1027: in _find_and_load
    ???
&lt;frozen importlib._bootstrap&gt;:1006: in _find_and_load_unlocked
    ???
&lt;frozen importlib._bootstrap&gt;:688: in _load_unlocked
    ???
/home/heldofthewelt/.local/lib/python3.10/site-packages/_pytest/assertion/rewrite.py:186: in exec_module
    exec(co, module.__dict__)
tests/runtime/test_runtime_manager_engine.py:14: in &lt;module&gt;
    from app.runtime.manager import RuntimeManager
app/runtime/manager.py:19: in &lt;module&gt;
    from app.config import RUN_STORE_BACKEND, RUN_STORE_URL
E   ImportError: cannot import name 'RUN_STORE_BACKEND' from 'app.config' (/mnt/c/Users/YvesT/PycharmProjects/WorldOfShadows/backend/app/config/__init__.py)</error></testcase></testsuite></testsuites>