<?xml version="1.0" encoding="utf-8"?><testsuites name="pytest tests"><testsuite name="pytest" errors="0" failures="0" skipped="0" tests="58" time="77.932" timestamp="2026-04-06T00:36:25.729564+02:00" hostname="Hollywood"><testcase classname="tests.writers_room.test_writers_room_model_routing.TestCostClass" name="test_cost_class_low_for_none_and_low_raw" time="0.132" /><testcase classname="tests.writers_room.test_writers_room_model_routing.TestCostClass" name="test_cost_class_high_for_high_raw" time="0.076" /><testcase classname="tests.writers_room.test_writers_room_model_routing.TestCostClass" name="test_cost_class_medium_for_unknown_raw" time="0.072" /><testcase classname="tests.writers_room.test_writers_room_model_routing.TestLatencyClass" name="test_latency_class_low_for_very_low" time="0.071" /><testcase classname="tests.writers_room.test_writers_room_model_routing.TestLatencyClass" name="test_latency_class_high_for_high" time="0.084" /><testcase classname="tests.writers_room.test_writers_room_model_routing.TestLatencyClass" name="test_latency_class_medium_for_unknown" time="0.079" /><testcase classname="tests.writers_room.test_writers_room_model_routing.TestTaskKindsForUseCases" name="test_task_kinds_for_empty_use_cases_returns_fallback" time="0.077" /><testcase classname="tests.writers_room.test_writers_room_model_routing.TestTaskKindsForUseCases" name="test_task_kinds_for_narrative_formulation_adds_revision_synthesis" time="0.077" /><testcase classname="tests.writers_room.test_writers_room_model_routing.TestTaskKindsForUseCases" name="test_task_kinds_for_scene_direction_adds_revision_synthesis" time="0.073" /><testcase classname="tests.writers_room.test_writers_room_model_routing.TestTaskKindsForUseCases" name="test_task_kinds_for_synthesis_use_case" time="0.070" /><testcase classname="tests.writers_room.test_writers_room_model_routing.TestTaskKindsForUseCases" name="test_task_kinds_for_multiple_mapped_use_cases" time="0.206" /><testcase classname="tests.writers_room.test_writers_room_model_routing.TestTaskKindsForUseCases" name="test_task_kinds_for_mock_provider_returns_all_task_kinds" time="0.078" /><testcase classname="tests.writers_room.test_writers_room_model_routing.TestModelSpecToAdapterModelSpec" name="test_model_spec_to_adapter_model_spec_openai_llm_premium_tier" time="0.096" /><testcase classname="tests.writers_room.test_writers_room_model_routing.TestModelSpecToAdapterModelSpec" name="test_model_spec_to_adapter_model_spec_slm_light_tier" time="0.089" /><testcase classname="tests.writers_room.test_writers_room_model_routing.TestModelSpecToAdapterModelSpec" name="test_model_spec_to_adapter_model_spec_other_llm_standard_tier" time="0.106" /><testcase classname="tests.writers_room.test_writers_room_model_routing.TestModelSpecToAdapterModelSpec" name="test_model_spec_to_adapter_model_spec_structured_output_reliability" time="0.090" /><testcase classname="tests.writers_room.test_writers_room_model_routing.TestModelSpecToAdapterModelSpec" name="test_model_spec_to_adapter_model_spec_degrade_targets_for_openai" time="0.102" /><testcase classname="tests.writers_room.test_writers_room_model_routing.TestModelSpecToAdapterModelSpec" name="test_model_spec_to_adapter_model_spec_degrade_targets_for_ollama" time="0.096" /><testcase classname="tests.writers_room.test_writers_room_model_routing.TestModelSpecToAdapterModelSpec" name="test_model_spec_to_adapter_model_spec_mock_provider_gets_all_task_kinds" time="0.108" /><testcase classname="tests.writers_room.test_writers_room_model_routing.TestModelSpecToAdapterModelSpec" name="test_model_spec_to_adapter_model_spec_cost_and_latency_classes" time="0.094" /><testcase classname="tests.writers_room.test_writers_room_model_routing.TestModelSpecToAdapterModelSpec" name="test_model_spec_to_adapter_model_spec_metadata_includes_source" time="0.091" /><testcase classname="tests.writers_room.test_writers_room_model_routing.TestBuildWritersRoomModelRouteSpecs" name="test_build_writers_room_model_route_specs_with_stub_registry_produces_specs" time="0.092" /><testcase classname="tests.writers_room.test_writers_room_model_routing.TestBuildWritersRoomModelRouteSpecs" name="test_build_writers_room_model_route_specs_empty_registry_produces_empty_list" time="0.095" /><testcase classname="tests.writers_room.test_writers_room_model_routing.TestBuildWritersRoomModelRouteSpecs" name="test_build_writers_room_model_route_specs_degrade_flag_for_ollama" time="0.098" /><testcase classname="tests.writers_room.test_writers_room_routes" name="test_writers_room_review_requires_jwt" time="0.104" /><testcase classname="tests.writers_room.test_writers_room_routes" name="test_writers_room_unified_review_calls_context_retriever_once" time="32.062" /><testcase classname="tests.writers_room.test_writers_room_routes" name="test_writers_room_review_runs_unified_stack_flow" time="30.417" /><testcase classname="tests.writers_room.test_writers_room_routes" name="test_writers_room_patch_candidates_have_preview_summary_and_confidence" time="0.824" /><testcase classname="tests.writers_room.test_writers_room_routes" name="test_proposal_package_langchain_preview_paths_materialized" time="0.718" /><testcase classname="tests.writers_room.test_writers_room_routes" name="test_revision_submit_preserves_prior_snapshot_and_refreshes_artifacts" time="1.199" /><testcase classname="tests.writers_room.test_writers_room_routes" name="test_revision_submit_rejected_when_not_pending_revision" time="0.740" /><testcase classname="tests.writers_room.test_writers_room_routes" name="test_writers_room_review_state_transition_and_fetch" time="0.802" /><testcase classname="tests.writers_room.test_writers_room_routes" name="test_writers_room_retrieval_sources_materially_change_proposal_artifacts" time="1.175" /><testcase classname="tests.writers_room.test_writers_room_routes" name="test_writers_room_review_bundle_tool_output_in_review_summary" time="1.295" /><testcase classname="tests.writers_room.test_writers_room_routes" name="test_writers_room_revise_then_accept_hitl_loop" time="0.778" /><testcase classname="tests.writers_room.test_writers_room_routes" name="test_writers_room_invalid_decision_rejected[]" time="0.799" /><testcase classname="tests.writers_room.test_writers_room_routes" name="test_writers_room_invalid_decision_rejected[maybe]" time="0.765" /><testcase classname="tests.writers_room.test_writers_room_routes" name="test_writers_room_invalid_decision_rejected[approve]" time="0.776" /><testcase classname="tests.writers_room.test_writers_room_routes" name="test_writers_room_cannot_finalize_twice" time="1.026" /><testcase classname="tests.writers_room.test_writers_room_routes" name="test_post_review_missing_module_id_validation" time="0.268" /><testcase classname="tests.writers_room.test_writers_room_routes" name="test_post_review_missing_module_id_returns_400" time="0.260" /><testcase classname="tests.writers_room.test_writers_room_unit.TestNormWrAdapter" name="test_norm_wr_adapter_strips_and_lowercases" time="0.080" /><testcase classname="tests.writers_room.test_writers_room_unit.TestNormWrAdapter" name="test_norm_wr_adapter_handles_none" time="0.080" /><testcase classname="tests.writers_room.test_writers_room_unit.TestContextFingerprint" name="test_context_fingerprint_is_deterministic" time="0.081" /><testcase classname="tests.writers_room.test_writers_room_unit.TestContextFingerprint" name="test_context_fingerprint_truncates_to_max_bytes" time="0.089" /><testcase classname="tests.writers_room.test_writers_room_unit.TestContextFingerprint" name="test_context_fingerprint_handles_unicode" time="0.086" /><testcase classname="tests.writers_room.test_writers_room_unit.TestWorkflowStageIds" name="test_workflow_stage_ids_extracts_ids" time="0.080" /><testcase classname="tests.writers_room.test_writers_room_unit.TestWorkflowStageIds" name="test_workflow_stage_ids_ignores_non_dict_entries" time="0.074" /><testcase classname="tests.writers_room.test_writers_room_unit.TestWorkflowStageIds" name="test_workflow_stage_ids_empty_list" time="0.084" /><testcase classname="tests.writers_room.test_writers_room_unit.TestAppendWorkflowStage" name="test_append_workflow_stage_adds_entry_with_timestamp" time="0.079" /><testcase classname="tests.writers_room.test_writers_room_unit.TestAppendWorkflowStage" name="test_append_workflow_stage_includes_artifact_key_when_given" time="0.075" /><testcase classname="tests.writers_room.test_writers_room_unit.TestAppendWorkflowStage" name="test_append_workflow_stage_omits_artifact_key_when_not_given" time="0.076" /><testcase classname="tests.writers_room.test_writers_room_unit.TestLangchainPreviewDocuments" name="test_langchain_preview_documents_from_context_pack_happy_path" time="0.076" /><testcase classname="tests.writers_room.test_writers_room_unit.TestLangchainPreviewDocuments" name="test_langchain_preview_documents_from_context_pack_no_sources_returns_empty" time="0.076" /><testcase classname="tests.writers_room.test_writers_room_unit.TestLangchainPreviewDocuments" name="test_langchain_preview_documents_from_context_pack_skips_empty_rows" time="0.090" /><testcase classname="tests.writers_room.test_writers_room_unit.TestLangchainPreviewDocuments" name="test_langchain_preview_documents_from_context_pack_limits_to_max_chunks" time="0.075" /><testcase classname="tests.writers_room.test_writers_room_unit.TestWritersRoomStoreIntegration" name="test_writers_room_store_write_and_read_review" time="0.297" /><testcase classname="tests.writers_room.test_writers_room_unit.TestWritersRoomStoreIntegration" name="test_writers_room_store_read_raises_file_not_found" time="0.081" /></testsuite></testsuites>