<?xml version="1.0" encoding="utf-8"?><testsuites name="pytest tests"><testsuite name="pytest" errors="0" failures="0" skipped="0" tests="83" time="24.316" timestamp="2026-04-11T01:46:38.994298+02:00" hostname="Hollywood"><testcase classname="tests.test_database_content_models.TestNewsModels" name="test_news_article_translation_unique_constraints_are_enforced" time="0.349" /><testcase classname="tests.test_database_content_models.TestNewsModels" name="test_news_article_delete_cascades_translations_and_related_threads" time="0.449" /><testcase classname="tests.test_database_content_models.TestNewsModels" name="test_news_article_forum_thread_link_is_unique_per_pair" time="0.377" /><testcase classname="tests.test_database_content_models.TestNewsModels" name="test_deleting_discussion_thread_sets_news_article_discussion_thread_to_null" time="0.388" /><testcase classname="tests.test_database_content_models.TestWikiModels" name="test_wiki_page_translation_unique_constraints_are_enforced" time="0.179" /><testcase classname="tests.test_database_content_models.TestWikiModels" name="test_wiki_page_delete_cascades_translations_and_related_threads" time="0.267" /><testcase classname="tests.test_database_content_models.TestWikiModels" name="test_wiki_page_forum_thread_link_is_unique_per_pair" time="0.407" /><testcase classname="tests.test_database_content_models.TestWikiModels" name="test_deleting_discussion_thread_sets_wiki_page_discussion_thread_to_null" time="0.266" /><testcase classname="tests.test_database_forum_models.TestForumCategoryAndThreadModels" name="test_forum_category_slug_must_be_unique" time="0.168" /><testcase classname="tests.test_database_forum_models.TestForumCategoryAndThreadModels" name="test_forum_category_parent_relationship_roundtrip" time="0.168" /><testcase classname="tests.test_database_forum_models.TestForumCategoryAndThreadModels" name="test_forum_thread_requires_category_and_unique_slug" time="0.256" /><testcase classname="tests.test_database_forum_models.TestForumCategoryAndThreadModels" name="test_forum_thread_to_dict_contains_counters_and_flags" time="0.272" /><testcase classname="tests.test_database_forum_models.TestForumPostModels" name="test_forum_post_parent_and_editor_relationships_roundtrip" time="0.660" /><testcase classname="tests.test_database_forum_models.TestForumPostModels" name="test_forum_post_to_dict_exposes_author_username" time="0.358" /><testcase classname="tests.test_database_forum_models.TestForumPostModels" name="test_deleting_thread_cascades_posts" time="0.425" /><testcase classname="tests.test_database_forum_models.TestForumInteractionTables" name="test_forum_post_like_unique_per_post_and_user" time="0.429" /><testcase classname="tests.test_database_forum_models.TestForumInteractionTables" name="test_forum_post_delete_cascades_post_likes" time="0.446" /><testcase classname="tests.test_database_forum_models.TestForumInteractionTables" name="test_thread_subscription_unique_per_thread_and_user" time="0.374" /><testcase classname="tests.test_database_forum_models.TestForumInteractionTables" name="test_thread_bookmark_unique_per_thread_and_user" time="0.402" /><testcase classname="tests.test_database_forum_models.TestForumInteractionTables" name="test_thread_delete_cascades_subscriptions_and_bookmarks" time="0.580" /><testcase classname="tests.test_database_forum_models.TestForumInteractionTables" name="test_forum_tag_unique_slug_and_thread_tag_unique_pair" time="0.252" /><testcase classname="tests.test_database_forum_models.TestForumInteractionTables" name="test_thread_delete_cascades_thread_tags" time="0.312" /><testcase classname="tests.test_database_forum_models.TestModeratorAssignments" name="test_moderator_assignment_unique_per_user_and_category" time="0.374" /><testcase classname="tests.test_database_forum_models.TestModeratorAssignments" name="test_moderator_assignment_to_dict_exposes_assignment_data" time="0.356" /><testcase classname="tests.test_database_forum_models.TestModeratorAssignments" name="test_deleting_category_cascades_moderator_assignments" time="0.308" /><testcase classname="tests.test_database_game_and_misc_models.TestGameCharacterModel" name="test_game_character_defaults_and_to_dict" time="0.289" /><testcase classname="tests.test_database_game_and_misc_models.TestGameCharacterModel" name="test_deleting_user_cascades_game_characters" time="0.270" /><testcase classname="tests.test_database_game_and_misc_models.TestGameSaveSlotModel" name="test_game_save_slot_unique_per_user_and_slot_key" time="0.269" /><testcase classname="tests.test_database_game_and_misc_models.TestGameSaveSlotModel" name="test_game_save_slot_to_dict_maps_metadata_json_to_metadata" time="0.257" /><testcase classname="tests.test_database_game_and_misc_models.TestGameSaveSlotModel" name="test_deleting_user_cascades_game_save_slots" time="0.274" /><testcase classname="tests.test_database_game_and_misc_models.TestGameSaveSlotModel" name="test_deleting_character_sets_save_slot_character_id_to_null" time="0.333" /><testcase classname="tests.test_database_game_and_misc_models.TestGameExperienceTemplateModel" name="test_game_experience_template_defaults_and_to_dict" time="0.331" /><testcase classname="tests.test_database_game_and_misc_models.TestGameExperienceTemplateModel" name="test_game_experience_template_requires_unique_template_id_and_slug" time="0.453" /><testcase classname="tests.test_database_migrations_and_files.TestMigrationAndModelFiles" name="test_alembic_files_exist" time="0.001" /><testcase classname="tests.test_database_migrations_and_files.TestMigrationAndModelFiles" name="test_alembic_ini_contains_required_core_settings" time="0.001" /><testcase classname="tests.test_database_migrations_and_files.TestMigrationAndModelFiles" name="test_repository_contains_real_migration_version_files" time="0.002" /><testcase classname="tests.test_database_migrations_and_files.TestMigrationAndModelFiles" name="test_migration_files_are_parseable_python" time="0.021" /><testcase classname="tests.test_database_migrations_and_files.TestMigrationAndModelFiles" name="test_each_migration_file_defines_revision_and_upgrade_downgrade" time="0.023" /><testcase classname="tests.test_database_migrations_and_files.TestMigrationAndModelFiles" name="test_migration_revisions_are_unique" time="0.016" /><testcase classname="tests.test_database_migrations_and_files.TestMigrationAndModelFiles" name="test_migration_chain_mentions_current_major_tables" time="0.005" /><testcase classname="tests.test_database_migrations_and_files.TestMigrationAndModelFiles" name="test_model_files_are_parseable_python" time="0.010" /><testcase classname="tests.test_database_migrations_and_files.TestMigrationAndModelFiles" name="test_model_registry_exports_current_database_models" time="0.001" /><testcase classname="tests.test_database_schema_contract.TestDatabaseSchemaContract" name="test_all_expected_tables_exist" time="0.159" /><testcase classname="tests.test_database_schema_contract.TestDatabaseSchemaContract" name="test_core_tables_expose_expected_columns" time="0.165" /><testcase classname="tests.test_database_schema_contract.TestDatabaseSchemaContract" name="test_not_nullable_columns_match_contract" time="0.189" /><testcase classname="tests.test_database_schema_contract.TestDatabaseSchemaContract" name="test_foreign_keys_cover_expected_relationships" time="0.169" /><testcase classname="tests.test_database_schema_contract.TestDatabaseSchemaContract" name="test_mutable_tables_have_timestamp_columns" time="0.178" /><testcase classname="tests.test_database_schema_contract.TestDatabaseSchemaContract" name="test_join_and_lookup_tables_have_primary_keys" time="0.170" /><testcase classname="tests.test_database_schema_contract.TestDatabaseSchemaContract" name="test_indexed_lookup_columns_exist_on_query_heavy_tables" time="0.187" /><testcase classname="tests.test_database_seed_and_core_models.TestSeedData" name="test_default_roles_are_seeded_and_idempotent" time="0.157" /><testcase classname="tests.test_database_seed_and_core_models.TestSeedData" name="test_default_areas_are_seeded_and_idempotent" time="0.167" /><testcase classname="tests.test_database_seed_and_core_models.TestRoleAreaAndFeatureModels" name="test_role_to_dict_contains_non_null_fields_only" time="0.001" /><testcase classname="tests.test_database_seed_and_core_models.TestRoleAreaAndFeatureModels" name="test_area_global_flag_and_to_dict" time="0.184" /><testcase classname="tests.test_database_seed_and_core_models.TestRoleAreaAndFeatureModels" name="test_user_can_be_assigned_multiple_areas" time="0.271" /><testcase classname="tests.test_database_seed_and_core_models.TestRoleAreaAndFeatureModels" name="test_feature_area_duplicate_pair_is_rejected" time="0.185" /><testcase classname="tests.test_database_seed_and_core_models.TestRoleAreaAndFeatureModels" name="test_deleting_area_cascades_feature_area_links" time="0.530" /><testcase classname="tests.test_database_seed_and_core_models.TestUserModel" name="test_user_requires_unique_username" time="0.481" /><testcase classname="tests.test_database_seed_and_core_models.TestUserModel" name="test_user_requires_unique_email_when_present" time="0.326" /><testcase classname="tests.test_database_seed_and_core_models.TestUserModel" name="test_user_requires_role_id" time="0.283" /><testcase classname="tests.test_database_seed_and_core_models.TestUserModel" name="test_user_role_properties_and_permission_helpers" time="0.439" /><testcase classname="tests.test_database_seed_and_core_models.TestUserModel" name="test_user_to_dict_can_include_email_ban_and_areas" time="0.258" /><testcase classname="tests.test_database_seed_and_core_models.TestUserModel" name="test_password_history_helpers_roundtrip_and_limit_to_last_three" time="1.201" /><testcase classname="tests.test_database_seed_and_core_models.TestUserModel" name="test_password_history_table_cascades_on_user_delete" time="0.387" /><testcase classname="tests.test_database_seed_and_core_models.TestMiscDatabaseModels" name="test_activity_log_to_dict_maps_meta_to_metadata" time="0.255" /><testcase classname="tests.test_database_seed_and_core_models.TestMiscDatabaseModels" name="test_notification_to_dict_includes_read_state" time="0.266" /><testcase classname="tests.test_database_seed_and_core_models.TestMiscDatabaseModels" name="test_site_setting_acts_as_key_value_store" time="0.164" /><testcase classname="tests.test_database_seed_and_core_models.TestMiscDatabaseModels" name="test_slogan_to_dict_roundtrip" time="0.310" /><testcase classname="tests.test_database_token_models.TestPasswordResetTokenModel" name="test_password_reset_token_expires_after_configured_window" time="0.336" /><testcase classname="tests.test_database_token_models.TestPasswordResetTokenModel" name="test_password_reset_token_hash_must_be_unique" time="0.342" /><testcase classname="tests.test_database_token_models.TestEmailVerificationTokenModel" name="test_email_verification_token_usable_state_changes_with_flags_and_expiry" time="0.518" /><testcase classname="tests.test_database_token_models.TestEmailVerificationTokenModel" name="test_email_verification_token_hash_must_be_unique" time="0.338" /><testcase classname="tests.test_database_token_models.TestRefreshTokenModel" name="test_refresh_token_create_and_is_valid_roundtrip" time="0.345" /><testcase classname="tests.test_database_token_models.TestRefreshTokenModel" name="test_refresh_token_revoke_marks_token_invalid" time="0.337" /><testcase classname="tests.test_database_token_models.TestRefreshTokenModel" name="test_refresh_token_revoke_all_user_tokens_only_affects_open_tokens" time="0.410" /><testcase classname="tests.test_database_token_models.TestRefreshTokenModel" name="test_refresh_token_cleanup_expired_removes_expired_and_old_revoked" time="0.309" /><testcase classname="tests.test_database_token_models.TestRefreshTokenModel" name="test_refresh_token_unique_constraints_reject_duplicates" time="0.258" /><testcase classname="tests.test_database_token_models.TestTokenBlacklistModel" name="test_token_blacklist_add_and_lookup_roundtrip" time="0.282" /><testcase classname="tests.test_database_token_models.TestTokenBlacklistModel" name="test_token_blacklist_cleanup_expired_removes_only_expired_entries" time="0.327" /><testcase classname="tests.test_database_token_models.TestTokenBlacklistModel" name="test_token_blacklist_jti_must_be_unique" time="0.330" /><testcase classname="tests.test_database_upgrades.TestDatabaseUpgrades" name="test_schema_is_readable_after_create_all" time="0.166" /><testcase classname="tests.test_database_upgrades.TestDatabaseUpgrades" name="test_seeded_core_rows_exist" time="0.183" /><testcase classname="tests.test_database_upgrades.TestDatabaseUpgrades" name="test_schema_allows_basic_role_and_user_persistence" time="0.301" /><testcase classname="tests.test_database_upgrades.TestDatabaseUpgrades" name="test_integrity_error_rollback_keeps_session_usable" time="0.362" /></testsuite></testsuites>